#
# There is insufficient memory for the Java Runtime Environment to continue.
# Native memory allocation (mmap) failed to map 509607936 bytes for G1 virtual space
# Possible reasons:
#   The system is out of physical RAM or swap space
#   The process is running with CompressedOops enabled, and the Java Heap may be blocking the growth of the native heap
# Possible solutions:
#   Reduce memory load on the system
#   Increase physical memory or swap space
#   Check if swap backing store is full
#   Decrease Java heap size (-Xmx/-Xms)
#   Decrease number of Java threads
#   Decrease Java thread stack sizes (-Xss)
#   Set larger code cache with -XX:ReservedCodeCacheSize=
#   JVM is running with Unscaled Compressed Oops mode in which the Java heap is
#     placed in the first 4GB address space. The Java Heap base address is the
#     maximum limit for the native heap growth. Please use -XX:HeapBaseMinAddress
#     to set the Java Heap base and to place the Java Heap above 4GB virtual address.
# This output file may be truncated or incomplete.
#
#  Out of Memory Error (os_windows.cpp:3541), pid=9808, tid=8336
#
# JRE version: OpenJDK Runtime Environment Temurin-17.0.4.1+1 (17.0.4.1+1) (build 17.0.4.1+1)
# Java VM: OpenJDK 64-Bit Server VM Temurin-17.0.4.1+1 (17.0.4.1+1, mixed mode, emulated-client, tiered, compressed oops, compressed class ptrs, g1 gc, windows-amd64)
# No core dump will be written. Minidumps are not enabled by default on client versions of Windows
#

---------------  S U M M A R Y ------------

Command Line: -Dsts.lsp.client=vscode -Dsts.log.file=/dev/null -XX:TieredStopAtLevel=1 -Xlog:jni+resolve=off -Dspring.config.location=file:c:\Users\S_O_A\.vscode\extensions\pivotal.vscode-spring-boot-1.40.0\language-server\BOOT-INF\classes\application.properties org.springframework.ide.vscode.boot.app.BootLanguageServerBootApp

Host: Intel(R) Core(TM) i7-8550U CPU @ 1.80GHz, 8 cores, 7G,  Windows 10 , 64 bit Build 19041 (10.0.19041.1889)
Time: Thu Nov  3 17:00:16 2022 Hora est. Pacífico, Sudamérica elapsed time: 6.002104 seconds (0d 0h 0m 6s)

---------------  T H R E A D  ---------------

Current thread (0x000001cbec50ab90):  VMThread "VM Thread" [stack: 0x0000008318300000,0x0000008318400000] [id=8336]

Stack: [0x0000008318300000,0x0000008318400000]
Native frames: (J=compiled Java code, j=interpreted, Vv=VM code, C=native code)
V  [jvm.dll+0x67731a]
V  [jvm.dll+0x832284]
V  [jvm.dll+0x833a2e]
V  [jvm.dll+0x834093]
V  [jvm.dll+0x245775]
V  [jvm.dll+0x674209]
V  [jvm.dll+0x668a92]
V  [jvm.dll+0x30471b]
V  [jvm.dll+0x30bc66]
V  [jvm.dll+0x35ba9e]
V  [jvm.dll+0x35bccf]
V  [jvm.dll+0x2db5b8]
V  [jvm.dll+0x2d986c]
V  [jvm.dll+0x2d8e3c]
V  [jvm.dll+0x31cd9b]
V  [jvm.dll+0x83853b]
V  [jvm.dll+0x839274]
V  [jvm.dll+0x83978c]
V  [jvm.dll+0x839b64]
V  [jvm.dll+0x839c30]
V  [jvm.dll+0x7e240a]
V  [jvm.dll+0x6761a5]
C  [ucrtbase.dll+0x21bb2]
C  [KERNEL32.DLL+0x17034]
C  [ntdll.dll+0x526a1]

VM_Operation (0x000000831acfdd90): G1CollectForAllocation, mode: safepoint, requested by thread 0x000001cbee95d940


---------------  P R O C E S S  ---------------

Threads class SMR info:
_java_thread_list=0x000001cbed1d61c0, length=35, elements={
0x000001cbec520390, 0x000001cbec521110, 0x000001cbec5299b0, 0x000001cbec52c640,
0x000001cbed036420, 0x000001cbed037100, 0x000001cbed0381e0, 0x000001cbed045320,
0x000001cbed0a8400, 0x000001cbec4aa3c0, 0x000001cbec4aa8d0, 0x000001cbed24bc70,
0x000001cbed25e010, 0x000001cbeeb73a20, 0x000001cbeed9a980, 0x000001cbeedcb570,
0x000001cbdf155d60, 0x000001cbeedf0010, 0x000001cbeee2d800, 0x000001cbeee2bd80,
0x000001cbed1ff810, 0x000001cbee95adf0, 0x000001cbee95b790, 0x000001cbee95cad0,
0x000001cbee95bc60, 0x000001cbee95a450, 0x000001cbee959f80, 0x000001cbee95a920,
0x000001cbee95c600, 0x000001cbee95cfa0, 0x000001cbee95b2c0, 0x000001cbee95d470,
0x000001cbee95d940, 0x000001cbee95c130, 0x000001cbeefe0590
}

Java Threads: ( => current thread )
  0x000001cbec520390 JavaThread "Reference Handler" daemon [_thread_blocked, id=2068, stack(0x0000008318400000,0x0000008318500000)]
  0x000001cbec521110 JavaThread "Finalizer" daemon [_thread_blocked, id=868, stack(0x0000008318500000,0x0000008318600000)]
  0x000001cbec5299b0 JavaThread "Signal Dispatcher" daemon [_thread_blocked, id=3468, stack(0x0000008318600000,0x0000008318700000)]
  0x000001cbec52c640 JavaThread "Attach Listener" daemon [_thread_blocked, id=11724, stack(0x0000008318700000,0x0000008318800000)]
  0x000001cbed036420 JavaThread "Service Thread" daemon [_thread_blocked, id=6148, stack(0x0000008318800000,0x0000008318900000)]
  0x000001cbed037100 JavaThread "Monitor Deflation Thread" daemon [_thread_blocked, id=504, stack(0x0000008318900000,0x0000008318a00000)]
  0x000001cbed0381e0 JavaThread "C1 CompilerThread0" daemon [_thread_blocked, id=10116, stack(0x0000008318a00000,0x0000008318b00000)]
  0x000001cbed045320 JavaThread "Sweeper thread" daemon [_thread_blocked, id=11284, stack(0x0000008318b00000,0x0000008318c00000)]
  0x000001cbed0a8400 JavaThread "C1 CompilerThread1" daemon [_thread_blocked, id=8852, stack(0x0000008318c00000,0x0000008318d00000)]
  0x000001cbec4aa3c0 JavaThread "C1 CompilerThread2" daemon [_thread_blocked, id=8756, stack(0x0000008318d00000,0x0000008318e00000)]
  0x000001cbec4aa8d0 JavaThread "C1 CompilerThread3" daemon [_thread_blocked, id=8312, stack(0x0000008318e00000,0x0000008318f00000)]
  0x000001cbed24bc70 JavaThread "Notification Thread" daemon [_thread_blocked, id=6480, stack(0x0000008318f00000,0x0000008319000000)]
  0x000001cbed25e010 JavaThread "Common-Cleaner" daemon [_thread_blocked, id=10300, stack(0x0000008319100000,0x0000008319200000)]
  0x000001cbeeb73a20 JavaThread "boundedElastic-evictor-1" daemon [_thread_blocked, id=10512, stack(0x0000008319700000,0x0000008319800000)]
  0x000001cbeed9a980 JavaThread "pool-9-thread-1" [_thread_blocked, id=9752, stack(0x0000008319b00000,0x0000008319c00000)]
  0x000001cbeedcb570 JavaThread "LanguageServerApp-lifecycle" [_thread_blocked, id=5760, stack(0x0000008319c00000,0x0000008319d00000)]
  0x000001cbdf155d60 JavaThread "DestroyJavaVM" [_thread_blocked, id=11640, stack(0x0000008317d00000,0x0000008317e00000)]
  0x000001cbeedf0010 JavaThread "pool-10-thread-1" [_thread_in_native, id=7124, stack(0x0000008319d00000,0x0000008319e00000)]
  0x000001cbeee2d800 JavaThread "Simple-Language-Server main thread" daemon [_thread_blocked, id=6800, stack(0x0000008319e00000,0x0000008319f00000)]
  0x000001cbeee2bd80 JavaThread "ForkJoinPool.commonPool-worker-1" daemon [_thread_blocked, id=5116, stack(0x0000008319f00000,0x000000831a000000)]
  0x000001cbed1ff810 JavaThread "ClassGraph-worker-0" daemon [_thread_blocked, id=10176, stack(0x000000831a000000,0x000000831a100000)]
  0x000001cbee95adf0 JavaThread "ClassGraph-worker-1" daemon [_thread_blocked, id=10296, stack(0x000000831a100000,0x000000831a200000)]
  0x000001cbee95b790 JavaThread "ClassGraph-worker-2" daemon [_thread_blocked, id=7932, stack(0x000000831a200000,0x000000831a300000)]
  0x000001cbee95cad0 JavaThread "ClassGraph-worker-3" daemon [_thread_blocked, id=12028, stack(0x000000831a300000,0x000000831a400000)]
  0x000001cbee95bc60 JavaThread "ClassGraph-worker-4" daemon [_thread_blocked, id=10752, stack(0x000000831a400000,0x000000831a500000)]
  0x000001cbee95a450 JavaThread "ClassGraph-worker-5" daemon [_thread_blocked, id=3864, stack(0x000000831a500000,0x000000831a600000)]
  0x000001cbee959f80 JavaThread "ClassGraph-worker-6" daemon [_thread_blocked, id=1576, stack(0x000000831a600000,0x000000831a700000)]
  0x000001cbee95a920 JavaThread "ClassGraph-worker-7" daemon [_thread_blocked, id=524, stack(0x000000831a700000,0x000000831a800000)]
  0x000001cbee95c600 JavaThread "ClassGraph-worker-8" daemon [_thread_blocked, id=10492, stack(0x000000831a800000,0x000000831a900000)]
  0x000001cbee95cfa0 JavaThread "ClassGraph-worker-9" daemon [_thread_blocked, id=11680, stack(0x000000831a900000,0x000000831aa00000)]
  0x000001cbee95b2c0 JavaThread "ClassGraph-worker-10" daemon [_thread_blocked, id=7424, stack(0x000000831aa00000,0x000000831ab00000)]
  0x000001cbee95d470 JavaThread "ClassGraph-worker-11" daemon [_thread_blocked, id=9972, stack(0x000000831ab00000,0x000000831ac00000)]
  0x000001cbee95d940 JavaThread "ClassGraph-worker-12" daemon [_thread_blocked, id=12280, stack(0x000000831ac00000,0x000000831ad00000)]
  0x000001cbee95c130 JavaThread "ClassGraph-worker-13" daemon [_thread_blocked, id=7756, stack(0x000000831ad00000,0x000000831ae00000)]
  0x000001cbeefe0590 JavaThread "parallel-1" daemon [_thread_blocked, id=5824, stack(0x000000831ae00000,0x000000831af00000)]

Other Threads:
=>0x000001cbec50ab90 VMThread "VM Thread" [stack: 0x0000008318300000,0x0000008318400000] [id=8336]
  0x000001cbdf1cecf0 WatcherThread [stack: 0x0000008319000000,0x0000008319100000] [id=10460]
  0x000001cbdf1b22b0 GCTaskThread "GC Thread#0" [stack: 0x0000008317e00000,0x0000008317f00000] [id=2580]
  0x000001cbedbbf060 GCTaskThread "GC Thread#1" [stack: 0x0000008319200000,0x0000008319300000] [id=2920]
  0x000001cbedbbf310 GCTaskThread "GC Thread#2" [stack: 0x0000008319300000,0x0000008319400000] [id=11384]
  0x000001cbedbfd760 GCTaskThread "GC Thread#3" [stack: 0x0000008319400000,0x0000008319500000] [id=2128]
  0x000001cbedbfda10 GCTaskThread "GC Thread#4" [stack: 0x0000008319500000,0x0000008319600000] [id=10144]
  0x000001cbee421300 GCTaskThread "GC Thread#5" [stack: 0x0000008319600000,0x0000008319700000] [id=11492]
  0x000001cbee62b5c0 GCTaskThread "GC Thread#6" [stack: 0x0000008319800000,0x0000008319900000] [id=10748]
  0x000001cbee62b870 GCTaskThread "GC Thread#7" [stack: 0x0000008319900000,0x0000008319a00000] [id=2628]
  0x000001cbdf1c3d50 ConcurrentGCThread "G1 Main Marker" [stack: 0x0000008317f00000,0x0000008318000000] [id=5776]
  0x000001cbdf1c5e20 ConcurrentGCThread "G1 Conc#0" [stack: 0x0000008318000000,0x0000008318100000] [id=9812]
  0x000001cbee602de0 ConcurrentGCThread "G1 Conc#1" [stack: 0x0000008319a00000,0x0000008319b00000] [id=2792]
  0x000001cbdf22dee0 ConcurrentGCThread "G1 Refine#0" [stack: 0x0000008318100000,0x0000008318200000] [id=4056]
  0x000001cbf0d50f10 ConcurrentGCThread "G1 Refine#1" [stack: 0x000000831af00000,0x000000831b000000] [id=9420]
  0x000001cbeee9dfd0 ConcurrentGCThread "G1 Refine#2" [stack: 0x000000831b000000,0x000000831b100000] [id=11720]
  0x000001cbdf22e810 ConcurrentGCThread "G1 Service" [stack: 0x0000008318200000,0x0000008318300000] [id=1032]

Threads with active compile tasks:

VM state: at safepoint (normal execution)

VM Mutex/Monitor currently owned by a thread:  ([mutex/lock_event])
[0x000001cbdce87040] Threads_lock - owner thread: 0x000001cbec50ab90
[0x000001cbdf147500] Heap_lock - owner thread: 0x000001cbee95d940

Heap address: 0x0000000081e00000, size: 2018 MB, Compressed Oops mode: 32-bit

CDS archive(s) not mapped
Compressed class space mapped at: 0x0000000100000000-0x0000000140000000, reserved size: 1073741824
Narrow klass base: 0x0000000000000000, Narrow klass shift: 3, Narrow klass range: 0x140000000

GC Precious Log:
 CPUs: 8 total, 8 available
 Memory: 8066M
 Large Page Support: Disabled
 NUMA Support: Disabled
 Compressed Oops: Enabled (32-bit)
 Heap Region Size: 1M
 Heap Min Capacity: 8M
 Heap Initial Capacity: 128M
 Heap Max Capacity: 2018M
 Pre-touch: Disabled
 Parallel Workers: 8
 Concurrent Workers: 2
 Concurrent Refinement Workers: 8
 Periodic GC: Disabled

Heap:
 garbage-first heap   total 280576K, used 83781K [0x0000000081e00000, 0x0000000100000000)
  region size 1024K, 3 young (3072K), 3 survivors (3072K)
 Metaspace       used 36051K, committed 36416K, reserved 1081344K
  class space    used 4637K, committed 4800K, reserved 1048576K

Heap Regions: E=young(eden), S=young(survivor), O=old, HS=humongous(starts), HC=humongous(continues), CS=collection set, F=free, OA=open archive, CA=closed archive, TAMS=top-at-mark-start (previous, next)
|   0|0x0000000081e00000, 0x0000000081f00000, 0x0000000081f00000|100%| O|  |TAMS 0x0000000081f00000, 0x0000000081e00000| Untracked 
|   1|0x0000000081f00000, 0x0000000082000000, 0x0000000082000000|100%| O|  |TAMS 0x0000000082000000, 0x0000000081f00000| Untracked 
|   2|0x0000000082000000, 0x0000000082100000, 0x0000000082100000|100%| O|  |TAMS 0x0000000082100000, 0x0000000082000000| Untracked 
|   3|0x0000000082100000, 0x0000000082200000, 0x0000000082200000|100%| O|  |TAMS 0x0000000082200000, 0x0000000082100000| Untracked 
|   4|0x0000000082200000, 0x0000000082300000, 0x0000000082300000|100%| O|  |TAMS 0x0000000082300000, 0x0000000082200000| Untracked 
|   5|0x0000000082300000, 0x0000000082400000, 0x0000000082400000|100%| O|  |TAMS 0x0000000082400000, 0x0000000082300000| Untracked 
|   6|0x0000000082400000, 0x0000000082500000, 0x0000000082500000|100%| O|  |TAMS 0x0000000082500000, 0x0000000082400000| Untracked 
|   7|0x0000000082500000, 0x0000000082600000, 0x0000000082600000|100%| O|  |TAMS 0x0000000082600000, 0x0000000082500000| Untracked 
|   8|0x0000000082600000, 0x0000000082600000, 0x0000000082700000|  0%| F|  |TAMS 0x0000000082600000, 0x0000000082600000| Untracked 
|   9|0x0000000082700000, 0x0000000082800000, 0x0000000082800000|100%| O|  |TAMS 0x0000000082800000, 0x0000000082700000| Untracked 
|  10|0x0000000082800000, 0x0000000082900000, 0x0000000082900000|100%| O|  |TAMS 0x0000000082900000, 0x0000000082800000| Untracked 
|  11|0x0000000082900000, 0x0000000082a00000, 0x0000000082a00000|100%| O|  |TAMS 0x0000000082a00000, 0x0000000082900000| Untracked 
|  12|0x0000000082a00000, 0x0000000082b00000, 0x0000000082b00000|100%| O|  |TAMS 0x0000000082b00000, 0x0000000082a00000| Untracked 
|  13|0x0000000082b00000, 0x0000000082c00000, 0x0000000082c00000|100%| O|  |TAMS 0x0000000082c00000, 0x0000000082b00000| Untracked 
|  14|0x0000000082c00000, 0x0000000082d00000, 0x0000000082d00000|100%| O|  |TAMS 0x0000000082d00000, 0x0000000082c00000| Untracked 
|  15|0x0000000082d00000, 0x0000000082e00000, 0x0000000082e00000|100%| O|  |TAMS 0x0000000082e00000, 0x0000000082d00000| Untracked 
|  16|0x0000000082e00000, 0x0000000082f00000, 0x0000000082f00000|100%| O|  |TAMS 0x0000000082f00000, 0x0000000082e00000| Untracked 
|  17|0x0000000082f00000, 0x0000000083000000, 0x0000000083000000|100%| O|  |TAMS 0x0000000083000000, 0x0000000082f00000| Untracked 
|  18|0x0000000083000000, 0x0000000083100000, 0x0000000083100000|100%| O|  |TAMS 0x0000000083100000, 0x0000000083000000| Untracked 
|  19|0x0000000083100000, 0x0000000083200000, 0x0000000083200000|100%| O|  |TAMS 0x0000000083200000, 0x0000000083100000| Untracked 
|  20|0x0000000083200000, 0x0000000083300000, 0x0000000083300000|100%| O|  |TAMS 0x0000000083300000, 0x0000000083200000| Untracked 
|  21|0x0000000083300000, 0x0000000083400000, 0x0000000083400000|100%| O|  |TAMS 0x0000000083400000, 0x0000000083300000| Untracked 
|  22|0x0000000083400000, 0x0000000083500000, 0x0000000083500000|100%| O|  |TAMS 0x0000000083500000, 0x0000000083400000| Untracked 
|  23|0x0000000083500000, 0x0000000083600000, 0x0000000083600000|100%| O|  |TAMS 0x0000000083600000, 0x0000000083500000| Untracked 
|  24|0x0000000083600000, 0x0000000083700000, 0x0000000083700000|100%| O|  |TAMS 0x0000000083700000, 0x0000000083600000| Untracked 
|  25|0x0000000083700000, 0x0000000083800000, 0x0000000083800000|100%| O|  |TAMS 0x0000000083800000, 0x0000000083700000| Untracked 
|  26|0x0000000083800000, 0x0000000083900000, 0x0000000083900000|100%| O|  |TAMS 0x0000000083900000, 0x0000000083800000| Untracked 
|  27|0x0000000083900000, 0x0000000083a00000, 0x0000000083a00000|100%| O|  |TAMS 0x0000000083a00000, 0x0000000083900000| Untracked 
|  28|0x0000000083a00000, 0x0000000083b00000, 0x0000000083b00000|100%| O|  |TAMS 0x0000000083b00000, 0x0000000083a00000| Untracked 
|  29|0x0000000083b00000, 0x0000000083c00000, 0x0000000083c00000|100%| O|  |TAMS 0x0000000083c00000, 0x0000000083b00000| Untracked 
|  30|0x0000000083c00000, 0x0000000083d00000, 0x0000000083d00000|100%| O|  |TAMS 0x0000000083d00000, 0x0000000083c00000| Untracked 
|  31|0x0000000083d00000, 0x0000000083e00000, 0x0000000083e00000|100%| O|  |TAMS 0x0000000083e00000, 0x0000000083d00000| Untracked 
|  32|0x0000000083e00000, 0x0000000083f00000, 0x0000000083f00000|100%| O|  |TAMS 0x0000000083f00000, 0x0000000083e00000| Untracked 
|  33|0x0000000083f00000, 0x0000000084000000, 0x0000000084000000|100%| O|  |TAMS 0x0000000084000000, 0x0000000083f00000| Untracked 
|  34|0x0000000084000000, 0x0000000084100000, 0x0000000084100000|100%| O|  |TAMS 0x0000000084100000, 0x0000000084000000| Untracked 
|  35|0x0000000084100000, 0x0000000084200000, 0x0000000084200000|100%| O|  |TAMS 0x0000000084200000, 0x0000000084100000| Untracked 
|  36|0x0000000084200000, 0x0000000084300000, 0x0000000084300000|100%| O|  |TAMS 0x0000000084300000, 0x0000000084200000| Untracked 
|  37|0x0000000084300000, 0x0000000084400000, 0x0000000084400000|100%| O|  |TAMS 0x0000000084400000, 0x0000000084300000| Untracked 
|  38|0x0000000084400000, 0x0000000084500000, 0x0000000084500000|100%| O|  |TAMS 0x0000000084500000, 0x0000000084400000| Untracked 
|  39|0x0000000084500000, 0x0000000084600000, 0x0000000084600000|100%| O|  |TAMS 0x0000000084600000, 0x0000000084500000| Untracked 
|  40|0x0000000084600000, 0x0000000084600000, 0x0000000084700000|  0%| F|  |TAMS 0x0000000084600000, 0x0000000084600000| Untracked 
|  41|0x0000000084700000, 0x0000000084800000, 0x0000000084800000|100%| O|  |TAMS 0x0000000084700000, 0x0000000084700000| Untracked 
|  42|0x0000000084800000, 0x0000000084900000, 0x0000000084900000|100%|HS|  |TAMS 0x0000000084900000, 0x0000000084800000| Complete 
|  43|0x0000000084900000, 0x0000000084a00000, 0x0000000084a00000|100%| O|  |TAMS 0x0000000084a00000, 0x0000000084900000| Untracked 
|  44|0x0000000084a00000, 0x0000000084b00000, 0x0000000084b00000|100%| O|  |TAMS 0x0000000084b00000, 0x0000000084a00000| Untracked 
|  45|0x0000000084b00000, 0x0000000084c00000, 0x0000000084c00000|100%| O|  |TAMS 0x0000000084c00000, 0x0000000084b00000| Untracked 
|  46|0x0000000084c00000, 0x0000000084d00000, 0x0000000084d00000|100%| O|  |TAMS 0x0000000084d00000, 0x0000000084c00000| Untracked 
|  47|0x0000000084d00000, 0x0000000084e00000, 0x0000000084e00000|100%| O|  |TAMS 0x0000000084e00000, 0x0000000084d00000| Untracked 
|  48|0x0000000084e00000, 0x0000000084f00000, 0x0000000084f00000|100%| O|  |TAMS 0x0000000084f00000, 0x0000000084e00000| Untracked 
|  49|0x0000000084f00000, 0x0000000085000000, 0x0000000085000000|100%| O|  |TAMS 0x0000000085000000, 0x0000000084f00000| Untracked 
|  50|0x0000000085000000, 0x0000000085100000, 0x0000000085100000|100%| O|  |TAMS 0x0000000085100000, 0x0000000085000000| Untracked 
|  51|0x0000000085100000, 0x0000000085200000, 0x0000000085200000|100%| O|  |TAMS 0x0000000085200000, 0x0000000085100000| Untracked 
|  52|0x0000000085200000, 0x0000000085300000, 0x0000000085300000|100%| O|  |TAMS 0x0000000085300000, 0x0000000085200000| Untracked 
|  53|0x0000000085300000, 0x0000000085400000, 0x0000000085400000|100%| O|  |TAMS 0x0000000085400000, 0x0000000085300000| Untracked 
|  54|0x0000000085400000, 0x0000000085500000, 0x0000000085500000|100%| O|  |TAMS 0x0000000085500000, 0x0000000085400000| Untracked 
|  55|0x0000000085500000, 0x0000000085600000, 0x0000000085600000|100%| O|  |TAMS 0x0000000085600000, 0x0000000085500000| Untracked 
|  56|0x0000000085600000, 0x0000000085700000, 0x0000000085700000|100%| O|  |TAMS 0x0000000085700000, 0x0000000085600000| Untracked 
|  57|0x0000000085700000, 0x0000000085800000, 0x0000000085800000|100%| O|  |TAMS 0x000000008576f600, 0x0000000085700000| Untracked 
|  58|0x0000000085800000, 0x0000000085900000, 0x0000000085900000|100%| O|  |TAMS 0x0000000085800000, 0x0000000085800000| Untracked 
|  59|0x0000000085900000, 0x0000000085a00000, 0x0000000085a00000|100%| O|  |TAMS 0x0000000085900000, 0x0000000085900000| Untracked 
|  60|0x0000000085a00000, 0x0000000085b00000, 0x0000000085b00000|100%| O|  |TAMS 0x0000000085a00000, 0x0000000085a00000| Untracked 
|  61|0x0000000085b00000, 0x0000000085c00000, 0x0000000085c00000|100%| O|  |TAMS 0x0000000085b00000, 0x0000000085b00000| Untracked 
|  62|0x0000000085c00000, 0x0000000085d00000, 0x0000000085d00000|100%| O|  |TAMS 0x0000000085c00000, 0x0000000085c00000| Untracked 
|  63|0x0000000085d00000, 0x0000000085e00000, 0x0000000085e00000|100%| O|  |TAMS 0x0000000085d00000, 0x0000000085d00000| Untracked 
|  64|0x0000000085e00000, 0x0000000085f00000, 0x0000000085f00000|100%| O|  |TAMS 0x0000000085e00000, 0x0000000085e00000| Untracked 
|  65|0x0000000085f00000, 0x0000000086000000, 0x0000000086000000|100%| O|  |TAMS 0x0000000085f00000, 0x0000000085f00000| Untracked 
|  66|0x0000000086000000, 0x0000000086100000, 0x0000000086100000|100%| O|  |TAMS 0x0000000086000000, 0x0000000086000000| Untracked 
|  67|0x0000000086100000, 0x0000000086200000, 0x0000000086200000|100%| O|  |TAMS 0x0000000086100000, 0x0000000086100000| Untracked 
|  68|0x0000000086200000, 0x0000000086300000, 0x0000000086300000|100%| O|  |TAMS 0x0000000086200000, 0x0000000086200000| Untracked 
|  69|0x0000000086300000, 0x0000000086400000, 0x0000000086400000|100%| O|  |TAMS 0x0000000086300000, 0x0000000086300000| Untracked 
|  70|0x0000000086400000, 0x0000000086500000, 0x0000000086500000|100%| O|  |TAMS 0x0000000086400000, 0x0000000086400000| Untracked 
|  71|0x0000000086500000, 0x0000000086600000, 0x0000000086600000|100%| O|  |TAMS 0x0000000086500000, 0x0000000086500000| Untracked 
|  72|0x0000000086600000, 0x0000000086700000, 0x0000000086700000|100%| O|  |TAMS 0x0000000086600000, 0x0000000086600000| Untracked 
|  73|0x0000000086700000, 0x0000000086800000, 0x0000000086800000|100%| O|  |TAMS 0x0000000086700000, 0x0000000086700000| Untracked 
|  74|0x0000000086800000, 0x0000000086900000, 0x0000000086900000|100%| O|  |TAMS 0x0000000086800000, 0x0000000086800000| Untracked 
|  75|0x0000000086900000, 0x0000000086a00000, 0x0000000086a00000|100%| O|  |TAMS 0x0000000086900000, 0x0000000086900000| Untracked 
|  76|0x0000000086a00000, 0x0000000086b00000, 0x0000000086b00000|100%| O|  |TAMS 0x0000000086a00000, 0x0000000086a00000| Untracked 
|  77|0x0000000086b00000, 0x0000000086c00000, 0x0000000086c00000|100%| O|  |TAMS 0x0000000086b00000, 0x0000000086b00000| Untracked 
|  78|0x0000000086c00000, 0x0000000086d00000, 0x0000000086d00000|100%| O|  |TAMS 0x0000000086c00000, 0x0000000086c00000| Untracked 
|  79|0x0000000086d00000, 0x0000000086e00000, 0x0000000086e00000|100%| O|  |TAMS 0x0000000086d00000, 0x0000000086d00000| Untracked 
|  80|0x0000000086e00000, 0x0000000086f00000, 0x0000000086f00000|100%| O|  |TAMS 0x0000000086e00000, 0x0000000086e00000| Untracked 
|  81|0x0000000086f00000, 0x0000000086f2a000, 0x0000000087000000| 16%| O|  |TAMS 0x0000000086f00000, 0x0000000086f00000| Untracked 
|  82|0x0000000087000000, 0x0000000087000000, 0x0000000087100000|  0%| F|  |TAMS 0x0000000087000000, 0x0000000087000000| Untracked 
|  83|0x0000000087100000, 0x0000000087100000, 0x0000000087200000|  0%| F|  |TAMS 0x0000000087100000, 0x0000000087100000| Untracked 
|  84|0x0000000087200000, 0x0000000087200000, 0x0000000087300000|  0%| F|  |TAMS 0x0000000087200000, 0x0000000087200000| Untracked 
|  85|0x0000000087300000, 0x0000000087300000, 0x0000000087400000|  0%| F|  |TAMS 0x0000000087300000, 0x0000000087300000| Untracked 
|  86|0x0000000087400000, 0x0000000087400000, 0x0000000087500000|  0%| F|  |TAMS 0x0000000087400000, 0x0000000087400000| Untracked 
|  87|0x0000000087500000, 0x0000000087500000, 0x0000000087600000|  0%| F|  |TAMS 0x0000000087500000, 0x0000000087500000| Untracked 
|  88|0x0000000087600000, 0x0000000087600000, 0x0000000087700000|  0%| F|  |TAMS 0x0000000087600000, 0x0000000087600000| Untracked 
|  89|0x0000000087700000, 0x0000000087700000, 0x0000000087800000|  0%| F|  |TAMS 0x0000000087700000, 0x0000000087700000| Untracked 
|  90|0x0000000087800000, 0x0000000087800000, 0x0000000087900000|  0%| F|  |TAMS 0x0000000087800000, 0x0000000087800000| Untracked 
|  91|0x0000000087900000, 0x0000000087900000, 0x0000000087a00000|  0%| F|  |TAMS 0x0000000087900000, 0x0000000087900000| Untracked 
|  92|0x0000000087a00000, 0x0000000087a00000, 0x0000000087b00000|  0%| F|  |TAMS 0x0000000087a00000, 0x0000000087a00000| Untracked 
|  93|0x0000000087b00000, 0x0000000087b00000, 0x0000000087c00000|  0%| F|  |TAMS 0x0000000087b00000, 0x0000000087b00000| Untracked 
|  94|0x0000000087c00000, 0x0000000087c00000, 0x0000000087d00000|  0%| F|  |TAMS 0x0000000087c00000, 0x0000000087c00000| Untracked 
|  95|0x0000000087d00000, 0x0000000087d00000, 0x0000000087e00000|  0%| F|  |TAMS 0x0000000087d00000, 0x0000000087d00000| Untracked 
|  96|0x0000000087e00000, 0x0000000087e00000, 0x0000000087f00000|  0%| F|  |TAMS 0x0000000087e00000, 0x0000000087e00000| Untracked 
|  97|0x0000000087f00000, 0x0000000087f00000, 0x0000000088000000|  0%| F|  |TAMS 0x0000000087f00000, 0x0000000087f00000| Untracked 
|  98|0x0000000088000000, 0x0000000088000000, 0x0000000088100000|  0%| F|  |TAMS 0x0000000088000000, 0x0000000088000000| Untracked 
|  99|0x0000000088100000, 0x0000000088100000, 0x0000000088200000|  0%| F|  |TAMS 0x0000000088100000, 0x0000000088100000| Untracked 
| 100|0x0000000088200000, 0x0000000088200000, 0x0000000088300000|  0%| F|  |TAMS 0x0000000088200000, 0x0000000088200000| Untracked 
| 101|0x0000000088300000, 0x0000000088300000, 0x0000000088400000|  0%| F|  |TAMS 0x0000000088300000, 0x0000000088300000| Untracked 
| 102|0x0000000088400000, 0x0000000088400000, 0x0000000088500000|  0%| F|  |TAMS 0x0000000088400000, 0x0000000088400000| Untracked 
| 103|0x0000000088500000, 0x0000000088500000, 0x0000000088600000|  0%| F|  |TAMS 0x0000000088500000, 0x0000000088500000| Untracked 
| 104|0x0000000088600000, 0x0000000088600000, 0x0000000088700000|  0%| F|  |TAMS 0x0000000088600000, 0x0000000088600000| Untracked 
| 105|0x0000000088700000, 0x0000000088700000, 0x0000000088800000|  0%| F|  |TAMS 0x0000000088700000, 0x0000000088700000| Untracked 
| 106|0x0000000088800000, 0x0000000088800000, 0x0000000088900000|  0%| F|  |TAMS 0x0000000088800000, 0x0000000088800000| Untracked 
| 107|0x0000000088900000, 0x0000000088900000, 0x0000000088a00000|  0%| F|  |TAMS 0x0000000088900000, 0x0000000088900000| Untracked 
| 108|0x0000000088a00000, 0x0000000088a00000, 0x0000000088b00000|  0%| F|  |TAMS 0x0000000088a00000, 0x0000000088a00000| Untracked 
| 109|0x0000000088b00000, 0x0000000088b00000, 0x0000000088c00000|  0%| F|  |TAMS 0x0000000088b00000, 0x0000000088b00000| Untracked 
| 110|0x0000000088c00000, 0x0000000088c00000, 0x0000000088d00000|  0%| F|  |TAMS 0x0000000088c00000, 0x0000000088c00000| Untracked 
| 111|0x0000000088d00000, 0x0000000088d00000, 0x0000000088e00000|  0%| F|  |TAMS 0x0000000088d00000, 0x0000000088d00000| Untracked 
| 112|0x0000000088e00000, 0x0000000088e00000, 0x0000000088f00000|  0%| F|  |TAMS 0x0000000088e00000, 0x0000000088e00000| Untracked 
| 113|0x0000000088f00000, 0x0000000088f00000, 0x0000000089000000|  0%| F|  |TAMS 0x0000000088f00000, 0x0000000088f00000| Untracked 
| 114|0x0000000089000000, 0x0000000089000000, 0x0000000089100000|  0%| F|  |TAMS 0x0000000089000000, 0x0000000089000000| Untracked 
| 115|0x0000000089100000, 0x0000000089100000, 0x0000000089200000|  0%| F|  |TAMS 0x0000000089100000, 0x0000000089100000| Untracked 
| 116|0x0000000089200000, 0x0000000089200000, 0x0000000089300000|  0%| F|  |TAMS 0x0000000089200000, 0x0000000089200000| Untracked 
| 117|0x0000000089300000, 0x0000000089300000, 0x0000000089400000|  0%| F|  |TAMS 0x0000000089300000, 0x0000000089300000| Untracked 
| 118|0x0000000089400000, 0x0000000089400000, 0x0000000089500000|  0%| F|  |TAMS 0x0000000089400000, 0x0000000089400000| Untracked 
| 119|0x0000000089500000, 0x0000000089500000, 0x0000000089600000|  0%| F|  |TAMS 0x0000000089500000, 0x0000000089500000| Untracked 
| 120|0x0000000089600000, 0x0000000089600000, 0x0000000089700000|  0%| F|  |TAMS 0x0000000089600000, 0x0000000089600000| Untracked 
| 121|0x0000000089700000, 0x0000000089700000, 0x0000000089800000|  0%| F|  |TAMS 0x0000000089700000, 0x0000000089700000| Untracked 
| 122|0x0000000089800000, 0x0000000089800000, 0x0000000089900000|  0%| F|  |TAMS 0x0000000089800000, 0x0000000089800000| Untracked 
| 123|0x0000000089900000, 0x0000000089900000, 0x0000000089a00000|  0%| F|  |TAMS 0x0000000089900000, 0x0000000089900000| Untracked 
| 124|0x0000000089a00000, 0x0000000089a00000, 0x0000000089b00000|  0%| F|  |TAMS 0x0000000089a00000, 0x0000000089a00000| Untracked 
| 125|0x0000000089b00000, 0x0000000089b00000, 0x0000000089c00000|  0%| F|  |TAMS 0x0000000089b00000, 0x0000000089b00000| Untracked 
| 126|0x0000000089c00000, 0x0000000089c00000, 0x0000000089d00000|  0%| F|  |TAMS 0x0000000089c00000, 0x0000000089c00000| Untracked 
| 127|0x0000000089d00000, 0x0000000089d00000, 0x0000000089e00000|  0%| F|  |TAMS 0x0000000089d00000, 0x0000000089d00000| Untracked 
| 128|0x0000000089e00000, 0x0000000089e00000, 0x0000000089f00000|  0%| F|  |TAMS 0x0000000089e00000, 0x0000000089e00000| Untracked 
| 129|0x0000000089f00000, 0x0000000089f00000, 0x000000008a000000|  0%| F|  |TAMS 0x0000000089f00000, 0x0000000089f00000| Untracked 
| 130|0x000000008a000000, 0x000000008a000000, 0x000000008a100000|  0%| F|  |TAMS 0x000000008a000000, 0x000000008a000000| Untracked 
| 131|0x000000008a100000, 0x000000008a100000, 0x000000008a200000|  0%| F|  |TAMS 0x000000008a100000, 0x000000008a100000| Untracked 
| 132|0x000000008a200000, 0x000000008a200000, 0x000000008a300000|  0%| F|  |TAMS 0x000000008a200000, 0x000000008a200000| Untracked 
| 133|0x000000008a300000, 0x000000008a300000, 0x000000008a400000|  0%| F|  |TAMS 0x000000008a300000, 0x000000008a300000| Untracked 
| 134|0x000000008a400000, 0x000000008a400000, 0x000000008a500000|  0%| F|  |TAMS 0x000000008a400000, 0x000000008a400000| Untracked 
| 135|0x000000008a500000, 0x000000008a500000, 0x000000008a600000|  0%| F|  |TAMS 0x000000008a500000, 0x000000008a500000| Untracked 
| 136|0x000000008a600000, 0x000000008a600000, 0x000000008a700000|  0%| F|  |TAMS 0x000000008a600000, 0x000000008a600000| Untracked 
| 137|0x000000008a700000, 0x000000008a700000, 0x000000008a800000|  0%| F|  |TAMS 0x000000008a700000, 0x000000008a700000| Untracked 
| 138|0x000000008a800000, 0x000000008a800000, 0x000000008a900000|  0%| F|  |TAMS 0x000000008a800000, 0x000000008a800000| Untracked 
| 139|0x000000008a900000, 0x000000008a900000, 0x000000008aa00000|  0%| F|  |TAMS 0x000000008a900000, 0x000000008a900000| Untracked 
| 140|0x000000008aa00000, 0x000000008aa00000, 0x000000008ab00000|  0%| F|  |TAMS 0x000000008aa00000, 0x000000008aa00000| Untracked 
| 141|0x000000008ab00000, 0x000000008ab00000, 0x000000008ac00000|  0%| F|  |TAMS 0x000000008ab00000, 0x000000008ab00000| Untracked 
| 142|0x000000008ac00000, 0x000000008ac00000, 0x000000008ad00000|  0%| F|  |TAMS 0x000000008ac00000, 0x000000008ac00000| Untracked 
| 143|0x000000008ad00000, 0x000000008ad00000, 0x000000008ae00000|  0%| F|  |TAMS 0x000000008ad00000, 0x000000008ad00000| Untracked 
| 144|0x000000008ae00000, 0x000000008ae00000, 0x000000008af00000|  0%| F|  |TAMS 0x000000008ae00000, 0x000000008ae00000| Untracked 
| 145|0x000000008af00000, 0x000000008af00000, 0x000000008b000000|  0%| F|  |TAMS 0x000000008af00000, 0x000000008af00000| Untracked 
| 146|0x000000008b000000, 0x000000008b000000, 0x000000008b100000|  0%| F|  |TAMS 0x000000008b000000, 0x000000008b000000| Untracked 
| 147|0x000000008b100000, 0x000000008b100000, 0x000000008b200000|  0%| F|  |TAMS 0x000000008b100000, 0x000000008b100000| Untracked 
| 148|0x000000008b200000, 0x000000008b200000, 0x000000008b300000|  0%| F|  |TAMS 0x000000008b200000, 0x000000008b200000| Untracked 
| 149|0x000000008b300000, 0x000000008b300000, 0x000000008b400000|  0%| F|  |TAMS 0x000000008b300000, 0x000000008b300000| Untracked 
| 150|0x000000008b400000, 0x000000008b400000, 0x000000008b500000|  0%| F|  |TAMS 0x000000008b400000, 0x000000008b400000| Untracked 
| 151|0x000000008b500000, 0x000000008b500000, 0x000000008b600000|  0%| F|  |TAMS 0x000000008b500000, 0x000000008b500000| Untracked 
| 152|0x000000008b600000, 0x000000008b600000, 0x000000008b700000|  0%| F|  |TAMS 0x000000008b600000, 0x000000008b600000| Untracked 
| 153|0x000000008b700000, 0x000000008b700000, 0x000000008b800000|  0%| F|  |TAMS 0x000000008b700000, 0x000000008b700000| Untracked 
| 154|0x000000008b800000, 0x000000008b800000, 0x000000008b900000|  0%| F|  |TAMS 0x000000008b800000, 0x000000008b800000| Untracked 
| 155|0x000000008b900000, 0x000000008b900000, 0x000000008ba00000|  0%| F|  |TAMS 0x000000008b900000, 0x000000008b900000| Untracked 
| 156|0x000000008ba00000, 0x000000008ba00000, 0x000000008bb00000|  0%| F|  |TAMS 0x000000008ba00000, 0x000000008ba00000| Untracked 
| 157|0x000000008bb00000, 0x000000008bb00000, 0x000000008bc00000|  0%| F|  |TAMS 0x000000008bb00000, 0x000000008bb00000| Untracked 
| 158|0x000000008bc00000, 0x000000008bc00000, 0x000000008bd00000|  0%| F|  |TAMS 0x000000008bc00000, 0x000000008bc00000| Untracked 
| 159|0x000000008bd00000, 0x000000008bd00000, 0x000000008be00000|  0%| F|  |TAMS 0x000000008bd00000, 0x000000008bd00000| Untracked 
| 160|0x000000008be00000, 0x000000008be00000, 0x000000008bf00000|  0%| F|  |TAMS 0x000000008be00000, 0x000000008be00000| Untracked 
| 161|0x000000008bf00000, 0x000000008bf00000, 0x000000008c000000|  0%| F|  |TAMS 0x000000008bf00000, 0x000000008bf00000| Untracked 
| 162|0x000000008c000000, 0x000000008c000000, 0x000000008c100000|  0%| F|  |TAMS 0x000000008c000000, 0x000000008c000000| Untracked 
| 163|0x000000008c100000, 0x000000008c100000, 0x000000008c200000|  0%| F|  |TAMS 0x000000008c100000, 0x000000008c100000| Untracked 
| 164|0x000000008c200000, 0x000000008c200000, 0x000000008c300000|  0%| F|  |TAMS 0x000000008c200000, 0x000000008c200000| Untracked 
| 165|0x000000008c300000, 0x000000008c300000, 0x000000008c400000|  0%| F|  |TAMS 0x000000008c300000, 0x000000008c300000| Untracked 
| 166|0x000000008c400000, 0x000000008c400000, 0x000000008c500000|  0%| F|  |TAMS 0x000000008c400000, 0x000000008c400000| Untracked 
| 167|0x000000008c500000, 0x000000008c500000, 0x000000008c600000|  0%| F|  |TAMS 0x000000008c500000, 0x000000008c500000| Untracked 
| 168|0x000000008c600000, 0x000000008c600000, 0x000000008c700000|  0%| F|  |TAMS 0x000000008c600000, 0x000000008c600000| Untracked 
| 169|0x000000008c700000, 0x000000008c700000, 0x000000008c800000|  0%| F|  |TAMS 0x000000008c700000, 0x000000008c700000| Untracked 
| 170|0x000000008c800000, 0x000000008c800000, 0x000000008c900000|  0%| F|  |TAMS 0x000000008c800000, 0x000000008c800000| Untracked 
| 171|0x000000008c900000, 0x000000008c900000, 0x000000008ca00000|  0%| F|  |TAMS 0x000000008c900000, 0x000000008c900000| Untracked 
| 172|0x000000008ca00000, 0x000000008ca00000, 0x000000008cb00000|  0%| F|  |TAMS 0x000000008ca00000, 0x000000008ca00000| Untracked 
| 173|0x000000008cb00000, 0x000000008cb00000, 0x000000008cc00000|  0%| F|  |TAMS 0x000000008cb00000, 0x000000008cb00000| Untracked 
| 174|0x000000008cc00000, 0x000000008cc00000, 0x000000008cd00000|  0%| F|  |TAMS 0x000000008cc00000, 0x000000008cc00000| Untracked 
| 175|0x000000008cd00000, 0x000000008cd00000, 0x000000008ce00000|  0%| F|  |TAMS 0x000000008cd00000, 0x000000008cd00000| Untracked 
| 176|0x000000008ce00000, 0x000000008ce00000, 0x000000008cf00000|  0%| F|  |TAMS 0x000000008ce00000, 0x000000008ce00000| Untracked 
| 177|0x000000008cf00000, 0x000000008cf00000, 0x000000008d000000|  0%| F|  |TAMS 0x000000008cf00000, 0x000000008cf00000| Untracked 
| 178|0x000000008d000000, 0x000000008d000000, 0x000000008d100000|  0%| F|  |TAMS 0x000000008d000000, 0x000000008d000000| Untracked 
| 179|0x000000008d100000, 0x000000008d100000, 0x000000008d200000|  0%| F|  |TAMS 0x000000008d100000, 0x000000008d100000| Untracked 
| 180|0x000000008d200000, 0x000000008d200000, 0x000000008d300000|  0%| F|  |TAMS 0x000000008d200000, 0x000000008d200000| Untracked 
| 181|0x000000008d300000, 0x000000008d300000, 0x000000008d400000|  0%| F|  |TAMS 0x000000008d300000, 0x000000008d300000| Untracked 
| 182|0x000000008d400000, 0x000000008d400000, 0x000000008d500000|  0%| F|  |TAMS 0x000000008d400000, 0x000000008d400000| Untracked 
| 183|0x000000008d500000, 0x000000008d500000, 0x000000008d600000|  0%| F|  |TAMS 0x000000008d500000, 0x000000008d500000| Untracked 
| 184|0x000000008d600000, 0x000000008d600000, 0x000000008d700000|  0%| F|  |TAMS 0x000000008d600000, 0x000000008d600000| Untracked 
| 185|0x000000008d700000, 0x000000008d700000, 0x000000008d800000|  0%| F|  |TAMS 0x000000008d700000, 0x000000008d700000| Untracked 
| 186|0x000000008d800000, 0x000000008d800000, 0x000000008d900000|  0%| F|  |TAMS 0x000000008d800000, 0x000000008d800000| Untracked 
| 187|0x000000008d900000, 0x000000008d900000, 0x000000008da00000|  0%| F|  |TAMS 0x000000008d900000, 0x000000008d900000| Untracked 
| 188|0x000000008da00000, 0x000000008da00000, 0x000000008db00000|  0%| F|  |TAMS 0x000000008da00000, 0x000000008da00000| Untracked 
| 189|0x000000008db00000, 0x000000008db00000, 0x000000008dc00000|  0%| F|  |TAMS 0x000000008db00000, 0x000000008db00000| Untracked 
| 190|0x000000008dc00000, 0x000000008dc00000, 0x000000008dd00000|  0%| F|  |TAMS 0x000000008dc00000, 0x000000008dc00000| Untracked 
| 191|0x000000008dd00000, 0x000000008dd00000, 0x000000008de00000|  0%| F|  |TAMS 0x000000008dd00000, 0x000000008dd00000| Untracked 
| 192|0x000000008de00000, 0x000000008de00000, 0x000000008df00000|  0%| F|  |TAMS 0x000000008de00000, 0x000000008de00000| Untracked 
| 193|0x000000008df00000, 0x000000008df00000, 0x000000008e000000|  0%| F|  |TAMS 0x000000008df00000, 0x000000008df00000| Untracked 
| 194|0x000000008e000000, 0x000000008e000000, 0x000000008e100000|  0%| F|  |TAMS 0x000000008e000000, 0x000000008e000000| Untracked 
| 195|0x000000008e100000, 0x000000008e100000, 0x000000008e200000|  0%| F|  |TAMS 0x000000008e100000, 0x000000008e100000| Untracked 
| 196|0x000000008e200000, 0x000000008e200000, 0x000000008e300000|  0%| F|  |TAMS 0x000000008e200000, 0x000000008e200000| Untracked 
| 197|0x000000008e300000, 0x000000008e300000, 0x000000008e400000|  0%| F|  |TAMS 0x000000008e300000, 0x000000008e300000| Untracked 
| 198|0x000000008e400000, 0x000000008e400000, 0x000000008e500000|  0%| F|  |TAMS 0x000000008e400000, 0x000000008e400000| Untracked 
| 199|0x000000008e500000, 0x000000008e500000, 0x000000008e600000|  0%| F|  |TAMS 0x000000008e500000, 0x000000008e500000| Untracked 
| 200|0x000000008e600000, 0x000000008e600000, 0x000000008e700000|  0%| F|  |TAMS 0x000000008e600000, 0x000000008e600000| Untracked 
| 201|0x000000008e700000, 0x000000008e700000, 0x000000008e800000|  0%| F|  |TAMS 0x000000008e700000, 0x000000008e700000| Untracked 
| 202|0x000000008e800000, 0x000000008e800000, 0x000000008e900000|  0%| F|  |TAMS 0x000000008e800000, 0x000000008e800000| Untracked 
| 203|0x000000008e900000, 0x000000008e900000, 0x000000008ea00000|  0%| F|  |TAMS 0x000000008e900000, 0x000000008e900000| Untracked 
| 204|0x000000008ea00000, 0x000000008ea00000, 0x000000008eb00000|  0%| F|  |TAMS 0x000000008ea00000, 0x000000008ea00000| Untracked 
| 205|0x000000008eb00000, 0x000000008eb00000, 0x000000008ec00000|  0%| F|  |TAMS 0x000000008eb00000, 0x000000008eb00000| Untracked 
| 206|0x000000008ec00000, 0x000000008ec00000, 0x000000008ed00000|  0%| F|  |TAMS 0x000000008ec00000, 0x000000008ec00000| Untracked 
| 207|0x000000008ed00000, 0x000000008ed00000, 0x000000008ee00000|  0%| F|  |TAMS 0x000000008ed00000, 0x000000008ed00000| Untracked 
| 208|0x000000008ee00000, 0x000000008ee00000, 0x000000008ef00000|  0%| F|  |TAMS 0x000000008ee00000, 0x000000008ee00000| Untracked 
| 209|0x000000008ef00000, 0x000000008ef00000, 0x000000008f000000|  0%| F|  |TAMS 0x000000008ef00000, 0x000000008ef00000| Untracked 
| 210|0x000000008f000000, 0x000000008f000000, 0x000000008f100000|  0%| F|  |TAMS 0x000000008f000000, 0x000000008f000000| Untracked 
| 211|0x000000008f100000, 0x000000008f100000, 0x000000008f200000|  0%| F|  |TAMS 0x000000008f100000, 0x000000008f100000| Untracked 
| 212|0x000000008f200000, 0x000000008f200000, 0x000000008f300000|  0%| F|  |TAMS 0x000000008f200000, 0x000000008f200000| Untracked 
| 213|0x000000008f300000, 0x000000008f300000, 0x000000008f400000|  0%| F|  |TAMS 0x000000008f300000, 0x000000008f300000| Untracked 
| 214|0x000000008f400000, 0x000000008f400000, 0x000000008f500000|  0%| F|  |TAMS 0x000000008f400000, 0x000000008f400000| Untracked 
| 215|0x000000008f500000, 0x000000008f500000, 0x000000008f600000|  0%| F|  |TAMS 0x000000008f500000, 0x000000008f500000| Untracked 
| 216|0x000000008f600000, 0x000000008f600000, 0x000000008f700000|  0%| F|  |TAMS 0x000000008f600000, 0x000000008f600000| Untracked 
| 217|0x000000008f700000, 0x000000008f700000, 0x000000008f800000|  0%| F|  |TAMS 0x000000008f700000, 0x000000008f700000| Untracked 
| 218|0x000000008f800000, 0x000000008f800000, 0x000000008f900000|  0%| F|  |TAMS 0x000000008f800000, 0x000000008f800000| Untracked 
| 219|0x000000008f900000, 0x000000008f900000, 0x000000008fa00000|  0%| F|  |TAMS 0x000000008f900000, 0x000000008f900000| Untracked 
| 220|0x000000008fa00000, 0x000000008fa00000, 0x000000008fb00000|  0%| F|  |TAMS 0x000000008fa00000, 0x000000008fa00000| Untracked 
| 221|0x000000008fb00000, 0x000000008fb00000, 0x000000008fc00000|  0%| F|  |TAMS 0x000000008fb00000, 0x000000008fb00000| Untracked 
| 222|0x000000008fc00000, 0x000000008fc00000, 0x000000008fd00000|  0%| F|  |TAMS 0x000000008fc00000, 0x000000008fc00000| Untracked 
| 223|0x000000008fd00000, 0x000000008fd00000, 0x000000008fe00000|  0%| F|  |TAMS 0x000000008fd00000, 0x000000008fd00000| Untracked 
| 224|0x000000008fe00000, 0x000000008fe00000, 0x000000008ff00000|  0%| F|  |TAMS 0x000000008fe00000, 0x000000008fe00000| Untracked 
| 225|0x000000008ff00000, 0x000000008ff00000, 0x0000000090000000|  0%| F|  |TAMS 0x000000008ff00000, 0x000000008ff00000| Untracked 
| 226|0x0000000090000000, 0x0000000090000000, 0x0000000090100000|  0%| F|  |TAMS 0x0000000090000000, 0x0000000090000000| Untracked 
| 227|0x0000000090100000, 0x0000000090100000, 0x0000000090200000|  0%| F|  |TAMS 0x0000000090100000, 0x0000000090100000| Untracked 
| 228|0x0000000090200000, 0x0000000090200000, 0x0000000090300000|  0%| F|  |TAMS 0x0000000090200000, 0x0000000090200000| Untracked 
| 229|0x0000000090300000, 0x0000000090300000, 0x0000000090400000|  0%| F|  |TAMS 0x0000000090300000, 0x0000000090300000| Untracked 
| 230|0x0000000090400000, 0x0000000090400000, 0x0000000090500000|  0%| F|  |TAMS 0x0000000090400000, 0x0000000090400000| Untracked 
| 231|0x0000000090500000, 0x0000000090500000, 0x0000000090600000|  0%| F|  |TAMS 0x0000000090500000, 0x0000000090500000| Untracked 
| 232|0x0000000090600000, 0x0000000090600000, 0x0000000090700000|  0%| F|  |TAMS 0x0000000090600000, 0x0000000090600000| Untracked 
| 233|0x0000000090700000, 0x0000000090700000, 0x0000000090800000|  0%| F|  |TAMS 0x0000000090700000, 0x0000000090700000| Untracked 
| 234|0x0000000090800000, 0x0000000090800000, 0x0000000090900000|  0%| F|  |TAMS 0x0000000090800000, 0x0000000090800000| Untracked 
| 235|0x0000000090900000, 0x0000000090900000, 0x0000000090a00000|  0%| F|  |TAMS 0x0000000090900000, 0x0000000090900000| Untracked 
| 236|0x0000000090a00000, 0x0000000090a00000, 0x0000000090b00000|  0%| F|  |TAMS 0x0000000090a00000, 0x0000000090a00000| Untracked 
| 237|0x0000000090b00000, 0x0000000090b00000, 0x0000000090c00000|  0%| F|  |TAMS 0x0000000090b00000, 0x0000000090b00000| Untracked 
| 238|0x0000000090c00000, 0x0000000090c00000, 0x0000000090d00000|  0%| F|  |TAMS 0x0000000090c00000, 0x0000000090c00000| Untracked 
| 239|0x0000000090d00000, 0x0000000090d00000, 0x0000000090e00000|  0%| F|  |TAMS 0x0000000090d00000, 0x0000000090d00000| Untracked 
| 240|0x0000000090e00000, 0x0000000090e00000, 0x0000000090f00000|  0%| F|  |TAMS 0x0000000090e00000, 0x0000000090e00000| Untracked 
| 241|0x0000000090f00000, 0x0000000090f00000, 0x0000000091000000|  0%| F|  |TAMS 0x0000000090f00000, 0x0000000090f00000| Untracked 
| 242|0x0000000091000000, 0x0000000091000000, 0x0000000091100000|  0%| F|  |TAMS 0x0000000091000000, 0x0000000091000000| Untracked 
| 243|0x0000000091100000, 0x0000000091100000, 0x0000000091200000|  0%| F|  |TAMS 0x0000000091100000, 0x0000000091100000| Untracked 
| 244|0x0000000091200000, 0x0000000091200000, 0x0000000091300000|  0%| F|  |TAMS 0x0000000091200000, 0x0000000091200000| Untracked 
| 245|0x0000000091300000, 0x0000000091300000, 0x0000000091400000|  0%| F|  |TAMS 0x0000000091300000, 0x0000000091300000| Untracked 
| 246|0x0000000091400000, 0x0000000091400000, 0x0000000091500000|  0%| F|  |TAMS 0x0000000091400000, 0x0000000091400000| Untracked 
| 247|0x0000000091500000, 0x0000000091500000, 0x0000000091600000|  0%| F|  |TAMS 0x0000000091500000, 0x0000000091500000| Untracked 
| 248|0x0000000091600000, 0x0000000091600000, 0x0000000091700000|  0%| F|  |TAMS 0x0000000091600000, 0x0000000091600000| Untracked 
| 249|0x0000000091700000, 0x0000000091700000, 0x0000000091800000|  0%| F|  |TAMS 0x0000000091700000, 0x0000000091700000| Untracked 
| 250|0x0000000091800000, 0x0000000091800000, 0x0000000091900000|  0%| F|  |TAMS 0x0000000091800000, 0x0000000091800000| Untracked 
| 251|0x0000000091900000, 0x0000000091900000, 0x0000000091a00000|  0%| F|  |TAMS 0x0000000091900000, 0x0000000091900000| Untracked 
| 252|0x0000000091a00000, 0x0000000091a00000, 0x0000000091b00000|  0%| F|  |TAMS 0x0000000091a00000, 0x0000000091a00000| Untracked 
| 253|0x0000000091b00000, 0x0000000091b00000, 0x0000000091c00000|  0%| F|  |TAMS 0x0000000091b00000, 0x0000000091b00000| Untracked 
| 254|0x0000000091c00000, 0x0000000091c00000, 0x0000000091d00000|  0%| F|  |TAMS 0x0000000091c00000, 0x0000000091c00000| Untracked 
| 255|0x0000000091d00000, 0x0000000091d00000, 0x0000000091e00000|  0%| F|  |TAMS 0x0000000091d00000, 0x0000000091d00000| Untracked 
| 256|0x0000000091e00000, 0x0000000091e00000, 0x0000000091f00000|  0%| F|  |TAMS 0x0000000091e00000, 0x0000000091e00000| Untracked 
| 257|0x0000000091f00000, 0x0000000091f00000, 0x0000000092000000|  0%| F|  |TAMS 0x0000000091f00000, 0x0000000091f00000| Untracked 
| 258|0x0000000092000000, 0x0000000092000000, 0x0000000092100000|  0%| F|  |TAMS 0x0000000092000000, 0x0000000092000000| Untracked 
| 259|0x0000000092100000, 0x0000000092100000, 0x0000000092200000|  0%| F|  |TAMS 0x0000000092100000, 0x0000000092100000| Untracked 
| 260|0x0000000092200000, 0x0000000092200000, 0x0000000092300000|  0%| F|  |TAMS 0x0000000092200000, 0x0000000092200000| Untracked 
| 261|0x0000000092300000, 0x0000000092300000, 0x0000000092400000|  0%| F|  |TAMS 0x0000000092300000, 0x0000000092300000| Untracked 
| 262|0x0000000092400000, 0x0000000092400000, 0x0000000092500000|  0%| F|  |TAMS 0x0000000092400000, 0x0000000092400000| Untracked 
| 263|0x0000000092500000, 0x0000000092500000, 0x0000000092600000|  0%| F|  |TAMS 0x0000000092500000, 0x0000000092500000| Untracked 
| 264|0x0000000092600000, 0x0000000092600000, 0x0000000092700000|  0%| F|  |TAMS 0x0000000092600000, 0x0000000092600000| Untracked 
| 265|0x0000000092700000, 0x0000000092700000, 0x0000000092800000|  0%| F|  |TAMS 0x0000000092700000, 0x0000000092700000| Untracked 
| 266|0x0000000092800000, 0x0000000092800000, 0x0000000092900000|  0%| F|  |TAMS 0x0000000092800000, 0x0000000092800000| Untracked 
| 267|0x0000000092900000, 0x00000000929a74f0, 0x0000000092a00000| 65%| S|CS|TAMS 0x0000000092900000, 0x0000000092900000| Complete 
| 268|0x0000000092a00000, 0x0000000092b00000, 0x0000000092b00000|100%| S|CS|TAMS 0x0000000092a00000, 0x0000000092a00000| Complete 
| 269|0x0000000092b00000, 0x0000000092c00000, 0x0000000092c00000|100%| S|CS|TAMS 0x0000000092b00000, 0x0000000092b00000| Complete 
| 270|0x0000000092c00000, 0x0000000092c00000, 0x0000000092d00000|  0%| F|  |TAMS 0x0000000092c00000, 0x0000000092c00000| Untracked 
| 271|0x0000000092d00000, 0x0000000092d00000, 0x0000000092e00000|  0%| F|  |TAMS 0x0000000092d00000, 0x0000000092d00000| Untracked 
| 272|0x0000000092e00000, 0x0000000092e00000, 0x0000000092f00000|  0%| F|  |TAMS 0x0000000092e00000, 0x0000000092e00000| Untracked 
| 273|0x0000000092f00000, 0x0000000092f00000, 0x0000000093000000|  0%| F|  |TAMS 0x0000000092f00000, 0x0000000092f00000| Untracked 

Card table byte_map: [0x000001cbe5300000,0x000001cbe5700000] _byte_map_base: 0x000001cbe4ef1000

Marking Bits (Prev, Next): (CMBitMap*) 0x000001cbdf1b2810, (CMBitMap*) 0x000001cbdf1b27d0
 Prev Bits: [0x000001cbe7a90000, 0x000001cbe9a18000)
 Next Bits: [0x000001cbe5b00000, 0x000001cbe7a88000)

Polling page: 0x000001cbdd0c0000

Metaspace:

Usage:
  Non-class:     30.68 MB used.
      Class:      4.53 MB used.
       Both:     35.21 MB used.

Virtual space:
  Non-class space:       32.00 MB reserved,      30.88 MB ( 96%) committed,  4 nodes.
      Class space:        1.00 GB reserved,       4.69 MB ( <1%) committed,  1 nodes.
             Both:        1.03 GB reserved,      35.56 MB (  3%) committed. 

Chunk freelists:
   Non-Class:  1.03 MB
       Class:  3.29 MB
        Both:  4.32 MB

MaxMetaspaceSize: unlimited
CompressedClassSpaceSize: 1.00 GB
Initial GC threshold: 21.00 MB
Current GC threshold: 59.06 MB
CDS: off
MetaspaceReclaimPolicy: balanced
 - commit_granule_bytes: 65536.
 - commit_granule_words: 8192.
 - virtual_space_node_default_size: 1048576.
 - enlarge_chunks_in_place: 1.
 - new_chunks_are_fully_committed: 0.
 - uncommit_free_chunks: 1.
 - use_allocation_guard: 0.
 - handle_deallocations: 1.


Internal statistics:

num_allocs_failed_limit: 3.
num_arena_births: 346.
num_arena_deaths: 0.
num_vsnodes_births: 5.
num_vsnodes_deaths: 0.
num_space_committed: 569.
num_space_uncommitted: 0.
num_chunks_returned_to_freelist: 3.
num_chunks_taken_from_freelist: 1380.
num_chunk_merges: 0.
num_chunk_splits: 934.
num_chunks_enlarged: 735.
num_purges: 0.
num_inconsistent_stats: 0.

CodeCache: size=49152Kb used=9202Kb max_used=9202Kb free=39949Kb
 bounds [0x000001cbe1df0000, 0x000001cbe26f0000, 0x000001cbe4df0000]
 total_blobs=4298 nmethods=3774 adapters=448
 compilation: enabled
              stopped_count=0, restarted_count=0
 full_count=0

Compilation events (20 events):
Event: 5.853 Thread 0x000001cbed0381e0 nmethod 3758 0x000001cbe26e0890 code [0x000001cbe26e0a40, 0x000001cbe26e0bd8]
Event: 5.853 Thread 0x000001cbed0381e0 3768       1       jdk.internal.module.SystemModuleFinders$SystemModuleReader::open (15 bytes)
Event: 5.853 Thread 0x000001cbec4aa3c0 nmethod 3767 0x000001cbe26e0d10 code [0x000001cbe26e0ee0, 0x000001cbe26e11d8]
Event: 5.853 Thread 0x000001cbec4aa3c0 3769       1       jdk.internal.jimage.BasicImageReader::findLocation (57 bytes)
Event: 5.853 Thread 0x000001cbed0a8400 nmethod 3766 0x000001cbe26e1390 code [0x000001cbe26e16e0, 0x000001cbe26e26f8]
Event: 5.853 Thread 0x000001cbed0381e0 nmethod 3768 0x000001cbe26e3210 code [0x000001cbe26e3420, 0x000001cbe26e39e8]
Event: 5.854 Thread 0x000001cbed0a8400 3749       1       jdk.internal.jimage.BasicImageReader::releaseByteBuffer (16 bytes)
Event: 5.854 Thread 0x000001cbed0381e0 3750       1       jdk.internal.jimage.ImageReader::releaseByteBuffer (5 bytes)
Event: 5.854 Thread 0x000001cbec4aa3c0 nmethod 3769 0x000001cbe26e8b10 code [0x000001cbe26e8d20, 0x000001cbe26e9248]
Event: 5.854 Thread 0x000001cbec4aa3c0 3771   !   1       jdk.internal.reflect.GeneratedMethodAccessor29::invoke (67 bytes)
Event: 5.854 Thread 0x000001cbec4aa8d0 nmethod 3744 0x000001cbe26e3d10 code [0x000001cbe26e4540, 0x000001cbe26e7088]
Event: 5.854 Thread 0x000001cbed0a8400 nmethod 3749 0x000001cbe26e9490 code [0x000001cbe26e9620, 0x000001cbe26e9768]
Event: 5.854 Thread 0x000001cbed0381e0 nmethod 3750 0x000001cbe26e9810 code [0x000001cbe26e99a0, 0x000001cbe26e9ae8]
Event: 5.854 Thread 0x000001cbec4aa3c0 nmethod 3771 0x000001cbe26e9b90 code [0x000001cbe26e9d80, 0x000001cbe26ea1b8]
Event: 5.928 Thread 0x000001cbec4aa3c0 3772  s!   1       jdk.internal.loader.URLClassPath::getLoader (196 bytes)
Event: 5.940 Thread 0x000001cbec4aa3c0 nmethod 3772 0x000001cbe26eaa90 code [0x000001cbe26ead40, 0x000001cbe26eb758]
Event: 5.973 Thread 0x000001cbec4aa8d0 3773       1       java.util.concurrent.ConcurrentHashMap::resizeStamp (9 bytes)
Event: 5.974 Thread 0x000001cbec4aa8d0 nmethod 3773 0x000001cbe26ec410 code [0x000001cbe26ec5a0, 0x000001cbe26ec668]
Event: 5.985 Thread 0x000001cbed0a8400 3774       1       java.util.concurrent.locks.ReentrantLock$NonfairSync::tryAcquire (27 bytes)
Event: 5.985 Thread 0x000001cbed0a8400 nmethod 3774 0x000001cbe26ec710 code [0x000001cbe26ec8a0, 0x000001cbe26eca18]

GC Heap History (20 events):
Event: 5.560 GC heap after
{Heap after GC invocations=12 (full 0):
 garbage-first heap   total 58368K, used 30629K [0x0000000081e00000, 0x0000000100000000)
  region size 1024K, 3 young (3072K), 3 survivors (3072K)
 Metaspace       used 35294K, committed 35648K, reserved 1081344K
  class space    used 4572K, committed 4736K, reserved 1048576K
}
Event: 5.580 GC heap before
{Heap before GC invocations=12 (full 0):
 garbage-first heap   total 58368K, used 43941K [0x0000000081e00000, 0x0000000100000000)
  region size 1024K, 16 young (16384K), 3 survivors (3072K)
 Metaspace       used 35370K, committed 35712K, reserved 1081344K
  class space    used 4582K, committed 4736K, reserved 1048576K
}
Event: 5.582 GC heap after
{Heap after GC invocations=13 (full 0):
 garbage-first heap   total 58368K, used 32718K [0x0000000081e00000, 0x0000000100000000)
  region size 1024K, 2 young (2048K), 2 survivors (2048K)
 Metaspace       used 35370K, committed 35712K, reserved 1081344K
  class space    used 4582K, committed 4736K, reserved 1048576K
}
Event: 5.606 GC heap before
{Heap before GC invocations=13 (full 0):
 garbage-first heap   total 71680K, used 45006K [0x0000000081e00000, 0x0000000100000000)
  region size 1024K, 14 young (14336K), 2 survivors (2048K)
 Metaspace       used 35379K, committed 35712K, reserved 1081344K
  class space    used 4587K, committed 4736K, reserved 1048576K
}
Event: 5.608 GC heap after
{Heap after GC invocations=14 (full 0):
 garbage-first heap   total 126976K, used 35100K [0x0000000081e00000, 0x0000000100000000)
  region size 1024K, 2 young (2048K), 2 survivors (2048K)
 Metaspace       used 35379K, committed 35712K, reserved 1081344K
  class space    used 4587K, committed 4736K, reserved 1048576K
}
Event: 5.745 GC heap before
{Heap before GC invocations=15 (full 0):
 garbage-first heap   total 126976K, used 86300K [0x0000000081e00000, 0x0000000100000000)
  region size 1024K, 53 young (54272K), 2 survivors (2048K)
 Metaspace       used 35601K, committed 35904K, reserved 1081344K
  class space    used 4604K, committed 4736K, reserved 1048576K
}
Event: 5.753 GC heap after
{Heap after GC invocations=16 (full 0):
 garbage-first heap   total 126976K, used 48119K [0x0000000081e00000, 0x0000000100000000)
  region size 1024K, 7 young (7168K), 7 survivors (7168K)
 Metaspace       used 35601K, committed 35904K, reserved 1081344K
  class space    used 4604K, committed 4736K, reserved 1048576K
}
Event: 5.813 GC heap before
{Heap before GC invocations=16 (full 0):
 garbage-first heap   total 126976K, used 86007K [0x0000000081e00000, 0x0000000100000000)
  region size 1024K, 43 young (44032K), 7 survivors (7168K)
 Metaspace       used 35737K, committed 36160K, reserved 1081344K
  class space    used 4618K, committed 4800K, reserved 1048576K
}
Event: 5.835 GC heap after
{Heap after GC invocations=17 (full 0):
 garbage-first heap   total 126976K, used 64150K [0x0000000081e00000, 0x0000000100000000)
  region size 1024K, 6 young (6144K), 6 survivors (6144K)
 Metaspace       used 35737K, committed 36160K, reserved 1081344K
  class space    used 4618K, committed 4800K, reserved 1048576K
}
Event: 5.849 GC heap before
{Heap before GC invocations=17 (full 0):
 garbage-first heap   total 126976K, used 90774K [0x0000000081e00000, 0x0000000100000000)
  region size 1024K, 33 young (33792K), 6 survivors (6144K)
 Metaspace       used 35801K, committed 36160K, reserved 1081344K
  class space    used 4618K, committed 4800K, reserved 1048576K
}
Event: 5.852 GC heap after
{Heap after GC invocations=18 (full 0):
 garbage-first heap   total 126976K, used 67799K [0x0000000081e00000, 0x0000000100000000)
  region size 1024K, 3 young (3072K), 3 survivors (3072K)
 Metaspace       used 35801K, committed 36160K, reserved 1081344K
  class space    used 4618K, committed 4800K, reserved 1048576K
}
Event: 5.861 GC heap before
{Heap before GC invocations=18 (full 0):
 garbage-first heap   total 126976K, used 94423K [0x0000000081e00000, 0x0000000100000000)
  region size 1024K, 30 young (30720K), 3 survivors (3072K)
 Metaspace       used 35810K, committed 36160K, reserved 1081344K
  class space    used 4619K, committed 4800K, reserved 1048576K
}
Event: 5.863 GC heap after
{Heap after GC invocations=19 (full 0):
 garbage-first heap   total 280576K, used 68351K [0x0000000081e00000, 0x0000000100000000)
  region size 1024K, 3 young (3072K), 3 survivors (3072K)
 Metaspace       used 35810K, committed 36160K, reserved 1081344K
  class space    used 4619K, committed 4800K, reserved 1048576K
}
Event: 5.901 GC heap before
{Heap before GC invocations=19 (full 0):
 garbage-first heap   total 280576K, used 171775K [0x0000000081e00000, 0x0000000100000000)
  region size 1024K, 105 young (107520K), 3 survivors (3072K)
 Metaspace       used 35856K, committed 36224K, reserved 1081344K
  class space    used 4625K, committed 4800K, reserved 1048576K
}
Event: 5.904 GC heap after
{Heap after GC invocations=20 (full 0):
 garbage-first heap   total 280576K, used 72353K [0x0000000081e00000, 0x0000000100000000)
  region size 1024K, 7 young (7168K), 7 survivors (7168K)
 Metaspace       used 35856K, committed 36224K, reserved 1081344K
  class space    used 4625K, committed 4800K, reserved 1048576K
}
Event: 5.957 GC heap before
{Heap before GC invocations=20 (full 0):
 garbage-first heap   total 280576K, used 205473K [0x0000000081e00000, 0x0000000100000000)
  region size 1024K, 139 young (142336K), 7 survivors (7168K)
 Metaspace       used 36045K, committed 36416K, reserved 1081344K
  class space    used 4636K, committed 4800K, reserved 1048576K
}
Event: 5.963 GC heap after
{Heap after GC invocations=21 (full 0):
 garbage-first heap   total 280576K, used 76373K [0x0000000081e00000, 0x0000000100000000)
  region size 1024K, 12 young (12288K), 12 survivors (12288K)
 Metaspace       used 36045K, committed 36416K, reserved 1081344K
  class space    used 4636K, committed 4800K, reserved 1048576K
}
Event: 5.988 GC heap before
{Heap before GC invocations=22 (full 0):
 garbage-first heap   total 280576K, used 213589K [0x0000000081e00000, 0x0000000100000000)
  region size 1024K, 147 young (150528K), 12 survivors (12288K)
 Metaspace       used 36051K, committed 36416K, reserved 1081344K
  class space    used 4637K, committed 4800K, reserved 1048576K
}
Event: 5.994 GC heap after
{Heap after GC invocations=23 (full 0):
 garbage-first heap   total 280576K, used 82404K [0x0000000081e00000, 0x0000000100000000)
  region size 1024K, 16 young (16384K), 16 survivors (16384K)
 Metaspace       used 36051K, committed 36416K, reserved 1081344K
  class space    used 4637K, committed 4800K, reserved 1048576K
}
Event: 5.995 GC heap before
{Heap before GC invocations=23 (full 0):
 garbage-first heap   total 280576K, used 85476K [0x0000000081e00000, 0x0000000100000000)
  region size 1024K, 20 young (20480K), 16 survivors (16384K)
 Metaspace       used 36051K, committed 36416K, reserved 1081344K
  class space    used 4637K, committed 4800K, reserved 1048576K
}

Deoptimization events (12 events):
Event: 1.631 Thread 0x000001cbdf155d60 DEOPT PACKING pc=0x000001cbe2350219 sp=0x0000008317dfd6a0
Event: 1.631 Thread 0x000001cbdf155d60 DEOPT UNPACKING pc=0x000001cbe1e42b43 sp=0x0000008317dfcb80 mode 3
Event: 4.722 Thread 0x000001cbdf155d60 DEOPT PACKING pc=0x000001cbe24c6819 sp=0x0000008317dfca80
Event: 4.722 Thread 0x000001cbdf155d60 DEOPT UNPACKING pc=0x000001cbe1e42b43 sp=0x0000008317dfbf60 mode 3
Event: 5.321 Thread 0x000001cbeee2d800 DEOPT PACKING pc=0x000001cbe257dd35 sp=0x0000008319efd6c0
Event: 5.322 Thread 0x000001cbeee2d800 DEOPT UNPACKING pc=0x000001cbe1e42b43 sp=0x0000008319efcbd8 mode 3
Event: 5.368 Thread 0x000001cbeee2bd80 DEOPT PACKING pc=0x000001cbe2592fab sp=0x0000008319ffe850
Event: 5.368 Thread 0x000001cbeee2bd80 DEOPT UNPACKING pc=0x000001cbe1e42b43 sp=0x0000008319ffdd98 mode 3
Event: 5.436 Thread 0x000001cbeedf0010 DEOPT PACKING pc=0x000001cbe234ec01 sp=0x0000008319dfdc10
Event: 5.436 Thread 0x000001cbeedf0010 DEOPT UNPACKING pc=0x000001cbe1e42b43 sp=0x0000008319dfd0a0 mode 3
Event: 5.436 Thread 0x000001cbeee2d800 DEOPT PACKING pc=0x000001cbe234c497 sp=0x0000008319eff170
Event: 5.436 Thread 0x000001cbeee2d800 DEOPT UNPACKING pc=0x000001cbe1e42b43 sp=0x0000008319efe5c8 mode 3

Classes unloaded (0 events):
No events

Classes redefined (0 events):
No events

Internal exceptions (20 events):
Event: 5.388 Thread 0x000001cbee95adf0 Exception <a 'sun/nio/fs/WindowsException'{0x000000008472bea8}> (0x000000008472bea8) 
thrown [s\src\hotspot\share\prims\jni.cpp, line 516]
Event: 5.388 Thread 0x000001cbee95adf0 Exception <a 'sun/nio/fs/WindowsException'{0x000000008472c2b8}> (0x000000008472c2b8) 
thrown [s\src\hotspot\share\prims\jni.cpp, line 516]
Event: 5.388 Thread 0x000001cbee95adf0 Exception <a 'sun/nio/fs/WindowsException'{0x000000008460b010}> (0x000000008460b010) 
thrown [s\src\hotspot\share\prims\jni.cpp, line 516]
Event: 5.388 Thread 0x000001cbee95adf0 Exception <a 'sun/nio/fs/WindowsException'{0x000000008460b3f0}> (0x000000008460b3f0) 
thrown [s\src\hotspot\share\prims\jni.cpp, line 516]
Event: 5.388 Thread 0x000001cbee95adf0 Exception <a 'sun/nio/fs/WindowsException'{0x000000008460bde0}> (0x000000008460bde0) 
thrown [s\src\hotspot\share\prims\jni.cpp, line 516]
Event: 5.388 Thread 0x000001cbee95adf0 Exception <a 'sun/nio/fs/WindowsException'{0x000000008460c188}> (0x000000008460c188) 
thrown [s\src\hotspot\share\prims\jni.cpp, line 516]
Event: 5.388 Thread 0x000001cbee95adf0 Exception <a 'sun/nio/fs/WindowsException'{0x000000008460cb88}> (0x000000008460cb88) 
thrown [s\src\hotspot\share\prims\jni.cpp, line 516]
Event: 5.389 Thread 0x000001cbee95adf0 Exception <a 'sun/nio/fs/WindowsException'{0x000000008460cf48}> (0x000000008460cf48) 
thrown [s\src\hotspot\share\prims\jni.cpp, line 516]
Event: 5.389 Thread 0x000001cbee95adf0 Exception <a 'sun/nio/fs/WindowsException'{0x000000008460d948}> (0x000000008460d948) 
thrown [s\src\hotspot\share\prims\jni.cpp, line 516]
Event: 5.389 Thread 0x000001cbee95adf0 Exception <a 'sun/nio/fs/WindowsException'{0x000000008460dcf8}> (0x000000008460dcf8) 
thrown [s\src\hotspot\share\prims\jni.cpp, line 516]
Event: 5.389 Thread 0x000001cbee95adf0 Exception <a 'sun/nio/fs/WindowsException'{0x000000008460e6f8}> (0x000000008460e6f8) 
thrown [s\src\hotspot\share\prims\jni.cpp, line 516]
Event: 5.389 Thread 0x000001cbee95adf0 Exception <a 'sun/nio/fs/WindowsException'{0x000000008460eab8}> (0x000000008460eab8) 
thrown [s\src\hotspot\share\prims\jni.cpp, line 516]
Event: 5.389 Thread 0x000001cbee95adf0 Exception <a 'sun/nio/fs/WindowsException'{0x000000008460f4e0}> (0x000000008460f4e0) 
thrown [s\src\hotspot\share\prims\jni.cpp, line 516]
Event: 5.389 Thread 0x000001cbee95adf0 Exception <a 'sun/nio/fs/WindowsException'{0x000000008460f8c0}> (0x000000008460f8c0) 
thrown [s\src\hotspot\share\prims\jni.cpp, line 516]
Event: 5.389 Thread 0x000001cbee95adf0 Exception <a 'sun/nio/fs/WindowsException'{0x00000000846102f8}> (0x00000000846102f8) 
thrown [s\src\hotspot\share\prims\jni.cpp, line 516]
Event: 5.389 Thread 0x000001cbee95adf0 Exception <a 'sun/nio/fs/WindowsException'{0x00000000846106e8}> (0x00000000846106e8) 
thrown [s\src\hotspot\share\prims\jni.cpp, line 516]
Event: 5.389 Thread 0x000001cbee95adf0 Exception <a 'sun/nio/fs/WindowsException'{0x0000000084611110}> (0x0000000084611110) 
thrown [s\src\hotspot\share\prims\jni.cpp, line 516]
Event: 5.390 Thread 0x000001cbee95adf0 Exception <a 'sun/nio/fs/WindowsException'{0x0000000084611500}> (0x0000000084611500) 
thrown [s\src\hotspot\share\prims\jni.cpp, line 516]
Event: 5.403 Thread 0x000001cbeee2d800 Exception <a 'java/lang/NoSuchMethodError'{0x0000000084037c38}: 'int java.lang.invoke.DirectMethodHandle$Holder.invokeStatic(java.lang.Object)'> (0x0000000084037c38) 
thrown [s\src\hotspot\share\interpreter\linkResolver.cpp, line 759]
Event: 5.404 Thread 0x000001cbeee2d800 Exception <a 'java/lang/NoSuchMethodError'{0x000000008403b2e0}: 'int java.lang.invoke.DirectMethodHandle$Holder.invokeStaticInit(java.lang.Object)'> (0x000000008403b2e0) 
thrown [s\src\hotspot\share\interpreter\linkResolver.cpp, line 759]

VM Operations (20 events):
Event: 5.901 Executing VM operation: HandshakeAllThreads done
Event: 5.901 Executing VM operation: G1CollectForAllocation
Event: 5.904 Executing VM operation: G1CollectForAllocation done
Event: 5.905 Executing VM operation: HandshakeAllThreads
Event: 5.918 Executing VM operation: HandshakeAllThreads done
Event: 5.918 Executing VM operation: G1Concurrent
Event: 5.928 Executing VM operation: G1Concurrent done
Event: 5.956 Executing VM operation: G1CollectForAllocation
Event: 5.957 Executing VM operation: G1CollectForAllocation done
Event: 5.957 Executing VM operation: G1CollectForAllocation
Event: 5.963 Executing VM operation: G1CollectForAllocation done
Event: 5.963 Executing VM operation: G1Concurrent
Event: 5.963 Executing VM operation: G1Concurrent done
Event: 5.988 Executing VM operation: G1CollectForAllocation
Event: 5.988 Executing VM operation: G1CollectForAllocation done
Event: 5.988 Executing VM operation: G1CollectForAllocation
Event: 5.994 Executing VM operation: G1CollectForAllocation done
Event: 5.995 Executing VM operation: G1CollectForAllocation
Event: 5.995 Executing VM operation: G1CollectForAllocation done
Event: 5.995 Executing VM operation: G1CollectForAllocation

Events (20 events):
Event: 5.516 loading class jdk/internal/module/SystemModuleFinders$ModuleContentSpliterator
Event: 5.516 loading class jdk/internal/module/SystemModuleFinders$ModuleContentSpliterator done
Event: 5.517 loading class jdk/internal/jimage/ImageReader$Directory
Event: 5.517 loading class jdk/internal/jimage/ImageReader$Node
Event: 5.517 loading class jdk/internal/jimage/ImageReader$Node done
Event: 5.517 loading class jdk/internal/jimage/ImageReader$Directory done
Event: 5.517 loading class jdk/internal/jimage/ImageReader$SharedImageReader$LocationVisitor
Event: 5.517 loading class jdk/internal/jimage/ImageReader$SharedImageReader$LocationVisitor done
Event: 5.517 loading class java/nio/ByteBufferAsIntBufferL
Event: 5.517 loading class java/nio/ByteBufferAsIntBufferL done
Event: 5.518 loading class jdk/internal/jimage/ImageReader$Resource
Event: 5.518 loading class jdk/internal/jimage/ImageReader$Resource done
Event: 5.518 loading class java/util/stream/LongStream
Event: 5.519 loading class java/util/stream/LongStream done
Event: 5.519 loading class java/util/stream/DoubleStream
Event: 5.519 loading class java/util/stream/DoubleStream done
Event: 5.577 loading class java/util/ServiceConfigurationError
Event: 5.577 loading class java/util/ServiceConfigurationError done
Event: 5.603 loading class java/util/stream/Nodes$SpinedNodeBuilder
Event: 5.603 loading class java/util/stream/Nodes$SpinedNodeBuilder done


Dynamic libraries:
0x00007ff62bf60000 - 0x00007ff62bf6e000 	c:\Users\S_O_A\.vscode\extensions\redhat.java-1.11.0-win32-x64\jre\17.0.4.1-win32-x86_64\bin\java.exe
0x00007ffdfd950000 - 0x00007ffdfdb48000 	C:\Windows\SYSTEM32\ntdll.dll
0x00007ffdfba60000 - 0x00007ffdfbb1d000 	C:\Windows\System32\KERNEL32.DLL
0x00007ffdfb6d0000 - 0x00007ffdfb9a2000 	C:\Windows\System32\KERNELBASE.dll
0x00007ffdfb0b0000 - 0x00007ffdfb1b0000 	C:\Windows\System32\ucrtbase.dll
0x00007ffde9590000 - 0x00007ffde95a9000 	c:\Users\S_O_A\.vscode\extensions\redhat.java-1.11.0-win32-x64\jre\17.0.4.1-win32-x86_64\bin\VCRUNTIME140.dll
0x00007ffde9260000 - 0x00007ffde9278000 	c:\Users\S_O_A\.vscode\extensions\redhat.java-1.11.0-win32-x64\jre\17.0.4.1-win32-x86_64\bin\jli.dll
0x00007ffdfbdf0000 - 0x00007ffdfbf8d000 	C:\Windows\System32\USER32.dll
0x00007ffdfb290000 - 0x00007ffdfb2b2000 	C:\Windows\System32\win32u.dll
0x00007ffde79a0000 - 0x00007ffde7c3a000 	C:\Windows\WinSxS\amd64_microsoft.windows.common-controls_6595b64144ccf1df_6.0.19041.1110_none_60b5254171f9507e\COMCTL32.dll
0x00007ffdfcee0000 - 0x00007ffdfcf0b000 	C:\Windows\System32\GDI32.dll
0x00007ffdfc910000 - 0x00007ffdfc9ae000 	C:\Windows\System32\msvcrt.dll
0x00007ffdfb2c0000 - 0x00007ffdfb3cf000 	C:\Windows\System32\gdi32full.dll
0x00007ffdfb630000 - 0x00007ffdfb6cd000 	C:\Windows\System32\msvcp_win.dll
0x00007ffdfcf20000 - 0x00007ffdfcf50000 	C:\Windows\System32\IMM32.DLL
0x00007ffdf3e60000 - 0x00007ffdf3e6c000 	c:\Users\S_O_A\.vscode\extensions\redhat.java-1.11.0-win32-x64\jre\17.0.4.1-win32-x86_64\bin\vcruntime140_1.dll
0x00007ffdbfa80000 - 0x00007ffdbfb11000 	c:\Users\S_O_A\.vscode\extensions\redhat.java-1.11.0-win32-x64\jre\17.0.4.1-win32-x86_64\bin\msvcp140.dll
0x00007ffd9cc00000 - 0x00007ffd9d846000 	c:\Users\S_O_A\.vscode\extensions\redhat.java-1.11.0-win32-x64\jre\17.0.4.1-win32-x86_64\bin\server\jvm.dll
0x00007ffdfcfb0000 - 0x00007ffdfd05e000 	C:\Windows\System32\ADVAPI32.dll
0x00007ffdfcde0000 - 0x00007ffdfce7c000 	C:\Windows\System32\sechost.dll
0x00007ffdfcbe0000 - 0x00007ffdfcd05000 	C:\Windows\System32\RPCRT4.dll
0x00007ffdfcf10000 - 0x00007ffdfcf18000 	C:\Windows\System32\PSAPI.DLL
0x00007ffde5f40000 - 0x00007ffde5f49000 	C:\Windows\SYSTEM32\WSOCK32.dll
0x00007ffdf6a00000 - 0x00007ffdf6a27000 	C:\Windows\SYSTEM32\WINMM.dll
0x00007ffdfcb70000 - 0x00007ffdfcbdb000 	C:\Windows\System32\WS2_32.dll
0x00007ffdf4a90000 - 0x00007ffdf4a9a000 	C:\Windows\SYSTEM32\VERSION.dll
0x00007ffdf8f20000 - 0x00007ffdf8f32000 	C:\Windows\SYSTEM32\kernel.appcore.dll
0x00007ffdebbe0000 - 0x00007ffdebbea000 	c:\Users\S_O_A\.vscode\extensions\redhat.java-1.11.0-win32-x64\jre\17.0.4.1-win32-x86_64\bin\jimage.dll
0x00007ffde9000000 - 0x00007ffde91e4000 	C:\Windows\SYSTEM32\DBGHELP.DLL
0x00007ffde8fd0000 - 0x00007ffde8ffc000 	C:\Windows\SYSTEM32\dbgcore.DLL
0x00007ffdfb3d0000 - 0x00007ffdfb452000 	C:\Windows\System32\bcryptPrimitives.dll
0x00007ffdda450000 - 0x00007ffdda475000 	c:\Users\S_O_A\.vscode\extensions\redhat.java-1.11.0-win32-x64\jre\17.0.4.1-win32-x86_64\bin\java.dll
0x00007ffdda6a0000 - 0x00007ffdda6b8000 	c:\Users\S_O_A\.vscode\extensions\redhat.java-1.11.0-win32-x64\jre\17.0.4.1-win32-x86_64\bin\zip.dll
0x00007ffdfd060000 - 0x00007ffdfd7a3000 	C:\Windows\System32\SHELL32.dll
0x00007ffdf9120000 - 0x00007ffdf98b1000 	C:\Windows\SYSTEM32\windows.storage.dll
0x00007ffdfc0b0000 - 0x00007ffdfc404000 	C:\Windows\System32\combase.dll
0x00007ffdfaac0000 - 0x00007ffdfaaf0000 	C:\Windows\SYSTEM32\Wldp.dll
0x00007ffdfb9b0000 - 0x00007ffdfba5d000 	C:\Windows\System32\SHCORE.dll
0x00007ffdfbd90000 - 0x00007ffdfbde5000 	C:\Windows\System32\shlwapi.dll
0x00007ffdfafa0000 - 0x00007ffdfafbf000 	C:\Windows\SYSTEM32\profapi.dll
0x00007ffde92a0000 - 0x00007ffde92b9000 	C:\Users\S_O_A\.vscode\extensions\redhat.java-1.11.0-win32-x64\jre\17.0.4.1-win32-x86_64\bin\net.dll
0x00007ffded8c0000 - 0x00007ffded9cd000 	C:\Windows\SYSTEM32\WINHTTP.dll
0x00007ffdfa820000 - 0x00007ffdfa88a000 	C:\Windows\system32\mswsock.dll
0x00007ffde9280000 - 0x00007ffde9295000 	C:\Users\S_O_A\.vscode\extensions\redhat.java-1.11.0-win32-x64\jre\17.0.4.1-win32-x86_64\bin\nio.dll
0x00007ffde9250000 - 0x00007ffde9260000 	c:\Users\S_O_A\.vscode\extensions\redhat.java-1.11.0-win32-x64\jre\17.0.4.1-win32-x86_64\bin\verify.dll
0x00007ffde91f0000 - 0x00007ffde91f9000 	C:\Users\S_O_A\.vscode\extensions\redhat.java-1.11.0-win32-x64\jre\17.0.4.1-win32-x86_64\bin\management.dll
0x00007ffde7c60000 - 0x00007ffde7c6b000 	C:\Users\S_O_A\.vscode\extensions\redhat.java-1.11.0-win32-x64\jre\17.0.4.1-win32-x86_64\bin\management_ext.dll
0x00007ffdd9720000 - 0x00007ffdd9737000 	C:\Windows\system32\napinsp.dll
0x00007ffdd9700000 - 0x00007ffdd971b000 	C:\Windows\system32\pnrpnsp.dll
0x00007ffdd96e0000 - 0x00007ffdd96f5000 	C:\Windows\system32\wshbth.dll
0x00007ffdf69e0000 - 0x00007ffdf69fd000 	C:\Windows\system32\NLAapi.dll
0x00007ffdfa4c0000 - 0x00007ffdfa4fb000 	C:\Windows\SYSTEM32\IPHLPAPI.DLL
0x00007ffdfa500000 - 0x00007ffdfa5ca000 	C:\Windows\SYSTEM32\DNSAPI.dll
0x00007ffdfbcb0000 - 0x00007ffdfbcb8000 	C:\Windows\System32\NSI.dll
0x00007ffdd96c0000 - 0x00007ffdd96d2000 	C:\Windows\System32\winrnr.dll
0x00007ffded520000 - 0x00007ffded52a000 	C:\Windows\System32\rasadhlp.dll
0x00007ffded840000 - 0x00007ffded8c0000 	C:\Windows\System32\fwpuclnt.dll
0x00007ffdfb1b0000 - 0x00007ffdfb1d7000 	C:\Windows\System32\bcrypt.dll
0x00007ffdfaa10000 - 0x00007ffdfaa28000 	C:\Windows\SYSTEM32\CRYPTSP.dll
0x00007ffdfa0d0000 - 0x00007ffdfa104000 	C:\Windows\system32\rsaenh.dll
0x00007ffdfaf60000 - 0x00007ffdfaf8e000 	C:\Windows\SYSTEM32\USERENV.dll
0x00007ffdfaa30000 - 0x00007ffdfaa3c000 	C:\Windows\SYSTEM32\CRYPTBASE.dll
0x00007ffdf3900000 - 0x00007ffdf3917000 	C:\Windows\SYSTEM32\dhcpcsvc6.DLL
0x00007ffdf4770000 - 0x00007ffdf478d000 	C:\Windows\SYSTEM32\dhcpcsvc.DLL

dbghelp: loaded successfully - version: 4.0.5 - missing functions: none
symbol engine: initialized successfully - sym options: 0x614 - pdb path: .;c:\Users\S_O_A\.vscode\extensions\redhat.java-1.11.0-win32-x64\jre\17.0.4.1-win32-x86_64\bin;C:\Windows\SYSTEM32;C:\Windows\WinSxS\amd64_microsoft.windows.common-controls_6595b64144ccf1df_6.0.19041.1110_none_60b5254171f9507e;c:\Users\S_O_A\.vscode\extensions\redhat.java-1.11.0-win32-x64\jre\17.0.4.1-win32-x86_64\bin\server

VM Arguments:
jvm_args: -Dsts.lsp.client=vscode -Dsts.log.file=/dev/null -XX:TieredStopAtLevel=1 -Xlog:jni+resolve=off -Dspring.config.location=file:c:\Users\S_O_A\.vscode\extensions\pivotal.vscode-spring-boot-1.40.0\language-server\BOOT-INF\classes\application.properties 
java_command: org.springframework.ide.vscode.boot.app.BootLanguageServerBootApp
java_class_path (initial): c:\Users\S_O_A\.vscode\extensions\pivotal.vscode-spring-boot-1.40.0\language-server\BOOT-INF\classes;c:\Users\S_O_A\.vscode\extensions\pivotal.vscode-spring-boot-1.40.0\language-server\BOOT-INF\lib\annotations-23.0.0.jar;c:\Users\S_O_A\.vscode\extensions\pivotal.vscode-spring-boot-1.40.0\language-server\BOOT-INF\lib\ant-1.10.12.jar;c:\Users\S_O_A\.vscode\extensions\pivotal.vscode-spring-boot-1.40.0\language-server\BOOT-INF\lib\ant-launcher-1.10.12.jar;c:\Users\S_O_A\.vscode\extensions\pivotal.vscode-spring-boot-1.40.0\language-server\BOOT-INF\lib\antlr-runtime-3.5.2.jar;c:\Users\S_O_A\.vscode\extensions\pivotal.vscode-spring-boot-1.40.0\language-server\BOOT-INF\lib\antlr4-4.9.3.jar;c:\Users\S_O_A\.vscode\extensions\pivotal.vscode-spring-boot-1.40.0\language-server\BOOT-INF\lib\antlr4-runtime-4.9.3.jar;c:\Users\S_O_A\.vscode\extensions\pivotal.vscode-spring-boot-1.40.0\language-server\BOOT-INF\lib\asm-9.3.jar;c:\Users\S_O_A\.vscode\extensions\pivotal.vscode-spring-boot-1.40.0\language-server\BOOT-INF\lib\asm-analysis-9.3.jar;c:\Users\S_O_A\.vscode\extensions\pivotal.vscode-spring-boot-1.40.0\language-server\BOOT-INF\lib\asm-tree-9.3.jar;c:\Users\S_O_A\.vscode\extensions\pivotal.vscode-spring-boot-1.40.0\language-server\BOOT-INF\lib\asm-util-9.3.jar;c:\Users\S_O_A\.vscode\extensions\pivotal.vscode-spring-boot-1.40.0\language-server\BOOT-INF\lib\byte-buddy-1.12.13.jar;c:\Users\S_O_A\.vscode\extensions\pivotal.vscode-spring-boot-1.40.0\language-server\BOOT-INF\lib\caffeine-2.9.3.jar;c:\Users\S_O_A\.vscode\extensions\pivotal.vscode-spring-boot-1.40.0\language-server\BOOT-INF\lib\checker-qual-3.12.0.jar;c:\Users\S_O_A\.vscode\extensions\pivotal.vscode-spring-boot-1.40.0\language-server\BOOT-INF\lib\classgraph-4.8.149.jar;c:\Users\S_O_A\.vscode\extensions\pivotal.vscode-spring-boot-1.40.0\language-server\BOOT-INF\lib\commons-codec-1.15.jar;c:\Users\S_O_A\.vscode\extensions\pivotal.vscode-spring-boot-1.40.0\language-server\BOOT-INF\lib\commons-c
Launcher Type: SUN_STANDARD

[Global flags]
     intx CICompilerCount                          = 4                                         {product} {ergonomic}
     uint ConcGCThreads                            = 2                                         {product} {ergonomic}
     uint G1ConcRefinementThreads                  = 8                                         {product} {ergonomic}
   size_t G1HeapRegionSize                         = 1048576                                   {product} {ergonomic}
    uintx GCDrainStackTargetSize                   = 64                                        {product} {ergonomic}
   size_t InitialHeapSize                          = 134217728                                 {product} {ergonomic}
   size_t MarkStackSize                            = 4194304                                   {product} {ergonomic}
   size_t MaxHeapSize                              = 2116026368                                {product} {ergonomic}
   size_t MaxNewSize                               = 1268776960                                {product} {ergonomic}
   size_t MinHeapDeltaBytes                        = 1048576                                   {product} {ergonomic}
   size_t MinHeapSize                              = 8388608                                   {product} {ergonomic}
    uintx NonProfiledCodeHeapSize                  = 0                                      {pd product} {ergonomic}
     bool ProfileInterpreter                       = false                                  {pd product} {command line}
    uintx ProfiledCodeHeapSize                     = 0                                      {pd product} {ergonomic}
   size_t SoftMaxHeapSize                          = 2116026368                             {manageable} {ergonomic}
     intx TieredStopAtLevel                        = 1                                         {product} {command line}
     bool UseCompressedClassPointers               = true                           {product lp64_product} {ergonomic}
     bool UseCompressedOops                        = true                           {product lp64_product} {ergonomic}
     bool UseG1GC                                  = true                                      {product} {ergonomic}
     bool UseLargePagesIndividualAllocation        = false                                  {pd product} {ergonomic}

Logging:
Log output configuration:
 #0: stdout all=warning,jni+resolve=off uptime,level,tags
 #1: stderr all=off uptime,level,tags

Environment Variables:
JAVA_HOME=C:\Program Files\Java\jdk-11.0.16.1
PATH=C:\Program Files\Java\jdk-11.0.16.1\bin;C:\Program Files\Maven\apache-maven-3.8.6\bin;C:\Program Files\Common Files\Oracle\Java\javapath;C:\app\S_O_A\product\21c\dbhomeXE\bin;c:\huawei\cti;c:\huawei\csp6;C:\Windows\system32;C:\Windows;C:\Windows\System32\Wbem;C:\Windows\System32\WindowsPowerShell\v1.0\;C:\Windows\System32\OpenSSH\;C:\Program Files\dotnet\;C:\Program Files\Git\cmd;C:\Users\S_O_A\AppData\Local\Microsoft\WindowsApps;C:\Users\S_O_A\AppData\Local\Programs\Microsoft VS Code\bin;C:\Users\S_O_A\AppData\Local\atom\bin;C:\Users\S_O_A\.dotnet\tools
USERNAME=S_O_A
OS=Windows_NT
PROCESSOR_IDENTIFIER=Intel64 Family 6 Model 142 Stepping 10, GenuineIntel
TMP=C:\Users\S_O_A\AppData\Local\Temp
TEMP=C:\Users\S_O_A\AppData\Local\Temp



---------------  S Y S T E M  ---------------

OS:
 Windows 10 , 64 bit Build 19041 (10.0.19041.1889)
OS uptime: 0 days 13:54 hours

CPU: total 8 (initial active 8) (4 cores per cpu, 2 threads per core) family 6 model 142 stepping 10 microcode 0xb4, cx8, cmov, fxsr, ht, mmx, 3dnowpref, sse, sse2, sse3, ssse3, sse4.1, sse4.2, popcnt, lzcnt, tsc, tscinvbit, avx, avx2, aes, erms, clmul, bmi1, bmi2, adx, fma, vzeroupper, clflush, clflushopt

Memory: 4k page, system-wide physical 8066M (1526M free)
TotalPageFile size 10114M (AvailPageFile size 284M)
current process WorkingSet (physical memory assigned to process): 384M, peak: 384M
current process commit charge ("private bytes"): 420M, peak: 906M

vm_info: OpenJDK 64-Bit Server VM (17.0.4.1+1) for windows-amd64 JRE (17.0.4.1+1), built on Aug 17 2022 07:42:43 by "temurin" with MS VC++ 16.7 (VS2019)

END.
