#
# There is insufficient memory for the Java Runtime Environment to continue.
# Native memory allocation (mmap) failed to map 336592896 bytes for G1 virtual space
# Possible reasons:
#   The system is out of physical RAM or swap space
#   The process is running with CompressedOops enabled, and the Java Heap may be blocking the growth of the native heap
# Possible solutions:
#   Reduce memory load on the system
#   Increase physical memory or swap space
#   Check if swap backing store is full
#   Decrease Java heap size (-Xmx/-Xms)
#   Decrease number of Java threads
#   Decrease Java thread stack sizes (-Xss)
#   Set larger code cache with -XX:ReservedCodeCacheSize=
#   JVM is running with Unscaled Compressed Oops mode in which the Java heap is
#     placed in the first 4GB address space. The Java Heap base address is the
#     maximum limit for the native heap growth. Please use -XX:HeapBaseMinAddress
#     to set the Java Heap base and to place the Java Heap above 4GB virtual address.
# This output file may be truncated or incomplete.
#
#  Out of Memory Error (os_windows.cpp:3541), pid=9656, tid=2316
#
# JRE version: OpenJDK Runtime Environment Temurin-17.0.4.1+1 (17.0.4.1+1) (build 17.0.4.1+1)
# Java VM: OpenJDK 64-Bit Server VM Temurin-17.0.4.1+1 (17.0.4.1+1, mixed mode, emulated-client, tiered, compressed oops, compressed class ptrs, g1 gc, windows-amd64)
# No core dump will be written. Minidumps are not enabled by default on client versions of Windows
#

---------------  S U M M A R Y ------------

Command Line: -Dsts.lsp.client=vscode -Dsts.log.file=/dev/null -XX:TieredStopAtLevel=1 -Xlog:jni+resolve=off -Dspring.config.location=file:c:\Users\S_O_A\.vscode\extensions\pivotal.vscode-spring-boot-1.40.0\language-server\BOOT-INF\classes\application.properties org.springframework.ide.vscode.boot.app.BootLanguageServerBootApp

Host: Intel(R) Core(TM) i7-8550U CPU @ 1.80GHz, 8 cores, 7G,  Windows 10 , 64 bit Build 19041 (10.0.19041.1889)
Time: Thu Nov  3 17:00:43 2022 Hora est. Pacífico, Sudamérica elapsed time: 6.224967 seconds (0d 0h 0m 6s)

---------------  T H R E A D  ---------------

Current thread (0x000001d37faa7420):  VMThread "VM Thread" [stack: 0x000000a8deb00000,0x000000a8dec00000] [id=2316]

Stack: [0x000000a8deb00000,0x000000a8dec00000]
Native frames: (J=compiled Java code, j=interpreted, Vv=VM code, C=native code)
V  [jvm.dll+0x67731a]
V  [jvm.dll+0x832284]
V  [jvm.dll+0x833a2e]
V  [jvm.dll+0x834093]
V  [jvm.dll+0x245775]
V  [jvm.dll+0x674209]
V  [jvm.dll+0x668a92]
V  [jvm.dll+0x30471b]
V  [jvm.dll+0x30bc66]
V  [jvm.dll+0x35ba9e]
V  [jvm.dll+0x35bccf]
V  [jvm.dll+0x2db5b8]
V  [jvm.dll+0x2d986c]
V  [jvm.dll+0x2d8e3c]
V  [jvm.dll+0x31cd9b]
V  [jvm.dll+0x83853b]
V  [jvm.dll+0x839274]
V  [jvm.dll+0x83978c]
V  [jvm.dll+0x839b64]
V  [jvm.dll+0x839c30]
V  [jvm.dll+0x7e240a]
V  [jvm.dll+0x6761a5]
C  [ucrtbase.dll+0x21bb2]
C  [KERNEL32.DLL+0x17034]
C  [ntdll.dll+0x526a1]

VM_Operation (0x000000a8e10fe5b0): G1CollectForAllocation, mode: safepoint, requested by thread 0x000001d30e660fc0


---------------  P R O C E S S  ---------------

Threads class SMR info:
_java_thread_list=0x000001d30cd52870, length=40, elements={
0x000001d37fac64a0, 0x000001d37faad2d0, 0x000001d37fae1a50, 0x000001d37fae46e0,
0x000001d37fae74b0, 0x000001d37fae7e60, 0x000001d37fae8720, 0x000001d30c421480,
0x000001d30c540d00, 0x000001d37fa44150, 0x000001d30c643310, 0x000001d30c64da30,
0x000001d30ced1810, 0x000001d30e24e060, 0x000001d30e370e10, 0x000001d30df94f00,
0x000001d37e1f3900, 0x000001d30e3ec9b0, 0x000001d30e511020, 0x000001d30e511a20,
0x000001d30cd596a0, 0x000001d30e638130, 0x000001d30e661490, 0x000001d30e661e30,
0x000001d30e662300, 0x000001d30e663170, 0x000001d30e663640, 0x000001d30e6627d0,
0x000001d30e660fc0, 0x000001d30e660620, 0x000001d30e662ca0, 0x000001d30e65fc80,
0x000001d30e660150, 0x000001d30e660af0, 0x000001d30e661960, 0x000001d31047afd0,
0x000001d31047ab00, 0x000001d31047fcd0, 0x000001d31047db20, 0x000001d31047b4a0
}

Java Threads: ( => current thread )
  0x000001d37fac64a0 JavaThread "Reference Handler" daemon [_thread_blocked, id=8076, stack(0x000000a8dec00000,0x000000a8ded00000)]
  0x000001d37faad2d0 JavaThread "Finalizer" daemon [_thread_blocked, id=6676, stack(0x000000a8ded00000,0x000000a8dee00000)]
  0x000001d37fae1a50 JavaThread "Signal Dispatcher" daemon [_thread_blocked, id=1416, stack(0x000000a8dee00000,0x000000a8def00000)]
  0x000001d37fae46e0 JavaThread "Attach Listener" daemon [_thread_blocked, id=12056, stack(0x000000a8def00000,0x000000a8df000000)]
  0x000001d37fae74b0 JavaThread "Service Thread" daemon [_thread_blocked, id=9356, stack(0x000000a8df000000,0x000000a8df100000)]
  0x000001d37fae7e60 JavaThread "Monitor Deflation Thread" daemon [_thread_blocked, id=11844, stack(0x000000a8df100000,0x000000a8df200000)]
  0x000001d37fae8720 JavaThread "C1 CompilerThread0" daemon [_thread_blocked, id=7820, stack(0x000000a8df200000,0x000000a8df300000)]
  0x000001d30c421480 JavaThread "Sweeper thread" daemon [_thread_blocked, id=6360, stack(0x000000a8df300000,0x000000a8df400000)]
  0x000001d30c540d00 JavaThread "C1 CompilerThread1" daemon [_thread_blocked, id=4116, stack(0x000000a8df400000,0x000000a8df500000)]
  0x000001d37fa44150 JavaThread "C1 CompilerThread2" daemon [_thread_blocked, id=940, stack(0x000000a8df500000,0x000000a8df600000)]
  0x000001d30c643310 JavaThread "Notification Thread" daemon [_thread_blocked, id=2796, stack(0x000000a8df600000,0x000000a8df700000)]
  0x000001d30c64da30 JavaThread "Common-Cleaner" daemon [_thread_blocked, id=9232, stack(0x000000a8df800000,0x000000a8df900000)]
  0x000001d30ced1810 JavaThread "C1 CompilerThread3" daemon [_thread_blocked, id=10596, stack(0x000000a8df900000,0x000000a8dfa00000)]
  0x000001d30e24e060 JavaThread "boundedElastic-evictor-1" daemon [_thread_blocked, id=11216, stack(0x000000a8e0100000,0x000000a8e0200000)]
  0x000001d30e370e10 JavaThread "pool-9-thread-1" [_thread_blocked, id=9112, stack(0x000000a8e0300000,0x000000a8e0400000)]
  0x000001d30df94f00 JavaThread "LanguageServerApp-lifecycle" [_thread_blocked, id=8, stack(0x000000a8e0400000,0x000000a8e0500000)]
  0x000001d37e1f3900 JavaThread "DestroyJavaVM" [_thread_blocked, id=5276, stack(0x000000a8de500000,0x000000a8de600000)]
  0x000001d30e3ec9b0 JavaThread "pool-10-thread-1" [_thread_in_native, id=11108, stack(0x000000a8e0500000,0x000000a8e0600000)]
  0x000001d30e511020 JavaThread "Simple-Language-Server main thread" daemon [_thread_blocked, id=11884, stack(0x000000a8e0600000,0x000000a8e0700000)]
  0x000001d30e511a20 JavaThread "ForkJoinPool.commonPool-worker-1" daemon [_thread_blocked, id=10128, stack(0x000000a8e0700000,0x000000a8e0800000)]
  0x000001d30cd596a0 JavaThread "ClassGraph-worker-0" daemon [_thread_blocked, id=12168, stack(0x000000a8e0800000,0x000000a8e0900000)]
  0x000001d30e638130 JavaThread "ClassGraph-worker-1" daemon [_thread_blocked, id=4380, stack(0x000000a8e0900000,0x000000a8e0a00000)]
  0x000001d30e661490 JavaThread "ClassGraph-worker-2" daemon [_thread_blocked, id=11152, stack(0x000000a8e0a00000,0x000000a8e0b00000)]
  0x000001d30e661e30 JavaThread "ClassGraph-worker-3" daemon [_thread_blocked, id=6436, stack(0x000000a8e0b00000,0x000000a8e0c00000)]
  0x000001d30e662300 JavaThread "ClassGraph-worker-4" daemon [_thread_blocked, id=8144, stack(0x000000a8e0c00000,0x000000a8e0d00000)]
  0x000001d30e663170 JavaThread "ClassGraph-worker-5" daemon [_thread_blocked, id=9680, stack(0x000000a8e0d00000,0x000000a8e0e00000)]
  0x000001d30e663640 JavaThread "ClassGraph-worker-6" daemon [_thread_blocked, id=3304, stack(0x000000a8e0e00000,0x000000a8e0f00000)]
  0x000001d30e6627d0 JavaThread "ClassGraph-worker-7" daemon [_thread_blocked, id=6112, stack(0x000000a8e0f00000,0x000000a8e1000000)]
  0x000001d30e660fc0 JavaThread "ClassGraph-worker-8" daemon [_thread_blocked, id=11304, stack(0x000000a8e1000000,0x000000a8e1100000)]
  0x000001d30e660620 JavaThread "ClassGraph-worker-9" daemon [_thread_blocked, id=1412, stack(0x000000a8e1100000,0x000000a8e1200000)]
  0x000001d30e662ca0 JavaThread "ClassGraph-worker-10" daemon [_thread_blocked, id=2580, stack(0x000000a8e1200000,0x000000a8e1300000)]
  0x000001d30e65fc80 JavaThread "ClassGraph-worker-11" daemon [_thread_blocked, id=5776, stack(0x000000a8e1300000,0x000000a8e1400000)]
  0x000001d30e660150 JavaThread "ClassGraph-worker-12" daemon [_thread_blocked, id=9812, stack(0x000000a8e1400000,0x000000a8e1500000)]
  0x000001d30e660af0 JavaThread "ClassGraph-worker-13" daemon [_thread_blocked, id=4056, stack(0x000000a8e1500000,0x000000a8e1600000)]
  0x000001d30e661960 JavaThread "parallel-1" daemon [_thread_blocked, id=1032, stack(0x000000a8e1600000,0x000000a8e1700000)]
  0x000001d31047afd0 JavaThread "pool-5-thread-1" [_thread_blocked, id=868, stack(0x000000a8e1800000,0x000000a8e1900000)]
  0x000001d31047ab00 JavaThread "parallel-2" daemon [_thread_blocked, id=3468, stack(0x000000a8e1900000,0x000000a8e1a00000)]
  0x000001d31047fcd0 JavaThread "parallel-3" daemon [_thread_blocked, id=6148, stack(0x000000a8e1a00000,0x000000a8e1b00000)]
  0x000001d31047db20 JavaThread "Project-Reconciler-1" daemon [_thread_blocked, id=504, stack(0x000000a8e1b00000,0x000000a8e1c00000)]
  0x000001d31047b4a0 JavaThread "Project-Reconciler-2" daemon [_thread_blocked, id=10116, stack(0x000000a8e1c00000,0x000000a8e1d00000)]

Other Threads:
=>0x000001d37faa7420 VMThread "VM Thread" [stack: 0x000000a8deb00000,0x000000a8dec00000] [id=2316]
  0x000001d37e27ba50 WatcherThread [stack: 0x000000a8df700000,0x000000a8df800000] [id=11876]
  0x000001d37e250b30 GCTaskThread "GC Thread#0" [stack: 0x000000a8de600000,0x000000a8de700000] [id=1120]
  0x000001d30cf71050 GCTaskThread "GC Thread#1" [stack: 0x000000a8dfa00000,0x000000a8dfb00000] [id=5412]
  0x000001d30cf71300 GCTaskThread "GC Thread#2" [stack: 0x000000a8dfb00000,0x000000a8dfc00000] [id=612]
  0x000001d30cfc5a00 GCTaskThread "GC Thread#3" [stack: 0x000000a8dfc00000,0x000000a8dfd00000] [id=252]
  0x000001d30cfc5cb0 GCTaskThread "GC Thread#4" [stack: 0x000000a8dfd00000,0x000000a8dfe00000] [id=1512]
  0x000001d30cfc5f60 GCTaskThread "GC Thread#5" [stack: 0x000000a8dfe00000,0x000000a8dff00000] [id=8492]
  0x000001d30dd9f3c0 GCTaskThread "GC Thread#6" [stack: 0x000000a8dff00000,0x000000a8e0000000] [id=1656]
  0x000001d30dd9f670 GCTaskThread "GC Thread#7" [stack: 0x000000a8e0000000,0x000000a8e0100000] [id=1832]
  0x000001d37e2626c0 ConcurrentGCThread "G1 Main Marker" [stack: 0x000000a8de700000,0x000000a8de800000] [id=8432]
  0x000001d37e2630d0 ConcurrentGCThread "G1 Conc#0" [stack: 0x000000a8de800000,0x000000a8de900000] [id=4464]
  0x000001d30def8f40 ConcurrentGCThread "G1 Conc#1" [stack: 0x000000a8e0200000,0x000000a8e0300000] [id=4552]
  0x000001d37e2ce370 ConcurrentGCThread "G1 Refine#0" [stack: 0x000000a8de900000,0x000000a8dea00000] [id=12164]
  0x000001d3104234e0 ConcurrentGCThread "G1 Refine#1" [stack: 0x000000a8e1700000,0x000000a8e1800000] [id=2068]
  0x000001d37f9140c0 ConcurrentGCThread "G1 Service" [stack: 0x000000a8dea00000,0x000000a8deb00000] [id=8608]

Threads with active compile tasks:
C1 CompilerThread1     6243 4077       1       io.github.classgraph.ModuleRef::open (9 bytes)
C1 CompilerThread2     6244 4078   !   1       io.github.classgraph.ModuleReaderProxy::<init> (74 bytes)

VM state: at safepoint (normal execution)

VM Mutex/Monitor currently owned by a thread:  ([mutex/lock_event])
[0x000001d37c1171f0] Threads_lock - owner thread: 0x000001d37faa7420
[0x000001d37e1f1510] Heap_lock - owner thread: 0x000001d30e660fc0

Heap address: 0x0000000081e00000, size: 2018 MB, Compressed Oops mode: 32-bit

CDS archive(s) not mapped
Compressed class space mapped at: 0x0000000100000000-0x0000000140000000, reserved size: 1073741824
Narrow klass base: 0x0000000000000000, Narrow klass shift: 3, Narrow klass range: 0x140000000

GC Precious Log:
 CPUs: 8 total, 8 available
 Memory: 8066M
 Large Page Support: Disabled
 NUMA Support: Disabled
 Compressed Oops: Enabled (32-bit)
 Heap Region Size: 1M
 Heap Min Capacity: 8M
 Heap Initial Capacity: 128M
 Heap Max Capacity: 2018M
 Pre-touch: Disabled
 Parallel Workers: 8
 Concurrent Workers: 2
 Concurrent Refinement Workers: 8
 Periodic GC: Disabled

Heap:
 garbage-first heap   total 427008K, used 119018K [0x0000000081e00000, 0x0000000100000000)
  region size 1024K, 19 young (19456K), 19 survivors (19456K)
 Metaspace       used 38808K, committed 39168K, reserved 1089536K
  class space    used 4905K, committed 5056K, reserved 1048576K

Heap Regions: E=young(eden), S=young(survivor), O=old, HS=humongous(starts), HC=humongous(continues), CS=collection set, F=free, OA=open archive, CA=closed archive, TAMS=top-at-mark-start (previous, next)
|   0|0x0000000081e00000, 0x0000000081f00000, 0x0000000081f00000|100%| O|  |TAMS 0x0000000081f00000, 0x0000000081e00000| Untracked 
|   1|0x0000000081f00000, 0x0000000082000000, 0x0000000082000000|100%| O|  |TAMS 0x0000000082000000, 0x0000000081f00000| Untracked 
|   2|0x0000000082000000, 0x0000000082100000, 0x0000000082100000|100%| O|  |TAMS 0x0000000082100000, 0x0000000082000000| Untracked 
|   3|0x0000000082100000, 0x0000000082200000, 0x0000000082200000|100%| O|  |TAMS 0x0000000082200000, 0x0000000082100000| Untracked 
|   4|0x0000000082200000, 0x0000000082300000, 0x0000000082300000|100%| O|  |TAMS 0x0000000082300000, 0x0000000082200000| Untracked 
|   5|0x0000000082300000, 0x0000000082400000, 0x0000000082400000|100%| O|  |TAMS 0x0000000082400000, 0x0000000082300000| Untracked 
|   6|0x0000000082400000, 0x0000000082500000, 0x0000000082500000|100%| O|  |TAMS 0x0000000082500000, 0x0000000082400000| Untracked 
|   7|0x0000000082500000, 0x0000000082600000, 0x0000000082600000|100%| O|  |TAMS 0x0000000082600000, 0x0000000082500000| Untracked 
|   8|0x0000000082600000, 0x0000000082700000, 0x0000000082700000|100%| O|  |TAMS 0x0000000082700000, 0x0000000082600000| Untracked 
|   9|0x0000000082700000, 0x0000000082800000, 0x0000000082800000|100%| O|  |TAMS 0x0000000082800000, 0x0000000082700000| Untracked 
|  10|0x0000000082800000, 0x0000000082900000, 0x0000000082900000|100%| O|  |TAMS 0x0000000082900000, 0x0000000082800000| Untracked 
|  11|0x0000000082900000, 0x0000000082a00000, 0x0000000082a00000|100%| O|  |TAMS 0x0000000082a00000, 0x0000000082900000| Untracked 
|  12|0x0000000082a00000, 0x0000000082b00000, 0x0000000082b00000|100%| O|  |TAMS 0x0000000082b00000, 0x0000000082a00000| Untracked 
|  13|0x0000000082b00000, 0x0000000082c00000, 0x0000000082c00000|100%| O|  |TAMS 0x0000000082c00000, 0x0000000082b00000| Untracked 
|  14|0x0000000082c00000, 0x0000000082d00000, 0x0000000082d00000|100%| O|  |TAMS 0x0000000082d00000, 0x0000000082c00000| Untracked 
|  15|0x0000000082d00000, 0x0000000082e00000, 0x0000000082e00000|100%| O|  |TAMS 0x0000000082e00000, 0x0000000082d00000| Untracked 
|  16|0x0000000082e00000, 0x0000000082f00000, 0x0000000082f00000|100%| O|  |TAMS 0x0000000082f00000, 0x0000000082e00000| Untracked 
|  17|0x0000000082f00000, 0x0000000083000000, 0x0000000083000000|100%| O|  |TAMS 0x0000000083000000, 0x0000000082f00000| Untracked 
|  18|0x0000000083000000, 0x0000000083100000, 0x0000000083100000|100%| O|  |TAMS 0x0000000083100000, 0x0000000083000000| Untracked 
|  19|0x0000000083100000, 0x0000000083200000, 0x0000000083200000|100%| O|  |TAMS 0x0000000083200000, 0x0000000083100000| Untracked 
|  20|0x0000000083200000, 0x0000000083300000, 0x0000000083300000|100%| O|  |TAMS 0x0000000083300000, 0x0000000083200000| Untracked 
|  21|0x0000000083300000, 0x0000000083400000, 0x0000000083400000|100%| O|  |TAMS 0x0000000083400000, 0x0000000083300000| Untracked 
|  22|0x0000000083400000, 0x0000000083500000, 0x0000000083500000|100%| O|  |TAMS 0x0000000083500000, 0x0000000083400000| Untracked 
|  23|0x0000000083500000, 0x0000000083600000, 0x0000000083600000|100%| O|  |TAMS 0x0000000083600000, 0x0000000083500000| Untracked 
|  24|0x0000000083600000, 0x0000000083700000, 0x0000000083700000|100%| O|  |TAMS 0x0000000083700000, 0x0000000083600000| Untracked 
|  25|0x0000000083700000, 0x0000000083800000, 0x0000000083800000|100%| O|  |TAMS 0x0000000083800000, 0x0000000083700000| Untracked 
|  26|0x0000000083800000, 0x0000000083900000, 0x0000000083900000|100%| O|  |TAMS 0x0000000083900000, 0x0000000083800000| Untracked 
|  27|0x0000000083900000, 0x0000000083a00000, 0x0000000083a00000|100%| O|  |TAMS 0x0000000083994000, 0x0000000083900000| Untracked 
|  28|0x0000000083a00000, 0x0000000083b00000, 0x0000000083b00000|100%| O|  |TAMS 0x0000000083a00000, 0x0000000083a00000| Untracked 
|  29|0x0000000083b00000, 0x0000000083c00000, 0x0000000083c00000|100%| O|  |TAMS 0x0000000083b00000, 0x0000000083b00000| Untracked 
|  30|0x0000000083c00000, 0x0000000083d00000, 0x0000000083d00000|100%| O|  |TAMS 0x0000000083c00000, 0x0000000083c00000| Untracked 
|  31|0x0000000083d00000, 0x0000000083e00000, 0x0000000083e00000|100%| O|  |TAMS 0x0000000083d00000, 0x0000000083d00000| Untracked 
|  32|0x0000000083e00000, 0x0000000083f00000, 0x0000000083f00000|100%| O|  |TAMS 0x0000000083e00000, 0x0000000083e00000| Untracked 
|  33|0x0000000083f00000, 0x0000000084000000, 0x0000000084000000|100%| O|  |TAMS 0x0000000083f00000, 0x0000000083f00000| Untracked 
|  34|0x0000000084000000, 0x0000000084100000, 0x0000000084100000|100%|HS|  |TAMS 0x0000000084000000, 0x0000000084000000| Complete 
|  35|0x0000000084100000, 0x0000000084200000, 0x0000000084200000|100%|HS|  |TAMS 0x0000000084100000, 0x0000000084100000| Complete 
|  36|0x0000000084200000, 0x0000000084300000, 0x0000000084300000|100%| O|  |TAMS 0x0000000084200000, 0x0000000084200000| Untracked 
|  37|0x0000000084300000, 0x0000000084400000, 0x0000000084400000|100%| O|  |TAMS 0x0000000084300000, 0x0000000084300000| Untracked 
|  38|0x0000000084400000, 0x0000000084500000, 0x0000000084500000|100%| O|  |TAMS 0x0000000084400000, 0x0000000084400000| Untracked 
|  39|0x0000000084500000, 0x0000000084600000, 0x0000000084600000|100%| O|  |TAMS 0x0000000084500000, 0x0000000084500000| Untracked 
|  40|0x0000000084600000, 0x0000000084700000, 0x0000000084700000|100%| O|  |TAMS 0x0000000084600000, 0x0000000084600000| Untracked 
|  41|0x0000000084700000, 0x0000000084800000, 0x0000000084800000|100%| O|  |TAMS 0x0000000084700000, 0x0000000084700000| Untracked 
|  42|0x0000000084800000, 0x0000000084900000, 0x0000000084900000|100%| O|  |TAMS 0x0000000084800000, 0x0000000084800000| Untracked 
|  43|0x0000000084900000, 0x0000000084a00000, 0x0000000084a00000|100%| O|  |TAMS 0x0000000084900000, 0x0000000084900000| Untracked 
|  44|0x0000000084a00000, 0x0000000084b00000, 0x0000000084b00000|100%| O|  |TAMS 0x0000000084a00000, 0x0000000084a00000| Untracked 
|  45|0x0000000084b00000, 0x0000000084c00000, 0x0000000084c00000|100%| O|  |TAMS 0x0000000084b00000, 0x0000000084b00000| Untracked 
|  46|0x0000000084c00000, 0x0000000084d00000, 0x0000000084d00000|100%| O|  |TAMS 0x0000000084c00000, 0x0000000084c00000| Untracked 
|  47|0x0000000084d00000, 0x0000000084e00000, 0x0000000084e00000|100%| O|  |TAMS 0x0000000084d00000, 0x0000000084d00000| Untracked 
|  48|0x0000000084e00000, 0x0000000084f00000, 0x0000000084f00000|100%| O|  |TAMS 0x0000000084e00000, 0x0000000084e00000| Untracked 
|  49|0x0000000084f00000, 0x0000000085000000, 0x0000000085000000|100%| O|  |TAMS 0x0000000084f00000, 0x0000000084f00000| Untracked 
|  50|0x0000000085000000, 0x0000000085100000, 0x0000000085100000|100%| O|  |TAMS 0x0000000085000000, 0x0000000085000000| Untracked 
|  51|0x0000000085100000, 0x0000000085200000, 0x0000000085200000|100%| O|  |TAMS 0x0000000085100000, 0x0000000085100000| Untracked 
|  52|0x0000000085200000, 0x0000000085300000, 0x0000000085300000|100%| O|  |TAMS 0x0000000085200000, 0x0000000085200000| Untracked 
|  53|0x0000000085300000, 0x0000000085400000, 0x0000000085400000|100%| O|  |TAMS 0x0000000085300000, 0x0000000085300000| Untracked 
|  54|0x0000000085400000, 0x0000000085500000, 0x0000000085500000|100%| O|  |TAMS 0x0000000085400000, 0x0000000085400000| Untracked 
|  55|0x0000000085500000, 0x0000000085600000, 0x0000000085600000|100%| O|  |TAMS 0x0000000085500000, 0x0000000085500000| Untracked 
|  56|0x0000000085600000, 0x0000000085700000, 0x0000000085700000|100%| O|  |TAMS 0x0000000085600000, 0x0000000085600000| Untracked 
|  57|0x0000000085700000, 0x0000000085800000, 0x0000000085800000|100%| O|  |TAMS 0x0000000085700000, 0x0000000085700000| Untracked 
|  58|0x0000000085800000, 0x0000000085900000, 0x0000000085900000|100%| O|  |TAMS 0x0000000085800000, 0x0000000085800000| Untracked 
|  59|0x0000000085900000, 0x0000000085a00000, 0x0000000085a00000|100%| O|  |TAMS 0x0000000085900000, 0x0000000085900000| Untracked 
|  60|0x0000000085a00000, 0x0000000085b00000, 0x0000000085b00000|100%| O|  |TAMS 0x0000000085a00000, 0x0000000085a00000| Untracked 
|  61|0x0000000085b00000, 0x0000000085c00000, 0x0000000085c00000|100%| O|  |TAMS 0x0000000085b00000, 0x0000000085b00000| Untracked 
|  62|0x0000000085c00000, 0x0000000085d00000, 0x0000000085d00000|100%| O|  |TAMS 0x0000000085c00000, 0x0000000085c00000| Untracked 
|  63|0x0000000085d00000, 0x0000000085e00000, 0x0000000085e00000|100%| O|  |TAMS 0x0000000085d00000, 0x0000000085d00000| Untracked 
|  64|0x0000000085e00000, 0x0000000085f00000, 0x0000000085f00000|100%| O|  |TAMS 0x0000000085e00000, 0x0000000085e00000| Untracked 
|  65|0x0000000085f00000, 0x0000000086000000, 0x0000000086000000|100%| O|  |TAMS 0x0000000085f00000, 0x0000000085f00000| Untracked 
|  66|0x0000000086000000, 0x0000000086100000, 0x0000000086100000|100%| O|  |TAMS 0x0000000086000000, 0x0000000086000000| Untracked 
|  67|0x0000000086100000, 0x0000000086200000, 0x0000000086200000|100%|HS|  |TAMS 0x0000000086100000, 0x0000000086100000| Complete 
|  68|0x0000000086200000, 0x0000000086300000, 0x0000000086300000|100%| O|  |TAMS 0x0000000086200000, 0x0000000086200000| Untracked 
|  69|0x0000000086300000, 0x0000000086400000, 0x0000000086400000|100%| O|  |TAMS 0x0000000086300000, 0x0000000086300000| Untracked 
|  70|0x0000000086400000, 0x0000000086500000, 0x0000000086500000|100%| O|  |TAMS 0x0000000086400000, 0x0000000086400000| Untracked 
|  71|0x0000000086500000, 0x0000000086600000, 0x0000000086600000|100%| O|  |TAMS 0x0000000086500000, 0x0000000086500000| Untracked 
|  72|0x0000000086600000, 0x0000000086700000, 0x0000000086700000|100%| O|  |TAMS 0x0000000086600000, 0x0000000086600000| Untracked 
|  73|0x0000000086700000, 0x0000000086800000, 0x0000000086800000|100%| O|  |TAMS 0x0000000086700000, 0x0000000086700000| Untracked 
|  74|0x0000000086800000, 0x0000000086900000, 0x0000000086900000|100%| O|  |TAMS 0x0000000086800000, 0x0000000086800000| Untracked 
|  75|0x0000000086900000, 0x0000000086a00000, 0x0000000086a00000|100%| O|  |TAMS 0x0000000086900000, 0x0000000086900000| Untracked 
|  76|0x0000000086a00000, 0x0000000086b00000, 0x0000000086b00000|100%| O|  |TAMS 0x0000000086a00000, 0x0000000086a00000| Untracked 
|  77|0x0000000086b00000, 0x0000000086c00000, 0x0000000086c00000|100%| O|  |TAMS 0x0000000086b00000, 0x0000000086b00000| Untracked 
|  78|0x0000000086c00000, 0x0000000086d00000, 0x0000000086d00000|100%| O|  |TAMS 0x0000000086c00000, 0x0000000086c00000| Untracked 
|  79|0x0000000086d00000, 0x0000000086e00000, 0x0000000086e00000|100%| O|  |TAMS 0x0000000086d00000, 0x0000000086d00000| Untracked 
|  80|0x0000000086e00000, 0x0000000086f00000, 0x0000000086f00000|100%| O|  |TAMS 0x0000000086e00000, 0x0000000086e00000| Untracked 
|  81|0x0000000086f00000, 0x0000000087000000, 0x0000000087000000|100%| O|  |TAMS 0x0000000086f00000, 0x0000000086f00000| Untracked 
|  82|0x0000000087000000, 0x0000000087100000, 0x0000000087100000|100%| O|  |TAMS 0x0000000087000000, 0x0000000087000000| Untracked 
|  83|0x0000000087100000, 0x0000000087200000, 0x0000000087200000|100%| O|  |TAMS 0x0000000087100000, 0x0000000087100000| Untracked 
|  84|0x0000000087200000, 0x0000000087300000, 0x0000000087300000|100%| O|  |TAMS 0x0000000087200000, 0x0000000087200000| Untracked 
|  85|0x0000000087300000, 0x0000000087400000, 0x0000000087400000|100%| O|  |TAMS 0x0000000087300000, 0x0000000087300000| Untracked 
|  86|0x0000000087400000, 0x0000000087500000, 0x0000000087500000|100%| O|  |TAMS 0x0000000087400000, 0x0000000087400000| Untracked 
|  87|0x0000000087500000, 0x0000000087600000, 0x0000000087600000|100%| O|  |TAMS 0x0000000087500000, 0x0000000087500000| Untracked 
|  88|0x0000000087600000, 0x0000000087700000, 0x0000000087700000|100%| O|  |TAMS 0x0000000087600000, 0x0000000087600000| Untracked 
|  89|0x0000000087700000, 0x0000000087800000, 0x0000000087800000|100%| O|  |TAMS 0x0000000087700000, 0x0000000087700000| Untracked 
|  90|0x0000000087800000, 0x0000000087900000, 0x0000000087900000|100%| O|  |TAMS 0x0000000087800000, 0x0000000087800000| Untracked 
|  91|0x0000000087900000, 0x0000000087a00000, 0x0000000087a00000|100%| O|  |TAMS 0x0000000087900000, 0x0000000087900000| Untracked 
|  92|0x0000000087a00000, 0x0000000087b00000, 0x0000000087b00000|100%| O|  |TAMS 0x0000000087a00000, 0x0000000087a00000| Untracked 
|  93|0x0000000087b00000, 0x0000000087c00000, 0x0000000087c00000|100%| O|  |TAMS 0x0000000087b00000, 0x0000000087b00000| Untracked 
|  94|0x0000000087c00000, 0x0000000087d00000, 0x0000000087d00000|100%| O|  |TAMS 0x0000000087c00000, 0x0000000087c00000| Untracked 
|  95|0x0000000087d00000, 0x0000000087e00000, 0x0000000087e00000|100%| O|  |TAMS 0x0000000087d00000, 0x0000000087d00000| Untracked 
|  96|0x0000000087e00000, 0x0000000087f00000, 0x0000000087f00000|100%| O|  |TAMS 0x0000000087e00000, 0x0000000087e00000| Untracked 
|  97|0x0000000087f00000, 0x0000000087f3aa00, 0x0000000088000000| 22%| O|  |TAMS 0x0000000087f00000, 0x0000000087f00000| Untracked 
|  98|0x0000000088000000, 0x0000000088000000, 0x0000000088100000|  0%| F|  |TAMS 0x0000000088000000, 0x0000000088000000| Untracked 
|  99|0x0000000088100000, 0x0000000088100000, 0x0000000088200000|  0%| F|  |TAMS 0x0000000088100000, 0x0000000088100000| Untracked 
| 100|0x0000000088200000, 0x0000000088200000, 0x0000000088300000|  0%| F|  |TAMS 0x0000000088200000, 0x0000000088200000| Untracked 
| 101|0x0000000088300000, 0x0000000088300000, 0x0000000088400000|  0%| F|  |TAMS 0x0000000088300000, 0x0000000088300000| Untracked 
| 102|0x0000000088400000, 0x0000000088400000, 0x0000000088500000|  0%| F|  |TAMS 0x0000000088400000, 0x0000000088400000| Untracked 
| 103|0x0000000088500000, 0x0000000088500000, 0x0000000088600000|  0%| F|  |TAMS 0x0000000088500000, 0x0000000088500000| Untracked 
| 104|0x0000000088600000, 0x0000000088600000, 0x0000000088700000|  0%| F|  |TAMS 0x0000000088600000, 0x0000000088600000| Untracked 
| 105|0x0000000088700000, 0x0000000088700000, 0x0000000088800000|  0%| F|  |TAMS 0x0000000088700000, 0x0000000088700000| Untracked 
| 106|0x0000000088800000, 0x0000000088800000, 0x0000000088900000|  0%| F|  |TAMS 0x0000000088800000, 0x0000000088800000| Untracked 
| 107|0x0000000088900000, 0x0000000088900000, 0x0000000088a00000|  0%| F|  |TAMS 0x0000000088900000, 0x0000000088900000| Untracked 
| 108|0x0000000088a00000, 0x0000000088a00000, 0x0000000088b00000|  0%| F|  |TAMS 0x0000000088a00000, 0x0000000088a00000| Untracked 
| 109|0x0000000088b00000, 0x0000000088b00000, 0x0000000088c00000|  0%| F|  |TAMS 0x0000000088b00000, 0x0000000088b00000| Untracked 
| 110|0x0000000088c00000, 0x0000000088c00000, 0x0000000088d00000|  0%| F|  |TAMS 0x0000000088c00000, 0x0000000088c00000| Untracked 
| 111|0x0000000088d00000, 0x0000000088d00000, 0x0000000088e00000|  0%| F|  |TAMS 0x0000000088d00000, 0x0000000088d00000| Untracked 
| 112|0x0000000088e00000, 0x0000000088e00000, 0x0000000088f00000|  0%| F|  |TAMS 0x0000000088e00000, 0x0000000088e00000| Untracked 
| 113|0x0000000088f00000, 0x0000000088f00000, 0x0000000089000000|  0%| F|  |TAMS 0x0000000088f00000, 0x0000000088f00000| Untracked 
| 114|0x0000000089000000, 0x0000000089000000, 0x0000000089100000|  0%| F|  |TAMS 0x0000000089000000, 0x0000000089000000| Untracked 
| 115|0x0000000089100000, 0x0000000089100000, 0x0000000089200000|  0%| F|  |TAMS 0x0000000089100000, 0x0000000089100000| Untracked 
| 116|0x0000000089200000, 0x0000000089200000, 0x0000000089300000|  0%| F|  |TAMS 0x0000000089200000, 0x0000000089200000| Untracked 
| 117|0x0000000089300000, 0x0000000089300000, 0x0000000089400000|  0%| F|  |TAMS 0x0000000089300000, 0x0000000089300000| Untracked 
| 118|0x0000000089400000, 0x0000000089400000, 0x0000000089500000|  0%| F|  |TAMS 0x0000000089400000, 0x0000000089400000| Untracked 
| 119|0x0000000089500000, 0x0000000089500000, 0x0000000089600000|  0%| F|  |TAMS 0x0000000089500000, 0x0000000089500000| Untracked 
| 120|0x0000000089600000, 0x0000000089600000, 0x0000000089700000|  0%| F|  |TAMS 0x0000000089600000, 0x0000000089600000| Untracked 
| 121|0x0000000089700000, 0x0000000089700000, 0x0000000089800000|  0%| F|  |TAMS 0x0000000089700000, 0x0000000089700000| Untracked 
| 122|0x0000000089800000, 0x0000000089800000, 0x0000000089900000|  0%| F|  |TAMS 0x0000000089800000, 0x0000000089800000| Untracked 
| 123|0x0000000089900000, 0x0000000089900000, 0x0000000089a00000|  0%| F|  |TAMS 0x0000000089900000, 0x0000000089900000| Untracked 
| 124|0x0000000089a00000, 0x0000000089a00000, 0x0000000089b00000|  0%| F|  |TAMS 0x0000000089a00000, 0x0000000089a00000| Untracked 
| 125|0x0000000089b00000, 0x0000000089b00000, 0x0000000089c00000|  0%| F|  |TAMS 0x0000000089b00000, 0x0000000089b00000| Untracked 
| 126|0x0000000089c00000, 0x0000000089c00000, 0x0000000089d00000|  0%| F|  |TAMS 0x0000000089c00000, 0x0000000089c00000| Untracked 
| 127|0x0000000089d00000, 0x0000000089d00000, 0x0000000089e00000|  0%| F|  |TAMS 0x0000000089d00000, 0x0000000089d00000| Untracked 
| 128|0x0000000089e00000, 0x0000000089e00000, 0x0000000089f00000|  0%| F|  |TAMS 0x0000000089e00000, 0x0000000089e00000| Untracked 
| 129|0x0000000089f00000, 0x0000000089f00000, 0x000000008a000000|  0%| F|  |TAMS 0x0000000089f00000, 0x0000000089f00000| Untracked 
| 130|0x000000008a000000, 0x000000008a000000, 0x000000008a100000|  0%| F|  |TAMS 0x000000008a000000, 0x000000008a000000| Untracked 
| 131|0x000000008a100000, 0x000000008a100000, 0x000000008a200000|  0%| F|  |TAMS 0x000000008a100000, 0x000000008a100000| Untracked 
| 132|0x000000008a200000, 0x000000008a200000, 0x000000008a300000|  0%| F|  |TAMS 0x000000008a200000, 0x000000008a200000| Untracked 
| 133|0x000000008a300000, 0x000000008a300000, 0x000000008a400000|  0%| F|  |TAMS 0x000000008a300000, 0x000000008a300000| Untracked 
| 134|0x000000008a400000, 0x000000008a400000, 0x000000008a500000|  0%| F|  |TAMS 0x000000008a400000, 0x000000008a400000| Untracked 
| 135|0x000000008a500000, 0x000000008a500000, 0x000000008a600000|  0%| F|  |TAMS 0x000000008a500000, 0x000000008a500000| Untracked 
| 136|0x000000008a600000, 0x000000008a600000, 0x000000008a700000|  0%| F|  |TAMS 0x000000008a600000, 0x000000008a600000| Untracked 
| 137|0x000000008a700000, 0x000000008a700000, 0x000000008a800000|  0%| F|  |TAMS 0x000000008a700000, 0x000000008a700000| Untracked 
| 138|0x000000008a800000, 0x000000008a800000, 0x000000008a900000|  0%| F|  |TAMS 0x000000008a800000, 0x000000008a800000| Untracked 
| 139|0x000000008a900000, 0x000000008a900000, 0x000000008aa00000|  0%| F|  |TAMS 0x000000008a900000, 0x000000008a900000| Untracked 
| 140|0x000000008aa00000, 0x000000008aa00000, 0x000000008ab00000|  0%| F|  |TAMS 0x000000008aa00000, 0x000000008aa00000| Untracked 
| 141|0x000000008ab00000, 0x000000008ab00000, 0x000000008ac00000|  0%| F|  |TAMS 0x000000008ab00000, 0x000000008ab00000| Untracked 
| 142|0x000000008ac00000, 0x000000008ac00000, 0x000000008ad00000|  0%| F|  |TAMS 0x000000008ac00000, 0x000000008ac00000| Untracked 
| 143|0x000000008ad00000, 0x000000008ad00000, 0x000000008ae00000|  0%| F|  |TAMS 0x000000008ad00000, 0x000000008ad00000| Untracked 
| 144|0x000000008ae00000, 0x000000008ae00000, 0x000000008af00000|  0%| F|  |TAMS 0x000000008ae00000, 0x000000008ae00000| Untracked 
| 145|0x000000008af00000, 0x000000008af00000, 0x000000008b000000|  0%| F|  |TAMS 0x000000008af00000, 0x000000008af00000| Untracked 
| 146|0x000000008b000000, 0x000000008b000000, 0x000000008b100000|  0%| F|  |TAMS 0x000000008b000000, 0x000000008b000000| Untracked 
| 147|0x000000008b100000, 0x000000008b100000, 0x000000008b200000|  0%| F|  |TAMS 0x000000008b100000, 0x000000008b100000| Untracked 
| 148|0x000000008b200000, 0x000000008b200000, 0x000000008b300000|  0%| F|  |TAMS 0x000000008b200000, 0x000000008b200000| Untracked 
| 149|0x000000008b300000, 0x000000008b300000, 0x000000008b400000|  0%| F|  |TAMS 0x000000008b300000, 0x000000008b300000| Untracked 
| 150|0x000000008b400000, 0x000000008b400000, 0x000000008b500000|  0%| F|  |TAMS 0x000000008b400000, 0x000000008b400000| Untracked 
| 151|0x000000008b500000, 0x000000008b500000, 0x000000008b600000|  0%| F|  |TAMS 0x000000008b500000, 0x000000008b500000| Untracked 
| 152|0x000000008b600000, 0x000000008b600000, 0x000000008b700000|  0%| F|  |TAMS 0x000000008b600000, 0x000000008b600000| Untracked 
| 153|0x000000008b700000, 0x000000008b700000, 0x000000008b800000|  0%| F|  |TAMS 0x000000008b700000, 0x000000008b700000| Untracked 
| 154|0x000000008b800000, 0x000000008b800000, 0x000000008b900000|  0%| F|  |TAMS 0x000000008b800000, 0x000000008b800000| Untracked 
| 155|0x000000008b900000, 0x000000008b900000, 0x000000008ba00000|  0%| F|  |TAMS 0x000000008b900000, 0x000000008b900000| Untracked 
| 156|0x000000008ba00000, 0x000000008ba00000, 0x000000008bb00000|  0%| F|  |TAMS 0x000000008ba00000, 0x000000008ba00000| Untracked 
| 157|0x000000008bb00000, 0x000000008bb00000, 0x000000008bc00000|  0%| F|  |TAMS 0x000000008bb00000, 0x000000008bb00000| Untracked 
| 158|0x000000008bc00000, 0x000000008bc00000, 0x000000008bd00000|  0%| F|  |TAMS 0x000000008bc00000, 0x000000008bc00000| Untracked 
| 159|0x000000008bd00000, 0x000000008bd00000, 0x000000008be00000|  0%| F|  |TAMS 0x000000008bd00000, 0x000000008bd00000| Untracked 
| 160|0x000000008be00000, 0x000000008bf00000, 0x000000008bf00000|100%| S|CS|TAMS 0x000000008be00000, 0x000000008be00000| Complete 
| 161|0x000000008bf00000, 0x000000008c000000, 0x000000008c000000|100%| S|CS|TAMS 0x000000008bf00000, 0x000000008bf00000| Complete 
| 162|0x000000008c000000, 0x000000008c100000, 0x000000008c100000|100%| S|CS|TAMS 0x000000008c000000, 0x000000008c000000| Complete 
| 163|0x000000008c100000, 0x000000008c200000, 0x000000008c200000|100%| S|CS|TAMS 0x000000008c100000, 0x000000008c100000| Complete 
| 164|0x000000008c200000, 0x000000008c300000, 0x000000008c300000|100%| S|CS|TAMS 0x000000008c200000, 0x000000008c200000| Complete 
| 165|0x000000008c300000, 0x000000008c400000, 0x000000008c400000|100%| S|CS|TAMS 0x000000008c300000, 0x000000008c300000| Complete 
| 166|0x000000008c400000, 0x000000008c500000, 0x000000008c500000|100%| S|CS|TAMS 0x000000008c400000, 0x000000008c400000| Complete 
| 167|0x000000008c500000, 0x000000008c600000, 0x000000008c600000|100%| S|CS|TAMS 0x000000008c500000, 0x000000008c500000| Complete 
| 168|0x000000008c600000, 0x000000008c700000, 0x000000008c700000|100%| S|CS|TAMS 0x000000008c600000, 0x000000008c600000| Complete 
| 169|0x000000008c700000, 0x000000008c800000, 0x000000008c800000|100%| S|CS|TAMS 0x000000008c700000, 0x000000008c700000| Complete 
| 170|0x000000008c800000, 0x000000008c900000, 0x000000008c900000|100%| S|CS|TAMS 0x000000008c800000, 0x000000008c800000| Complete 
| 171|0x000000008c900000, 0x000000008ca00000, 0x000000008ca00000|100%| S|CS|TAMS 0x000000008c900000, 0x000000008c900000| Complete 
| 172|0x000000008ca00000, 0x000000008cb00000, 0x000000008cb00000|100%| S|CS|TAMS 0x000000008ca00000, 0x000000008ca00000| Complete 
| 173|0x000000008cb00000, 0x000000008cc00000, 0x000000008cc00000|100%| S|CS|TAMS 0x000000008cb00000, 0x000000008cb00000| Complete 
| 174|0x000000008cc00000, 0x000000008cd00000, 0x000000008cd00000|100%| S|CS|TAMS 0x000000008cc00000, 0x000000008cc00000| Complete 
| 175|0x000000008cd00000, 0x000000008ce00000, 0x000000008ce00000|100%| S|CS|TAMS 0x000000008cd00000, 0x000000008cd00000| Complete 
| 176|0x000000008ce00000, 0x000000008cf00000, 0x000000008cf00000|100%| S|CS|TAMS 0x000000008ce00000, 0x000000008ce00000| Complete 
| 177|0x000000008cf00000, 0x000000008d000000, 0x000000008d000000|100%| S|CS|TAMS 0x000000008cf00000, 0x000000008cf00000| Complete 
| 178|0x000000008d000000, 0x000000008d100000, 0x000000008d100000|100%| S|CS|TAMS 0x000000008d000000, 0x000000008d000000| Complete 
| 179|0x000000008d100000, 0x000000008d100000, 0x000000008d200000|  0%| F|  |TAMS 0x000000008d100000, 0x000000008d100000| Untracked 
| 180|0x000000008d200000, 0x000000008d200000, 0x000000008d300000|  0%| F|  |TAMS 0x000000008d200000, 0x000000008d200000| Untracked 
| 181|0x000000008d300000, 0x000000008d300000, 0x000000008d400000|  0%| F|  |TAMS 0x000000008d300000, 0x000000008d300000| Untracked 
| 182|0x000000008d400000, 0x000000008d400000, 0x000000008d500000|  0%| F|  |TAMS 0x000000008d400000, 0x000000008d400000| Untracked 
| 183|0x000000008d500000, 0x000000008d500000, 0x000000008d600000|  0%| F|  |TAMS 0x000000008d500000, 0x000000008d500000| Untracked 
| 184|0x000000008d600000, 0x000000008d600000, 0x000000008d700000|  0%| F|  |TAMS 0x000000008d600000, 0x000000008d600000| Untracked 
| 185|0x000000008d700000, 0x000000008d700000, 0x000000008d800000|  0%| F|  |TAMS 0x000000008d700000, 0x000000008d700000| Untracked 
| 186|0x000000008d800000, 0x000000008d800000, 0x000000008d900000|  0%| F|  |TAMS 0x000000008d800000, 0x000000008d800000| Untracked 
| 187|0x000000008d900000, 0x000000008d900000, 0x000000008da00000|  0%| F|  |TAMS 0x000000008d900000, 0x000000008d900000| Untracked 
| 188|0x000000008da00000, 0x000000008da00000, 0x000000008db00000|  0%| F|  |TAMS 0x000000008da00000, 0x000000008da00000| Untracked 
| 189|0x000000008db00000, 0x000000008db00000, 0x000000008dc00000|  0%| F|  |TAMS 0x000000008db00000, 0x000000008db00000| Untracked 
| 190|0x000000008dc00000, 0x000000008dc00000, 0x000000008dd00000|  0%| F|  |TAMS 0x000000008dc00000, 0x000000008dc00000| Untracked 
| 191|0x000000008dd00000, 0x000000008dd00000, 0x000000008de00000|  0%| F|  |TAMS 0x000000008dd00000, 0x000000008dd00000| Untracked 
| 192|0x000000008de00000, 0x000000008de00000, 0x000000008df00000|  0%| F|  |TAMS 0x000000008de00000, 0x000000008de00000| Untracked 
| 193|0x000000008df00000, 0x000000008df00000, 0x000000008e000000|  0%| F|  |TAMS 0x000000008df00000, 0x000000008df00000| Untracked 
| 194|0x000000008e000000, 0x000000008e000000, 0x000000008e100000|  0%| F|  |TAMS 0x000000008e000000, 0x000000008e000000| Untracked 
| 195|0x000000008e100000, 0x000000008e100000, 0x000000008e200000|  0%| F|  |TAMS 0x000000008e100000, 0x000000008e100000| Untracked 
| 196|0x000000008e200000, 0x000000008e200000, 0x000000008e300000|  0%| F|  |TAMS 0x000000008e200000, 0x000000008e200000| Untracked 
| 197|0x000000008e300000, 0x000000008e300000, 0x000000008e400000|  0%| F|  |TAMS 0x000000008e300000, 0x000000008e300000| Untracked 
| 198|0x000000008e400000, 0x000000008e400000, 0x000000008e500000|  0%| F|  |TAMS 0x000000008e400000, 0x000000008e400000| Untracked 
| 199|0x000000008e500000, 0x000000008e500000, 0x000000008e600000|  0%| F|  |TAMS 0x000000008e500000, 0x000000008e500000| Untracked 
| 200|0x000000008e600000, 0x000000008e600000, 0x000000008e700000|  0%| F|  |TAMS 0x000000008e600000, 0x000000008e600000| Untracked 
| 201|0x000000008e700000, 0x000000008e700000, 0x000000008e800000|  0%| F|  |TAMS 0x000000008e700000, 0x000000008e700000| Untracked 
| 202|0x000000008e800000, 0x000000008e800000, 0x000000008e900000|  0%| F|  |TAMS 0x000000008e800000, 0x000000008e800000| Untracked 
| 203|0x000000008e900000, 0x000000008e900000, 0x000000008ea00000|  0%| F|  |TAMS 0x000000008e900000, 0x000000008e900000| Untracked 
| 204|0x000000008ea00000, 0x000000008ea00000, 0x000000008eb00000|  0%| F|  |TAMS 0x000000008ea00000, 0x000000008ea00000| Untracked 
| 205|0x000000008eb00000, 0x000000008eb00000, 0x000000008ec00000|  0%| F|  |TAMS 0x000000008eb00000, 0x000000008eb00000| Untracked 
| 206|0x000000008ec00000, 0x000000008ec00000, 0x000000008ed00000|  0%| F|  |TAMS 0x000000008ec00000, 0x000000008ec00000| Untracked 
| 207|0x000000008ed00000, 0x000000008ed00000, 0x000000008ee00000|  0%| F|  |TAMS 0x000000008ed00000, 0x000000008ed00000| Untracked 
| 208|0x000000008ee00000, 0x000000008ee00000, 0x000000008ef00000|  0%| F|  |TAMS 0x000000008ee00000, 0x000000008ee00000| Untracked 
| 209|0x000000008ef00000, 0x000000008ef00000, 0x000000008f000000|  0%| F|  |TAMS 0x000000008ef00000, 0x000000008ef00000| Untracked 
| 210|0x000000008f000000, 0x000000008f000000, 0x000000008f100000|  0%| F|  |TAMS 0x000000008f000000, 0x000000008f000000| Untracked 
| 211|0x000000008f100000, 0x000000008f100000, 0x000000008f200000|  0%| F|  |TAMS 0x000000008f100000, 0x000000008f100000| Untracked 
| 212|0x000000008f200000, 0x000000008f200000, 0x000000008f300000|  0%| F|  |TAMS 0x000000008f200000, 0x000000008f200000| Untracked 
| 213|0x000000008f300000, 0x000000008f300000, 0x000000008f400000|  0%| F|  |TAMS 0x000000008f300000, 0x000000008f300000| Untracked 
| 214|0x000000008f400000, 0x000000008f400000, 0x000000008f500000|  0%| F|  |TAMS 0x000000008f400000, 0x000000008f400000| Untracked 
| 215|0x000000008f500000, 0x000000008f500000, 0x000000008f600000|  0%| F|  |TAMS 0x000000008f500000, 0x000000008f500000| Untracked 
| 216|0x000000008f600000, 0x000000008f600000, 0x000000008f700000|  0%| F|  |TAMS 0x000000008f600000, 0x000000008f600000| Untracked 
| 217|0x000000008f700000, 0x000000008f700000, 0x000000008f800000|  0%| F|  |TAMS 0x000000008f700000, 0x000000008f700000| Untracked 
| 218|0x000000008f800000, 0x000000008f800000, 0x000000008f900000|  0%| F|  |TAMS 0x000000008f800000, 0x000000008f800000| Untracked 
| 219|0x000000008f900000, 0x000000008f900000, 0x000000008fa00000|  0%| F|  |TAMS 0x000000008f900000, 0x000000008f900000| Untracked 
| 220|0x000000008fa00000, 0x000000008fa00000, 0x000000008fb00000|  0%| F|  |TAMS 0x000000008fa00000, 0x000000008fa00000| Untracked 
| 221|0x000000008fb00000, 0x000000008fb00000, 0x000000008fc00000|  0%| F|  |TAMS 0x000000008fb00000, 0x000000008fb00000| Untracked 
| 222|0x000000008fc00000, 0x000000008fc00000, 0x000000008fd00000|  0%| F|  |TAMS 0x000000008fc00000, 0x000000008fc00000| Untracked 
| 223|0x000000008fd00000, 0x000000008fd00000, 0x000000008fe00000|  0%| F|  |TAMS 0x000000008fd00000, 0x000000008fd00000| Untracked 
| 224|0x000000008fe00000, 0x000000008fe00000, 0x000000008ff00000|  0%| F|  |TAMS 0x000000008fe00000, 0x000000008fe00000| Untracked 
| 225|0x000000008ff00000, 0x000000008ff00000, 0x0000000090000000|  0%| F|  |TAMS 0x000000008ff00000, 0x000000008ff00000| Untracked 
| 226|0x0000000090000000, 0x0000000090000000, 0x0000000090100000|  0%| F|  |TAMS 0x0000000090000000, 0x0000000090000000| Untracked 
| 227|0x0000000090100000, 0x0000000090100000, 0x0000000090200000|  0%| F|  |TAMS 0x0000000090100000, 0x0000000090100000| Untracked 
| 228|0x0000000090200000, 0x0000000090200000, 0x0000000090300000|  0%| F|  |TAMS 0x0000000090200000, 0x0000000090200000| Untracked 
| 229|0x0000000090300000, 0x0000000090300000, 0x0000000090400000|  0%| F|  |TAMS 0x0000000090300000, 0x0000000090300000| Untracked 
| 230|0x0000000090400000, 0x0000000090400000, 0x0000000090500000|  0%| F|  |TAMS 0x0000000090400000, 0x0000000090400000| Untracked 
| 231|0x0000000090500000, 0x0000000090500000, 0x0000000090600000|  0%| F|  |TAMS 0x0000000090500000, 0x0000000090500000| Untracked 
| 232|0x0000000090600000, 0x0000000090600000, 0x0000000090700000|  0%| F|  |TAMS 0x0000000090600000, 0x0000000090600000| Untracked 
| 233|0x0000000090700000, 0x0000000090700000, 0x0000000090800000|  0%| F|  |TAMS 0x0000000090700000, 0x0000000090700000| Untracked 
| 234|0x0000000090800000, 0x0000000090800000, 0x0000000090900000|  0%| F|  |TAMS 0x0000000090800000, 0x0000000090800000| Untracked 
| 235|0x0000000090900000, 0x0000000090900000, 0x0000000090a00000|  0%| F|  |TAMS 0x0000000090900000, 0x0000000090900000| Untracked 
| 236|0x0000000090a00000, 0x0000000090a00000, 0x0000000090b00000|  0%| F|  |TAMS 0x0000000090a00000, 0x0000000090a00000| Untracked 
| 237|0x0000000090b00000, 0x0000000090b00000, 0x0000000090c00000|  0%| F|  |TAMS 0x0000000090b00000, 0x0000000090b00000| Untracked 
| 238|0x0000000090c00000, 0x0000000090c00000, 0x0000000090d00000|  0%| F|  |TAMS 0x0000000090c00000, 0x0000000090c00000| Untracked 
| 239|0x0000000090d00000, 0x0000000090d00000, 0x0000000090e00000|  0%| F|  |TAMS 0x0000000090d00000, 0x0000000090d00000| Untracked 
| 240|0x0000000090e00000, 0x0000000090e00000, 0x0000000090f00000|  0%| F|  |TAMS 0x0000000090e00000, 0x0000000090e00000| Untracked 
| 241|0x0000000090f00000, 0x0000000090f00000, 0x0000000091000000|  0%| F|  |TAMS 0x0000000090f00000, 0x0000000090f00000| Untracked 
| 242|0x0000000091000000, 0x0000000091000000, 0x0000000091100000|  0%| F|  |TAMS 0x0000000091000000, 0x0000000091000000| Untracked 
| 243|0x0000000091100000, 0x0000000091100000, 0x0000000091200000|  0%| F|  |TAMS 0x0000000091100000, 0x0000000091100000| Untracked 
| 244|0x0000000091200000, 0x0000000091200000, 0x0000000091300000|  0%| F|  |TAMS 0x0000000091200000, 0x0000000091200000| Untracked 
| 245|0x0000000091300000, 0x0000000091300000, 0x0000000091400000|  0%| F|  |TAMS 0x0000000091300000, 0x0000000091300000| Untracked 
| 246|0x0000000091400000, 0x0000000091400000, 0x0000000091500000|  0%| F|  |TAMS 0x0000000091400000, 0x0000000091400000| Untracked 
| 247|0x0000000091500000, 0x0000000091500000, 0x0000000091600000|  0%| F|  |TAMS 0x0000000091500000, 0x0000000091500000| Untracked 
| 248|0x0000000091600000, 0x0000000091600000, 0x0000000091700000|  0%| F|  |TAMS 0x0000000091600000, 0x0000000091600000| Untracked 
| 249|0x0000000091700000, 0x0000000091700000, 0x0000000091800000|  0%| F|  |TAMS 0x0000000091700000, 0x0000000091700000| Untracked 
| 250|0x0000000091800000, 0x0000000091800000, 0x0000000091900000|  0%| F|  |TAMS 0x0000000091800000, 0x0000000091800000| Untracked 
| 251|0x0000000091900000, 0x0000000091900000, 0x0000000091a00000|  0%| F|  |TAMS 0x0000000091900000, 0x0000000091900000| Untracked 
| 252|0x0000000091a00000, 0x0000000091a00000, 0x0000000091b00000|  0%| F|  |TAMS 0x0000000091a00000, 0x0000000091a00000| Untracked 
| 253|0x0000000091b00000, 0x0000000091b00000, 0x0000000091c00000|  0%| F|  |TAMS 0x0000000091b00000, 0x0000000091b00000| Untracked 
| 254|0x0000000091c00000, 0x0000000091c00000, 0x0000000091d00000|  0%| F|  |TAMS 0x0000000091c00000, 0x0000000091c00000| Untracked 
| 255|0x0000000091d00000, 0x0000000091d00000, 0x0000000091e00000|  0%| F|  |TAMS 0x0000000091d00000, 0x0000000091d00000| Untracked 
| 256|0x0000000091e00000, 0x0000000091e00000, 0x0000000091f00000|  0%| F|  |TAMS 0x0000000091e00000, 0x0000000091e00000| Untracked 
| 257|0x0000000091f00000, 0x0000000091f00000, 0x0000000092000000|  0%| F|  |TAMS 0x0000000091f00000, 0x0000000091f00000| Untracked 
| 258|0x0000000092000000, 0x0000000092000000, 0x0000000092100000|  0%| F|  |TAMS 0x0000000092000000, 0x0000000092000000| Untracked 
| 259|0x0000000092100000, 0x0000000092100000, 0x0000000092200000|  0%| F|  |TAMS 0x0000000092100000, 0x0000000092100000| Untracked 
| 260|0x0000000092200000, 0x0000000092200000, 0x0000000092300000|  0%| F|  |TAMS 0x0000000092200000, 0x0000000092200000| Untracked 
| 261|0x0000000092300000, 0x0000000092300000, 0x0000000092400000|  0%| F|  |TAMS 0x0000000092300000, 0x0000000092300000| Untracked 
| 262|0x0000000092400000, 0x0000000092400000, 0x0000000092500000|  0%| F|  |TAMS 0x0000000092400000, 0x0000000092400000| Untracked 
| 263|0x0000000092500000, 0x0000000092500000, 0x0000000092600000|  0%| F|  |TAMS 0x0000000092500000, 0x0000000092500000| Untracked 
| 264|0x0000000092600000, 0x0000000092600000, 0x0000000092700000|  0%| F|  |TAMS 0x0000000092600000, 0x0000000092600000| Untracked 
| 265|0x0000000092700000, 0x0000000092700000, 0x0000000092800000|  0%| F|  |TAMS 0x0000000092700000, 0x0000000092700000| Untracked 
| 266|0x0000000092800000, 0x0000000092800000, 0x0000000092900000|  0%| F|  |TAMS 0x0000000092800000, 0x0000000092800000| Untracked 
| 267|0x0000000092900000, 0x0000000092900000, 0x0000000092a00000|  0%| F|  |TAMS 0x0000000092900000, 0x0000000092900000| Untracked 
| 268|0x0000000092a00000, 0x0000000092a00000, 0x0000000092b00000|  0%| F|  |TAMS 0x0000000092a00000, 0x0000000092a00000| Untracked 
| 269|0x0000000092b00000, 0x0000000092b00000, 0x0000000092c00000|  0%| F|  |TAMS 0x0000000092b00000, 0x0000000092b00000| Untracked 
| 270|0x0000000092c00000, 0x0000000092c00000, 0x0000000092d00000|  0%| F|  |TAMS 0x0000000092c00000, 0x0000000092c00000| Untracked 
| 271|0x0000000092d00000, 0x0000000092d00000, 0x0000000092e00000|  0%| F|  |TAMS 0x0000000092d00000, 0x0000000092d00000| Untracked 
| 272|0x0000000092e00000, 0x0000000092e00000, 0x0000000092f00000|  0%| F|  |TAMS 0x0000000092e00000, 0x0000000092e00000| Untracked 
| 273|0x0000000092f00000, 0x0000000092f00000, 0x0000000093000000|  0%| F|  |TAMS 0x0000000092f00000, 0x0000000092f00000| Untracked 
| 274|0x0000000093000000, 0x0000000093000000, 0x0000000093100000|  0%| F|  |TAMS 0x0000000093000000, 0x0000000093000000| Untracked 
| 275|0x0000000093100000, 0x0000000093100000, 0x0000000093200000|  0%| F|  |TAMS 0x0000000093100000, 0x0000000093100000| Untracked 
| 276|0x0000000093200000, 0x0000000093200000, 0x0000000093300000|  0%| F|  |TAMS 0x0000000093200000, 0x0000000093200000| Untracked 
| 277|0x0000000093300000, 0x0000000093300000, 0x0000000093400000|  0%| F|  |TAMS 0x0000000093300000, 0x0000000093300000| Untracked 
| 278|0x0000000093400000, 0x0000000093400000, 0x0000000093500000|  0%| F|  |TAMS 0x0000000093400000, 0x0000000093400000| Untracked 
| 279|0x0000000093500000, 0x0000000093500000, 0x0000000093600000|  0%| F|  |TAMS 0x0000000093500000, 0x0000000093500000| Untracked 
| 280|0x0000000093600000, 0x0000000093600000, 0x0000000093700000|  0%| F|  |TAMS 0x0000000093600000, 0x0000000093600000| Untracked 
| 281|0x0000000093700000, 0x0000000093700000, 0x0000000093800000|  0%| F|  |TAMS 0x0000000093700000, 0x0000000093700000| Untracked 
| 282|0x0000000093800000, 0x0000000093800000, 0x0000000093900000|  0%| F|  |TAMS 0x0000000093800000, 0x0000000093800000| Untracked 
| 283|0x0000000093900000, 0x0000000093900000, 0x0000000093a00000|  0%| F|  |TAMS 0x0000000093900000, 0x0000000093900000| Untracked 
| 284|0x0000000093a00000, 0x0000000093a00000, 0x0000000093b00000|  0%| F|  |TAMS 0x0000000093a00000, 0x0000000093a00000| Untracked 
| 285|0x0000000093b00000, 0x0000000093b00000, 0x0000000093c00000|  0%| F|  |TAMS 0x0000000093b00000, 0x0000000093b00000| Untracked 
| 286|0x0000000093c00000, 0x0000000093c00000, 0x0000000093d00000|  0%| F|  |TAMS 0x0000000093c00000, 0x0000000093c00000| Untracked 
| 287|0x0000000093d00000, 0x0000000093d00000, 0x0000000093e00000|  0%| F|  |TAMS 0x0000000093d00000, 0x0000000093d00000| Untracked 
| 288|0x0000000093e00000, 0x0000000093e00000, 0x0000000093f00000|  0%| F|  |TAMS 0x0000000093e00000, 0x0000000093e00000| Untracked 
| 289|0x0000000093f00000, 0x0000000093f00000, 0x0000000094000000|  0%| F|  |TAMS 0x0000000093f00000, 0x0000000093f00000| Untracked 
| 290|0x0000000094000000, 0x0000000094000000, 0x0000000094100000|  0%| F|  |TAMS 0x0000000094000000, 0x0000000094000000| Untracked 
| 291|0x0000000094100000, 0x0000000094100000, 0x0000000094200000|  0%| F|  |TAMS 0x0000000094100000, 0x0000000094100000| Untracked 
| 292|0x0000000094200000, 0x0000000094200000, 0x0000000094300000|  0%| F|  |TAMS 0x0000000094200000, 0x0000000094200000| Untracked 
| 293|0x0000000094300000, 0x0000000094300000, 0x0000000094400000|  0%| F|  |TAMS 0x0000000094300000, 0x0000000094300000| Untracked 
| 294|0x0000000094400000, 0x0000000094400000, 0x0000000094500000|  0%| F|  |TAMS 0x0000000094400000, 0x0000000094400000| Untracked 
| 295|0x0000000094500000, 0x0000000094500000, 0x0000000094600000|  0%| F|  |TAMS 0x0000000094500000, 0x0000000094500000| Untracked 
| 296|0x0000000094600000, 0x0000000094600000, 0x0000000094700000|  0%| F|  |TAMS 0x0000000094600000, 0x0000000094600000| Untracked 
| 297|0x0000000094700000, 0x0000000094700000, 0x0000000094800000|  0%| F|  |TAMS 0x0000000094700000, 0x0000000094700000| Untracked 
| 298|0x0000000094800000, 0x0000000094800000, 0x0000000094900000|  0%| F|  |TAMS 0x0000000094800000, 0x0000000094800000| Untracked 
| 299|0x0000000094900000, 0x0000000094900000, 0x0000000094a00000|  0%| F|  |TAMS 0x0000000094900000, 0x0000000094900000| Untracked 
| 300|0x0000000094a00000, 0x0000000094a00000, 0x0000000094b00000|  0%| F|  |TAMS 0x0000000094a00000, 0x0000000094a00000| Untracked 
| 301|0x0000000094b00000, 0x0000000094b00000, 0x0000000094c00000|  0%| F|  |TAMS 0x0000000094b00000, 0x0000000094b00000| Untracked 
| 302|0x0000000094c00000, 0x0000000094c00000, 0x0000000094d00000|  0%| F|  |TAMS 0x0000000094c00000, 0x0000000094c00000| Untracked 
| 303|0x0000000094d00000, 0x0000000094d00000, 0x0000000094e00000|  0%| F|  |TAMS 0x0000000094d00000, 0x0000000094d00000| Untracked 
| 304|0x0000000094e00000, 0x0000000094e00000, 0x0000000094f00000|  0%| F|  |TAMS 0x0000000094e00000, 0x0000000094e00000| Untracked 
| 305|0x0000000094f00000, 0x0000000094f00000, 0x0000000095000000|  0%| F|  |TAMS 0x0000000094f00000, 0x0000000094f00000| Untracked 
| 306|0x0000000095000000, 0x0000000095000000, 0x0000000095100000|  0%| F|  |TAMS 0x0000000095000000, 0x0000000095000000| Untracked 
| 307|0x0000000095100000, 0x0000000095100000, 0x0000000095200000|  0%| F|  |TAMS 0x0000000095100000, 0x0000000095100000| Untracked 
| 308|0x0000000095200000, 0x0000000095200000, 0x0000000095300000|  0%| F|  |TAMS 0x0000000095200000, 0x0000000095200000| Untracked 
| 309|0x0000000095300000, 0x0000000095300000, 0x0000000095400000|  0%| F|  |TAMS 0x0000000095300000, 0x0000000095300000| Untracked 
| 310|0x0000000095400000, 0x0000000095400000, 0x0000000095500000|  0%| F|  |TAMS 0x0000000095400000, 0x0000000095400000| Untracked 
| 311|0x0000000095500000, 0x0000000095500000, 0x0000000095600000|  0%| F|  |TAMS 0x0000000095500000, 0x0000000095500000| Untracked 
| 312|0x0000000095600000, 0x0000000095600000, 0x0000000095700000|  0%| F|  |TAMS 0x0000000095600000, 0x0000000095600000| Untracked 
| 313|0x0000000095700000, 0x0000000095700000, 0x0000000095800000|  0%| F|  |TAMS 0x0000000095700000, 0x0000000095700000| Untracked 
| 314|0x0000000095800000, 0x0000000095800000, 0x0000000095900000|  0%| F|  |TAMS 0x0000000095800000, 0x0000000095800000| Untracked 
| 315|0x0000000095900000, 0x0000000095900000, 0x0000000095a00000|  0%| F|  |TAMS 0x0000000095900000, 0x0000000095900000| Untracked 
| 316|0x0000000095a00000, 0x0000000095a00000, 0x0000000095b00000|  0%| F|  |TAMS 0x0000000095a00000, 0x0000000095a00000| Untracked 
| 317|0x0000000095b00000, 0x0000000095b00000, 0x0000000095c00000|  0%| F|  |TAMS 0x0000000095b00000, 0x0000000095b00000| Untracked 
| 318|0x0000000095c00000, 0x0000000095c00000, 0x0000000095d00000|  0%| F|  |TAMS 0x0000000095c00000, 0x0000000095c00000| Untracked 
| 319|0x0000000095d00000, 0x0000000095d00000, 0x0000000095e00000|  0%| F|  |TAMS 0x0000000095d00000, 0x0000000095d00000| Untracked 
| 320|0x0000000095e00000, 0x0000000095e00000, 0x0000000095f00000|  0%| F|  |TAMS 0x0000000095e00000, 0x0000000095e00000| Untracked 
| 321|0x0000000095f00000, 0x0000000095f00000, 0x0000000096000000|  0%| F|  |TAMS 0x0000000095f00000, 0x0000000095f00000| Untracked 
| 322|0x0000000096000000, 0x0000000096000000, 0x0000000096100000|  0%| F|  |TAMS 0x0000000096000000, 0x0000000096000000| Untracked 
| 323|0x0000000096100000, 0x0000000096100000, 0x0000000096200000|  0%| F|  |TAMS 0x0000000096100000, 0x0000000096100000| Untracked 
| 324|0x0000000096200000, 0x0000000096200000, 0x0000000096300000|  0%| F|  |TAMS 0x0000000096200000, 0x0000000096200000| Untracked 
| 325|0x0000000096300000, 0x0000000096300000, 0x0000000096400000|  0%| F|  |TAMS 0x0000000096300000, 0x0000000096300000| Untracked 
| 326|0x0000000096400000, 0x0000000096400000, 0x0000000096500000|  0%| F|  |TAMS 0x0000000096400000, 0x0000000096400000| Untracked 
| 327|0x0000000096500000, 0x0000000096500000, 0x0000000096600000|  0%| F|  |TAMS 0x0000000096500000, 0x0000000096500000| Untracked 
| 328|0x0000000096600000, 0x0000000096600000, 0x0000000096700000|  0%| F|  |TAMS 0x0000000096600000, 0x0000000096600000| Untracked 
| 329|0x0000000096700000, 0x0000000096700000, 0x0000000096800000|  0%| F|  |TAMS 0x0000000096700000, 0x0000000096700000| Untracked 
| 330|0x0000000096800000, 0x0000000096800000, 0x0000000096900000|  0%| F|  |TAMS 0x0000000096800000, 0x0000000096800000| Untracked 
| 331|0x0000000096900000, 0x0000000096900000, 0x0000000096a00000|  0%| F|  |TAMS 0x0000000096900000, 0x0000000096900000| Untracked 
| 332|0x0000000096a00000, 0x0000000096a00000, 0x0000000096b00000|  0%| F|  |TAMS 0x0000000096a00000, 0x0000000096a00000| Untracked 
| 333|0x0000000096b00000, 0x0000000096b00000, 0x0000000096c00000|  0%| F|  |TAMS 0x0000000096b00000, 0x0000000096b00000| Untracked 
| 334|0x0000000096c00000, 0x0000000096c00000, 0x0000000096d00000|  0%| F|  |TAMS 0x0000000096c00000, 0x0000000096c00000| Untracked 
| 335|0x0000000096d00000, 0x0000000096d00000, 0x0000000096e00000|  0%| F|  |TAMS 0x0000000096d00000, 0x0000000096d00000| Untracked 
| 336|0x0000000096e00000, 0x0000000096e00000, 0x0000000096f00000|  0%| F|  |TAMS 0x0000000096e00000, 0x0000000096e00000| Untracked 
| 337|0x0000000096f00000, 0x0000000096f00000, 0x0000000097000000|  0%| F|  |TAMS 0x0000000096f00000, 0x0000000096f00000| Untracked 
| 338|0x0000000097000000, 0x0000000097000000, 0x0000000097100000|  0%| F|  |TAMS 0x0000000097000000, 0x0000000097000000| Untracked 
| 339|0x0000000097100000, 0x0000000097100000, 0x0000000097200000|  0%| F|  |TAMS 0x0000000097100000, 0x0000000097100000| Untracked 
| 340|0x0000000097200000, 0x0000000097200000, 0x0000000097300000|  0%| F|  |TAMS 0x0000000097200000, 0x0000000097200000| Untracked 
| 341|0x0000000097300000, 0x0000000097300000, 0x0000000097400000|  0%| F|  |TAMS 0x0000000097300000, 0x0000000097300000| Untracked 
| 342|0x0000000097400000, 0x0000000097400000, 0x0000000097500000|  0%| F|  |TAMS 0x0000000097400000, 0x0000000097400000| Untracked 
| 343|0x0000000097500000, 0x0000000097500000, 0x0000000097600000|  0%| F|  |TAMS 0x0000000097500000, 0x0000000097500000| Untracked 
| 344|0x0000000097600000, 0x0000000097600000, 0x0000000097700000|  0%| F|  |TAMS 0x0000000097600000, 0x0000000097600000| Untracked 
| 345|0x0000000097700000, 0x0000000097700000, 0x0000000097800000|  0%| F|  |TAMS 0x0000000097700000, 0x0000000097700000| Untracked 
| 346|0x0000000097800000, 0x0000000097800000, 0x0000000097900000|  0%| F|  |TAMS 0x0000000097800000, 0x0000000097800000| Untracked 
| 347|0x0000000097900000, 0x0000000097900000, 0x0000000097a00000|  0%| F|  |TAMS 0x0000000097900000, 0x0000000097900000| Untracked 
| 348|0x0000000097a00000, 0x0000000097a00000, 0x0000000097b00000|  0%| F|  |TAMS 0x0000000097a00000, 0x0000000097a00000| Untracked 
| 349|0x0000000097b00000, 0x0000000097b00000, 0x0000000097c00000|  0%| F|  |TAMS 0x0000000097b00000, 0x0000000097b00000| Untracked 
| 350|0x0000000097c00000, 0x0000000097c00000, 0x0000000097d00000|  0%| F|  |TAMS 0x0000000097c00000, 0x0000000097c00000| Untracked 
| 351|0x0000000097d00000, 0x0000000097d00000, 0x0000000097e00000|  0%| F|  |TAMS 0x0000000097d00000, 0x0000000097d00000| Untracked 
| 352|0x0000000097e00000, 0x0000000097e00000, 0x0000000097f00000|  0%| F|  |TAMS 0x0000000097e00000, 0x0000000097e00000| Untracked 
| 353|0x0000000097f00000, 0x0000000097f00000, 0x0000000098000000|  0%| F|  |TAMS 0x0000000097f00000, 0x0000000097f00000| Untracked 
| 354|0x0000000098000000, 0x0000000098000000, 0x0000000098100000|  0%| F|  |TAMS 0x0000000098000000, 0x0000000098000000| Untracked 
| 355|0x0000000098100000, 0x0000000098100000, 0x0000000098200000|  0%| F|  |TAMS 0x0000000098100000, 0x0000000098100000| Untracked 
| 356|0x0000000098200000, 0x0000000098200000, 0x0000000098300000|  0%| F|  |TAMS 0x0000000098200000, 0x0000000098200000| Untracked 
| 357|0x0000000098300000, 0x0000000098300000, 0x0000000098400000|  0%| F|  |TAMS 0x0000000098300000, 0x0000000098300000| Untracked 
| 358|0x0000000098400000, 0x0000000098400000, 0x0000000098500000|  0%| F|  |TAMS 0x0000000098400000, 0x0000000098400000| Untracked 
| 359|0x0000000098500000, 0x0000000098500000, 0x0000000098600000|  0%| F|  |TAMS 0x0000000098500000, 0x0000000098500000| Untracked 
| 360|0x0000000098600000, 0x0000000098600000, 0x0000000098700000|  0%| F|  |TAMS 0x0000000098600000, 0x0000000098600000| Untracked 
| 361|0x0000000098700000, 0x0000000098700000, 0x0000000098800000|  0%| F|  |TAMS 0x0000000098700000, 0x0000000098700000| Untracked 
| 362|0x0000000098800000, 0x0000000098800000, 0x0000000098900000|  0%| F|  |TAMS 0x0000000098800000, 0x0000000098800000| Untracked 
| 363|0x0000000098900000, 0x0000000098900000, 0x0000000098a00000|  0%| F|  |TAMS 0x0000000098900000, 0x0000000098900000| Untracked 
| 364|0x0000000098a00000, 0x0000000098a00000, 0x0000000098b00000|  0%| F|  |TAMS 0x0000000098a00000, 0x0000000098a00000| Untracked 
| 365|0x0000000098b00000, 0x0000000098b00000, 0x0000000098c00000|  0%| F|  |TAMS 0x0000000098b00000, 0x0000000098b00000| Untracked 
| 366|0x0000000098c00000, 0x0000000098c00000, 0x0000000098d00000|  0%| F|  |TAMS 0x0000000098c00000, 0x0000000098c00000| Untracked 
| 367|0x0000000098d00000, 0x0000000098d00000, 0x0000000098e00000|  0%| F|  |TAMS 0x0000000098d00000, 0x0000000098d00000| Untracked 
| 368|0x0000000098e00000, 0x0000000098e00000, 0x0000000098f00000|  0%| F|  |TAMS 0x0000000098e00000, 0x0000000098e00000| Untracked 
| 369|0x0000000098f00000, 0x0000000098f00000, 0x0000000099000000|  0%| F|  |TAMS 0x0000000098f00000, 0x0000000098f00000| Untracked 
| 370|0x0000000099000000, 0x0000000099000000, 0x0000000099100000|  0%| F|  |TAMS 0x0000000099000000, 0x0000000099000000| Untracked 
| 371|0x0000000099100000, 0x0000000099100000, 0x0000000099200000|  0%| F|  |TAMS 0x0000000099100000, 0x0000000099100000| Untracked 
| 372|0x0000000099200000, 0x0000000099200000, 0x0000000099300000|  0%| F|  |TAMS 0x0000000099200000, 0x0000000099200000| Untracked 
| 373|0x0000000099300000, 0x0000000099300000, 0x0000000099400000|  0%| F|  |TAMS 0x0000000099300000, 0x0000000099300000| Untracked 
| 374|0x0000000099400000, 0x0000000099400000, 0x0000000099500000|  0%| F|  |TAMS 0x0000000099400000, 0x0000000099400000| Untracked 
| 375|0x0000000099500000, 0x0000000099500000, 0x0000000099600000|  0%| F|  |TAMS 0x0000000099500000, 0x0000000099500000| Untracked 
| 376|0x0000000099600000, 0x0000000099600000, 0x0000000099700000|  0%| F|  |TAMS 0x0000000099600000, 0x0000000099600000| Untracked 
| 377|0x0000000099700000, 0x0000000099700000, 0x0000000099800000|  0%| F|  |TAMS 0x0000000099700000, 0x0000000099700000| Untracked 
| 378|0x0000000099800000, 0x0000000099800000, 0x0000000099900000|  0%| F|  |TAMS 0x0000000099800000, 0x0000000099800000| Untracked 
| 379|0x0000000099900000, 0x0000000099900000, 0x0000000099a00000|  0%| F|  |TAMS 0x0000000099900000, 0x0000000099900000| Untracked 
| 380|0x0000000099a00000, 0x0000000099a00000, 0x0000000099b00000|  0%| F|  |TAMS 0x0000000099a00000, 0x0000000099a00000| Untracked 
| 381|0x0000000099b00000, 0x0000000099b00000, 0x0000000099c00000|  0%| F|  |TAMS 0x0000000099b00000, 0x0000000099b00000| Untracked 
| 382|0x0000000099c00000, 0x0000000099c00000, 0x0000000099d00000|  0%| F|  |TAMS 0x0000000099c00000, 0x0000000099c00000| Untracked 
| 383|0x0000000099d00000, 0x0000000099d00000, 0x0000000099e00000|  0%| F|  |TAMS 0x0000000099d00000, 0x0000000099d00000| Untracked 
| 384|0x0000000099e00000, 0x0000000099e00000, 0x0000000099f00000|  0%| F|  |TAMS 0x0000000099e00000, 0x0000000099e00000| Untracked 
| 385|0x0000000099f00000, 0x0000000099f00000, 0x000000009a000000|  0%| F|  |TAMS 0x0000000099f00000, 0x0000000099f00000| Untracked 
| 386|0x000000009a000000, 0x000000009a000000, 0x000000009a100000|  0%| F|  |TAMS 0x000000009a000000, 0x000000009a000000| Untracked 
| 387|0x000000009a100000, 0x000000009a100000, 0x000000009a200000|  0%| F|  |TAMS 0x000000009a100000, 0x000000009a100000| Untracked 
| 388|0x000000009a200000, 0x000000009a200000, 0x000000009a300000|  0%| F|  |TAMS 0x000000009a200000, 0x000000009a200000| Untracked 
| 389|0x000000009a300000, 0x000000009a300000, 0x000000009a400000|  0%| F|  |TAMS 0x000000009a300000, 0x000000009a300000| Untracked 
| 390|0x000000009a400000, 0x000000009a400000, 0x000000009a500000|  0%| F|  |TAMS 0x000000009a400000, 0x000000009a400000| Untracked 
| 391|0x000000009a500000, 0x000000009a500000, 0x000000009a600000|  0%| F|  |TAMS 0x000000009a500000, 0x000000009a500000| Untracked 
| 392|0x000000009a600000, 0x000000009a600000, 0x000000009a700000|  0%| F|  |TAMS 0x000000009a600000, 0x000000009a600000| Untracked 
| 393|0x000000009a700000, 0x000000009a700000, 0x000000009a800000|  0%| F|  |TAMS 0x000000009a700000, 0x000000009a700000| Untracked 
| 394|0x000000009a800000, 0x000000009a800000, 0x000000009a900000|  0%| F|  |TAMS 0x000000009a800000, 0x000000009a800000| Untracked 
| 395|0x000000009a900000, 0x000000009a900000, 0x000000009aa00000|  0%| F|  |TAMS 0x000000009a900000, 0x000000009a900000| Untracked 
| 396|0x000000009aa00000, 0x000000009aa00000, 0x000000009ab00000|  0%| F|  |TAMS 0x000000009aa00000, 0x000000009aa00000| Untracked 
| 397|0x000000009ab00000, 0x000000009ab00000, 0x000000009ac00000|  0%| F|  |TAMS 0x000000009ab00000, 0x000000009ab00000| Untracked 
| 398|0x000000009ac00000, 0x000000009ac00000, 0x000000009ad00000|  0%| F|  |TAMS 0x000000009ac00000, 0x000000009ac00000| Untracked 
| 399|0x000000009ad00000, 0x000000009ad00000, 0x000000009ae00000|  0%| F|  |TAMS 0x000000009ad00000, 0x000000009ad00000| Untracked 
| 400|0x000000009ae00000, 0x000000009ae00000, 0x000000009af00000|  0%| F|  |TAMS 0x000000009ae00000, 0x000000009ae00000| Untracked 
| 401|0x000000009af00000, 0x000000009af00000, 0x000000009b000000|  0%| F|  |TAMS 0x000000009af00000, 0x000000009af00000| Untracked 
| 402|0x000000009b000000, 0x000000009b000000, 0x000000009b100000|  0%| F|  |TAMS 0x000000009b000000, 0x000000009b000000| Untracked 
| 403|0x000000009b100000, 0x000000009b100000, 0x000000009b200000|  0%| F|  |TAMS 0x000000009b100000, 0x000000009b100000| Untracked 
| 404|0x000000009b200000, 0x000000009b200000, 0x000000009b300000|  0%| F|  |TAMS 0x000000009b200000, 0x000000009b200000| Untracked 
| 405|0x000000009b300000, 0x000000009b300000, 0x000000009b400000|  0%| F|  |TAMS 0x000000009b300000, 0x000000009b300000| Untracked 
| 406|0x000000009b400000, 0x000000009b400000, 0x000000009b500000|  0%| F|  |TAMS 0x000000009b400000, 0x000000009b400000| Untracked 
| 407|0x000000009b500000, 0x000000009b500000, 0x000000009b600000|  0%| F|  |TAMS 0x000000009b500000, 0x000000009b500000| Untracked 
| 408|0x000000009b600000, 0x000000009b600000, 0x000000009b700000|  0%| F|  |TAMS 0x000000009b600000, 0x000000009b600000| Untracked 
| 409|0x000000009b700000, 0x000000009b700000, 0x000000009b800000|  0%| F|  |TAMS 0x000000009b700000, 0x000000009b700000| Untracked 
| 410|0x000000009b800000, 0x000000009b800000, 0x000000009b900000|  0%| F|  |TAMS 0x000000009b800000, 0x000000009b800000| Untracked 
| 411|0x000000009b900000, 0x000000009b900000, 0x000000009ba00000|  0%| F|  |TAMS 0x000000009b900000, 0x000000009b900000| Untracked 
| 412|0x000000009ba00000, 0x000000009ba00000, 0x000000009bb00000|  0%| F|  |TAMS 0x000000009ba00000, 0x000000009ba00000| Untracked 
| 413|0x000000009bb00000, 0x000000009bb00000, 0x000000009bc00000|  0%| F|  |TAMS 0x000000009bb00000, 0x000000009bb00000| Untracked 
| 414|0x000000009bc00000, 0x000000009bc00000, 0x000000009bd00000|  0%| F|  |TAMS 0x000000009bc00000, 0x000000009bc00000| Untracked 
| 415|0x000000009bd00000, 0x000000009bd00000, 0x000000009be00000|  0%| F|  |TAMS 0x000000009bd00000, 0x000000009bd00000| Untracked 
| 416|0x000000009be00000, 0x000000009be00000, 0x000000009bf00000|  0%| F|  |TAMS 0x000000009be00000, 0x000000009be00000| Untracked 

Card table byte_map: [0x000001d37e7e0000,0x000001d37ebe0000] _byte_map_base: 0x000001d37e3d1000

Marking Bits (Prev, Next): (CMBitMap*) 0x000001d37e252150, (CMBitMap*) 0x000001d37e252190
 Prev Bits: [0x000001d305bc0000, 0x000001d307b48000)
 Next Bits: [0x000001d307b50000, 0x000001d309ad8000)

Polling page: 0x000001d37c3a0000

Metaspace:

Usage:
  Non-class:     33.11 MB used.
      Class:      4.79 MB used.
       Both:     37.90 MB used.

Virtual space:
  Non-class space:       40.00 MB reserved,      33.31 MB ( 83%) committed,  5 nodes.
      Class space:        1.00 GB reserved,       4.94 MB ( <1%) committed,  1 nodes.
             Both:        1.04 GB reserved,      38.25 MB (  4%) committed. 

Chunk freelists:
   Non-Class:  1.78 MB
       Class:  3.07 MB
        Both:  4.85 MB

MaxMetaspaceSize: unlimited
CompressedClassSpaceSize: 1.00 GB
Initial GC threshold: 21.00 MB
Current GC threshold: 59.31 MB
CDS: off
MetaspaceReclaimPolicy: balanced
 - commit_granule_bytes: 65536.
 - commit_granule_words: 8192.
 - virtual_space_node_default_size: 1048576.
 - enlarge_chunks_in_place: 1.
 - new_chunks_are_fully_committed: 0.
 - uncommit_free_chunks: 1.
 - use_allocation_guard: 0.
 - handle_deallocations: 1.


Internal statistics:

num_allocs_failed_limit: 8.
num_arena_births: 370.
num_arena_deaths: 0.
num_vsnodes_births: 6.
num_vsnodes_deaths: 0.
num_space_committed: 612.
num_space_uncommitted: 0.
num_chunks_returned_to_freelist: 8.
num_chunks_taken_from_freelist: 1525.
num_chunk_merges: 8.
num_chunk_splits: 1043.
num_chunks_enlarged: 802.
num_purges: 0.
num_inconsistent_stats: 0.

CodeCache: size=49152Kb used=9691Kb max_used=9691Kb free=39460Kb
 bounds [0x000001d302bc0000, 0x000001d303540000, 0x000001d305bc0000]
 total_blobs=4612 nmethods=4077 adapters=458
 compilation: enabled
              stopped_count=0, restarted_count=0
 full_count=0

Compilation events (20 events):
Event: 6.174 Thread 0x000001d37fae8720 4069       1       java.lang.invoke.SimpleMethodHandle::make (10 bytes)
Event: 6.174 Thread 0x000001d30ced1810 4070       1       java.lang.invoke.SimpleMethodHandle::<init> (7 bytes)
Event: 6.175 Thread 0x000001d30ced1810 nmethod 4070 0x000001d303533a10 code [0x000001d303533ba0, 0x000001d303533c88]
Event: 6.175 Thread 0x000001d37fae8720 nmethod 4069 0x000001d303533d10 code [0x000001d303533ea0, 0x000001d303533fc8]
Event: 6.175 Thread 0x000001d37fae8720 4071       1       java.lang.invoke.MethodHandles::makeIdentity (23 bytes)
Event: 6.175 Thread 0x000001d30c540d00 4072       1       java.lang.invoke.LambdaForm::identityForm (27 bytes)
Event: 6.175 Thread 0x000001d30ced1810 4074       1       java.lang.invoke.MethodHandleImpl$IntrinsicMethodHandle::<init> (8 bytes)
Event: 6.175 Thread 0x000001d37fa44150 4073       1       java.lang.invoke.MethodHandleImpl::makeIntrinsic (14 bytes)
Event: 6.213 Thread 0x000001d30c540d00 nmethod 4072 0x000001d303534090 code [0x000001d303534240, 0x000001d303534388]
Event: 6.213 Thread 0x000001d30c540d00 4079   !   1       jdk.internal.reflect.GeneratedMethodAccessor25::invoke (61 bytes)
Event: 6.214 Thread 0x000001d37fa44150 nmethod 4073 0x000001d303534490 code [0x000001d303534640, 0x000001d303534918]
Event: 6.214 Thread 0x000001d37fa44150 4075       1       nonapi.io.github.classgraph.fastzipfilereader.NestedJarHandler$5$1::newInstance (5 bytes)
Event: 6.214 Thread 0x000001d30ced1810 nmethod 4074 0x000001d303534a90 code [0x000001d303534c40, 0x000001d303534ef8]
Event: 6.214 Thread 0x000001d30ced1810 4076       1       nonapi.io.github.classgraph.fastzipfilereader.NestedJarHandler$5$1::newInstance (8 bytes)
Event: 6.214 Thread 0x000001d37fa44150 nmethod 4075 0x000001d303536510 code [0x000001d3035366a0, 0x000001d3035367e8]
Event: 6.214 Thread 0x000001d30ced1810 nmethod 4076 0x000001d303536910 code [0x000001d303536aa0, 0x000001d303536be8]
Event: 6.214 Thread 0x000001d30c540d00 nmethod 4079 0x000001d303535010 code [0x000001d303535220, 0x000001d3035356a8]
Event: 6.214 Thread 0x000001d37fae8720 nmethod 4071 0x000001d303535a10 code [0x000001d303535c20, 0x000001d3035361a8]
Event: 6.214 Thread 0x000001d37fa44150 4078   !   1       io.github.classgraph.ModuleReaderProxy::<init> (74 bytes)
Event: 6.214 Thread 0x000001d30c540d00 4077       1       io.github.classgraph.ModuleRef::open (9 bytes)

GC Heap History (20 events):
Event: 5.476 GC heap after
{Heap after GC invocations=13 (full 0):
 garbage-first heap   total 59392K, used 31489K [0x0000000081e00000, 0x0000000100000000)
  region size 1024K, 1 young (1024K), 1 survivors (1024K)
 Metaspace       used 35948K, committed 36288K, reserved 1081344K
  class space    used 4626K, committed 4800K, reserved 1048576K
}
Event: 5.506 GC heap before
{Heap before GC invocations=14 (full 0):
 garbage-first heap   total 70656K, used 44801K [0x0000000081e00000, 0x0000000100000000)
  region size 1024K, 14 young (14336K), 1 survivors (1024K)
 Metaspace       used 36175K, committed 36544K, reserved 1081344K
  class space    used 4641K, committed 4800K, reserved 1048576K
}
Event: 5.508 GC heap after
{Heap after GC invocations=15 (full 0):
 garbage-first heap   total 70656K, used 33484K [0x0000000081e00000, 0x0000000100000000)
  region size 1024K, 2 young (2048K), 2 survivors (2048K)
 Metaspace       used 36175K, committed 36544K, reserved 1081344K
  class space    used 4641K, committed 4800K, reserved 1048576K
}
Event: 5.581 GC heap before
{Heap before GC invocations=15 (full 0):
 garbage-first heap   total 70656K, used 52940K [0x0000000081e00000, 0x0000000100000000)
  region size 1024K, 22 young (22528K), 2 survivors (2048K)
 Metaspace       used 36584K, committed 36928K, reserved 1081344K
  class space    used 4692K, committed 4864K, reserved 1048576K
}
Event: 5.589 GC heap after
{Heap after GC invocations=16 (full 0):
 garbage-first heap   total 209920K, used 37540K [0x0000000081e00000, 0x0000000100000000)
  region size 1024K, 3 young (3072K), 3 survivors (3072K)
 Metaspace       used 36584K, committed 36928K, reserved 1081344K
  class space    used 4692K, committed 4864K, reserved 1048576K
}
Event: 5.815 GC heap before
{Heap before GC invocations=16 (full 0):
 garbage-first heap   total 209920K, used 145060K [0x0000000081e00000, 0x0000000100000000)
  region size 1024K, 107 young (109568K), 3 survivors (3072K)
 Metaspace       used 38499K, committed 38912K, reserved 1089536K
  class space    used 4852K, committed 5056K, reserved 1048576K
}
Event: 5.841 GC heap after
{Heap after GC invocations=17 (full 0):
 garbage-first heap   total 209920K, used 66858K [0x0000000081e00000, 0x0000000100000000)
  region size 1024K, 14 young (14336K), 14 survivors (14336K)
 Metaspace       used 38499K, committed 38912K, reserved 1089536K
  class space    used 4852K, committed 5056K, reserved 1048576K
}
Event: 5.862 GC heap before
{Heap before GC invocations=17 (full 0):
 garbage-first heap   total 209920K, used 126250K [0x0000000081e00000, 0x0000000100000000)
  region size 1024K, 73 young (74752K), 14 survivors (14336K)
 Metaspace       used 38510K, committed 38912K, reserved 1089536K
  class space    used 4854K, committed 5056K, reserved 1048576K
}
Event: 5.869 GC heap after
{Heap after GC invocations=18 (full 0):
 garbage-first heap   total 209920K, used 72093K [0x0000000081e00000, 0x0000000100000000)
  region size 1024K, 4 young (4096K), 4 survivors (4096K)
 Metaspace       used 38510K, committed 38912K, reserved 1089536K
  class space    used 4854K, committed 5056K, reserved 1048576K
}
Event: 5.889 GC heap before
{Heap before GC invocations=18 (full 0):
 garbage-first heap   total 209920K, used 138653K [0x0000000081e00000, 0x0000000100000000)
  region size 1024K, 70 young (71680K), 4 survivors (4096K)
 Metaspace       used 38523K, committed 38912K, reserved 1089536K
  class space    used 4856K, committed 5056K, reserved 1048576K
}
Event: 5.891 GC heap after
{Heap after GC invocations=19 (full 0):
 garbage-first heap   total 209920K, used 73888K [0x0000000081e00000, 0x0000000100000000)
  region size 1024K, 6 young (6144K), 6 survivors (6144K)
 Metaspace       used 38523K, committed 38912K, reserved 1089536K
  class space    used 4856K, committed 5056K, reserved 1048576K
}
Event: 5.908 GC heap before
{Heap before GC invocations=19 (full 0):
 garbage-first heap   total 209920K, used 150688K [0x0000000081e00000, 0x0000000100000000)
  region size 1024K, 81 young (82944K), 6 survivors (6144K)
 Metaspace       used 38619K, committed 39040K, reserved 1089536K
  class space    used 4869K, committed 5056K, reserved 1048576K
}
Event: 5.912 GC heap after
{Heap after GC invocations=20 (full 0):
 garbage-first heap   total 427008K, used 78409K [0x0000000081e00000, 0x0000000100000000)
  region size 1024K, 9 young (9216K), 9 survivors (9216K)
 Metaspace       used 38619K, committed 39040K, reserved 1089536K
  class space    used 4869K, committed 5056K, reserved 1048576K
}
Event: 6.000 GC heap before
{Heap before GC invocations=20 (full 0):
 garbage-first heap   total 427008K, used 292425K [0x0000000081e00000, 0x0000000100000000)
  region size 1024K, 219 young (224256K), 9 survivors (9216K)
 Metaspace       used 38697K, committed 39104K, reserved 1089536K
  class space    used 4884K, committed 5056K, reserved 1048576K
}
Event: 6.008 GC heap after
{Heap after GC invocations=21 (full 0):
 garbage-first heap   total 427008K, used 90434K [0x0000000081e00000, 0x0000000100000000)
  region size 1024K, 21 young (21504K), 21 survivors (21504K)
 Metaspace       used 38697K, committed 39104K, reserved 1089536K
  class space    used 4884K, committed 5056K, reserved 1048576K
}
Event: 6.053 GC heap before
{Heap before GC invocations=21 (full 0):
 garbage-first heap   total 427008K, used 311618K [0x0000000081e00000, 0x0000000100000000)
  region size 1024K, 238 young (243712K), 21 survivors (21504K)
 Metaspace       used 38736K, committed 39104K, reserved 1089536K
  class space    used 4895K, committed 5056K, reserved 1048576K
}
Event: 6.062 GC heap after
{Heap after GC invocations=22 (full 0):
 garbage-first heap   total 427008K, used 99894K [0x0000000081e00000, 0x0000000100000000)
  region size 1024K, 25 young (25600K), 25 survivors (25600K)
 Metaspace       used 38736K, committed 39104K, reserved 1089536K
  class space    used 4895K, committed 5056K, reserved 1048576K
}
Event: 6.160 GC heap before
{Heap before GC invocations=22 (full 0):
 garbage-first heap   total 427008K, used 327222K [0x0000000081e00000, 0x0000000100000000)
  region size 1024K, 248 young (253952K), 25 survivors (25600K)
 Metaspace       used 38760K, committed 39104K, reserved 1089536K
  class space    used 4899K, committed 5056K, reserved 1048576K
}
Event: 6.172 GC heap after
{Heap after GC invocations=23 (full 0):
 garbage-first heap   total 427008K, used 110080K [0x0000000081e00000, 0x0000000100000000)
  region size 1024K, 20 young (20480K), 20 survivors (20480K)
 Metaspace       used 38760K, committed 39104K, reserved 1089536K
  class space    used 4899K, committed 5056K, reserved 1048576K
}
Event: 6.215 GC heap before
{Heap before GC invocations=23 (full 0):
 garbage-first heap   total 427008K, used 337408K [0x0000000081e00000, 0x0000000100000000)
  region size 1024K, 243 young (248832K), 20 survivors (20480K)
 Metaspace       used 38808K, committed 39168K, reserved 1089536K
  class space    used 4905K, committed 5056K, reserved 1048576K
}

Deoptimization events (12 events):
Event: 1.903 Thread 0x000001d37e1f3900 DEOPT PACKING pc=0x000001d303118299 sp=0x000000a8de5fd620
Event: 1.903 Thread 0x000001d37e1f3900 DEOPT UNPACKING pc=0x000001d302c12b43 sp=0x000000a8de5fcb00 mode 3
Event: 4.778 Thread 0x000001d37e1f3900 DEOPT PACKING pc=0x000001d30328ea19 sp=0x000000a8de5fca00
Event: 4.778 Thread 0x000001d37e1f3900 DEOPT UNPACKING pc=0x000001d302c12b43 sp=0x000000a8de5fbee0 mode 3
Event: 5.185 Thread 0x000001d30e511020 DEOPT PACKING pc=0x000001d303344b35 sp=0x000000a8e06fe360
Event: 5.185 Thread 0x000001d30e511020 DEOPT UNPACKING pc=0x000001d302c12b43 sp=0x000000a8e06fd888 mode 3
Event: 5.247 Thread 0x000001d30e511a20 DEOPT PACKING pc=0x000001d30335b52b sp=0x000000a8e07fe940
Event: 5.247 Thread 0x000001d30e511a20 DEOPT UNPACKING pc=0x000001d302c12b43 sp=0x000000a8e07fde88 mode 3
Event: 5.382 Thread 0x000001d30e6627d0 DEOPT PACKING pc=0x000001d303116501 sp=0x000000a8e0ffee00
Event: 5.382 Thread 0x000001d30e6627d0 DEOPT UNPACKING pc=0x000001d302c12b43 sp=0x000000a8e0ffe290 mode 3
Event: 5.615 Thread 0x000001d30e660620 DEOPT PACKING pc=0x000001d303113017 sp=0x000000a8e11ff0f0
Event: 5.615 Thread 0x000001d30e660620 DEOPT UNPACKING pc=0x000001d302c12b43 sp=0x000000a8e11fe548 mode 3

Classes unloaded (0 events):
No events

Classes redefined (0 events):
No events

Internal exceptions (20 events):
Event: 5.269 Thread 0x000001d30e638130 Exception <a 'sun/nio/fs/WindowsException'{0x00000000881bc288}> (0x00000000881bc288) 
thrown [s\src\hotspot\share\prims\jni.cpp, line 516]
Event: 5.269 Thread 0x000001d30e638130 Exception <a 'sun/nio/fs/WindowsException'{0x00000000881bccb0}> (0x00000000881bccb0) 
thrown [s\src\hotspot\share\prims\jni.cpp, line 516]
Event: 5.269 Thread 0x000001d30e638130 Exception <a 'sun/nio/fs/WindowsException'{0x00000000881bd090}> (0x00000000881bd090) 
thrown [s\src\hotspot\share\prims\jni.cpp, line 516]
Event: 5.270 Thread 0x000001d30e638130 Exception <a 'sun/nio/fs/WindowsException'{0x00000000881bda80}> (0x00000000881bda80) 
thrown [s\src\hotspot\share\prims\jni.cpp, line 516]
Event: 5.270 Thread 0x000001d30e638130 Exception <a 'sun/nio/fs/WindowsException'{0x00000000881bde28}> (0x00000000881bde28) 
thrown [s\src\hotspot\share\prims\jni.cpp, line 516]
Event: 5.270 Thread 0x000001d30e638130 Exception <a 'sun/nio/fs/WindowsException'{0x00000000881be828}> (0x00000000881be828) 
thrown [s\src\hotspot\share\prims\jni.cpp, line 516]
Event: 5.270 Thread 0x000001d30e638130 Exception <a 'sun/nio/fs/WindowsException'{0x00000000881bebe8}> (0x00000000881bebe8) 
thrown [s\src\hotspot\share\prims\jni.cpp, line 516]
Event: 5.270 Thread 0x000001d30e638130 Exception <a 'sun/nio/fs/WindowsException'{0x00000000881bf5e8}> (0x00000000881bf5e8) 
thrown [s\src\hotspot\share\prims\jni.cpp, line 516]
Event: 5.270 Thread 0x000001d30e638130 Exception <a 'sun/nio/fs/WindowsException'{0x00000000881bf998}> (0x00000000881bf998) 
thrown [s\src\hotspot\share\prims\jni.cpp, line 516]
Event: 5.270 Thread 0x000001d30e638130 Exception <a 'sun/nio/fs/WindowsException'{0x00000000881c0398}> (0x00000000881c0398) 
thrown [s\src\hotspot\share\prims\jni.cpp, line 516]
Event: 5.270 Thread 0x000001d30e638130 Exception <a 'sun/nio/fs/WindowsException'{0x00000000881c0758}> (0x00000000881c0758) 
thrown [s\src\hotspot\share\prims\jni.cpp, line 516]
Event: 5.270 Thread 0x000001d30e638130 Exception <a 'sun/nio/fs/WindowsException'{0x00000000881c1180}> (0x00000000881c1180) 
thrown [s\src\hotspot\share\prims\jni.cpp, line 516]
Event: 5.270 Thread 0x000001d30e638130 Exception <a 'sun/nio/fs/WindowsException'{0x00000000881d9d08}> (0x00000000881d9d08) 
thrown [s\src\hotspot\share\prims\jni.cpp, line 516]
Event: 5.270 Thread 0x000001d30e638130 Exception <a 'sun/nio/fs/WindowsException'{0x00000000881da740}> (0x00000000881da740) 
thrown [s\src\hotspot\share\prims\jni.cpp, line 516]
Event: 5.270 Thread 0x000001d30e638130 Exception <a 'sun/nio/fs/WindowsException'{0x00000000881dab30}> (0x00000000881dab30) 
thrown [s\src\hotspot\share\prims\jni.cpp, line 516]
Event: 5.271 Thread 0x000001d30e638130 Exception <a 'sun/nio/fs/WindowsException'{0x00000000881db558}> (0x00000000881db558) 
thrown [s\src\hotspot\share\prims\jni.cpp, line 516]
Event: 5.271 Thread 0x000001d30e638130 Exception <a 'sun/nio/fs/WindowsException'{0x00000000881db948}> (0x00000000881db948) 
thrown [s\src\hotspot\share\prims\jni.cpp, line 516]
Event: 5.741 Thread 0x000001d30e511020 Exception <a 'java/lang/NoSuchMethodError'{0x000000008b098038}: 'java.lang.Object java.lang.invoke.Invokers$Holder.invoke_MT(java.lang.Object, java.lang.Object, java.lang.Object)'> (0x000000008b098038) 
thrown [s\src\hotspot\share\interpreter\linkResolver.cpp, line 759]
Event: 5.994 Thread 0x000001d30e511020 Exception <a 'java/lang/NoSuchMethodError'{0x000000008f6573e0}: 'java.lang.Object java.lang.invoke.DirectMethodHandle$Holder.newInvokeSpecial(java.lang.Object, java.lang.Object, int)'> (0x000000008f6573e0) 
thrown [s\src\hotspot\share\interpreter\linkResolver.cpp, line 759]
Event: 6.126 Thread 0x000001d31047afd0 Exception <a 'java/lang/NoSuchMethodError'{0x0000000092b54398}: 'java.lang.Object java.lang.invoke.Invokers$Holder.linkToTargetMethod(java.lang.Object, long, java.lang.Object)'> (0x0000000092b54398) 
thrown [s\src\hotspot\share\interpreter\linkResolver.cpp, line 759]

VM Operations (20 events):
Event: 5.895 Executing VM operation: HandshakeAllThreads done
Event: 5.908 Executing VM operation: G1CollectForAllocation
Event: 5.908 Executing VM operation: G1CollectForAllocation done
Event: 5.908 Executing VM operation: G1CollectForAllocation
Event: 5.913 Executing VM operation: G1CollectForAllocation done
Event: 5.999 Executing VM operation: G1CollectForAllocation
Event: 5.999 Executing VM operation: G1CollectForAllocation done
Event: 5.999 Executing VM operation: G1CollectForAllocation
Event: 6.008 Executing VM operation: G1CollectForAllocation done
Event: 6.052 Executing VM operation: G1CollectForAllocation
Event: 6.053 Executing VM operation: G1CollectForAllocation done
Event: 6.053 Executing VM operation: G1CollectForAllocation
Event: 6.062 Executing VM operation: G1CollectForAllocation done
Event: 6.159 Executing VM operation: G1CollectForAllocation
Event: 6.159 Executing VM operation: G1CollectForAllocation done
Event: 6.159 Executing VM operation: G1CollectForAllocation
Event: 6.172 Executing VM operation: G1CollectForAllocation done
Event: 6.214 Executing VM operation: G1CollectForAllocation
Event: 6.214 Executing VM operation: G1CollectForAllocation done
Event: 6.214 Executing VM operation: G1CollectForAllocation

Events (20 events):
Event: 5.989 loading class java/util/WeakHashMap$EntrySet done
Event: 5.989 loading class java/util/WeakHashMap$EntryIterator
Event: 5.989 loading class java/util/WeakHashMap$HashIterator
Event: 5.989 loading class java/util/WeakHashMap$HashIterator done
Event: 5.989 loading class java/util/WeakHashMap$EntryIterator done
Event: 5.995 Thread 0x000001d31047afd0 Thread added: 0x000001d31047afd0
Event: 5.995 loading class java/util/concurrent/CompletableFuture$BiRelay
Event: 5.995 loading class java/util/concurrent/CompletableFuture$BiCompletion
Event: 5.996 loading class java/util/concurrent/CompletableFuture$BiCompletion done
Event: 5.996 loading class java/util/concurrent/CompletableFuture$BiRelay done
Event: 5.996 loading class java/util/concurrent/CompletableFuture$CoCompletion
Event: 5.996 loading class java/util/concurrent/CompletableFuture$CoCompletion done
Event: 6.008 Thread 0x000001d31047ab00 Thread added: 0x000001d31047ab00
Event: 6.009 loading class java/nio/file/FileTreeIterator
Event: 6.009 loading class java/nio/file/FileTreeIterator done
Event: 6.010 loading class java/util/stream/ForEachOps$ForEachOp$OfRef
Event: 6.010 loading class java/util/stream/ForEachOps$ForEachOp$OfRef done
Event: 6.050 Thread 0x000001d31047fcd0 Thread added: 0x000001d31047fcd0
Event: 6.158 Thread 0x000001d31047db20 Thread added: 0x000001d31047db20
Event: 6.172 Thread 0x000001d31047b4a0 Thread added: 0x000001d31047b4a0


Dynamic libraries:
0x00007ff62bf60000 - 0x00007ff62bf6e000 	c:\Users\S_O_A\.vscode\extensions\redhat.java-1.11.0-win32-x64\jre\17.0.4.1-win32-x86_64\bin\java.exe
0x00007ffdfd950000 - 0x00007ffdfdb48000 	C:\Windows\SYSTEM32\ntdll.dll
0x00007ffdfba60000 - 0x00007ffdfbb1d000 	C:\Windows\System32\KERNEL32.DLL
0x00007ffdfb6d0000 - 0x00007ffdfb9a2000 	C:\Windows\System32\KERNELBASE.dll
0x00007ffdfb0b0000 - 0x00007ffdfb1b0000 	C:\Windows\System32\ucrtbase.dll
0x00007ffde9260000 - 0x00007ffde9278000 	c:\Users\S_O_A\.vscode\extensions\redhat.java-1.11.0-win32-x64\jre\17.0.4.1-win32-x86_64\bin\jli.dll
0x00007ffde9590000 - 0x00007ffde95a9000 	c:\Users\S_O_A\.vscode\extensions\redhat.java-1.11.0-win32-x64\jre\17.0.4.1-win32-x86_64\bin\VCRUNTIME140.dll
0x00007ffdfbdf0000 - 0x00007ffdfbf8d000 	C:\Windows\System32\USER32.dll
0x00007ffdfb290000 - 0x00007ffdfb2b2000 	C:\Windows\System32\win32u.dll
0x00007ffde79a0000 - 0x00007ffde7c3a000 	C:\Windows\WinSxS\amd64_microsoft.windows.common-controls_6595b64144ccf1df_6.0.19041.1110_none_60b5254171f9507e\COMCTL32.dll
0x00007ffdfcee0000 - 0x00007ffdfcf0b000 	C:\Windows\System32\GDI32.dll
0x00007ffdfc910000 - 0x00007ffdfc9ae000 	C:\Windows\System32\msvcrt.dll
0x00007ffdfb2c0000 - 0x00007ffdfb3cf000 	C:\Windows\System32\gdi32full.dll
0x00007ffdfb630000 - 0x00007ffdfb6cd000 	C:\Windows\System32\msvcp_win.dll
0x00007ffdfcf20000 - 0x00007ffdfcf50000 	C:\Windows\System32\IMM32.DLL
0x00007ffdf3e60000 - 0x00007ffdf3e6c000 	c:\Users\S_O_A\.vscode\extensions\redhat.java-1.11.0-win32-x64\jre\17.0.4.1-win32-x86_64\bin\vcruntime140_1.dll
0x00007ffdbfa80000 - 0x00007ffdbfb11000 	c:\Users\S_O_A\.vscode\extensions\redhat.java-1.11.0-win32-x64\jre\17.0.4.1-win32-x86_64\bin\msvcp140.dll
0x00007ffd9cc00000 - 0x00007ffd9d846000 	c:\Users\S_O_A\.vscode\extensions\redhat.java-1.11.0-win32-x64\jre\17.0.4.1-win32-x86_64\bin\server\jvm.dll
0x00007ffdfcfb0000 - 0x00007ffdfd05e000 	C:\Windows\System32\ADVAPI32.dll
0x00007ffdfcde0000 - 0x00007ffdfce7c000 	C:\Windows\System32\sechost.dll
0x00007ffdfcbe0000 - 0x00007ffdfcd05000 	C:\Windows\System32\RPCRT4.dll
0x00007ffdfcf10000 - 0x00007ffdfcf18000 	C:\Windows\System32\PSAPI.DLL
0x00007ffdf6a00000 - 0x00007ffdf6a27000 	C:\Windows\SYSTEM32\WINMM.dll
0x00007ffde5f40000 - 0x00007ffde5f49000 	C:\Windows\SYSTEM32\WSOCK32.dll
0x00007ffdf4a90000 - 0x00007ffdf4a9a000 	C:\Windows\SYSTEM32\VERSION.dll
0x00007ffdfcb70000 - 0x00007ffdfcbdb000 	C:\Windows\System32\WS2_32.dll
0x00007ffdf8f20000 - 0x00007ffdf8f32000 	C:\Windows\SYSTEM32\kernel.appcore.dll
0x00007ffdebbe0000 - 0x00007ffdebbea000 	c:\Users\S_O_A\.vscode\extensions\redhat.java-1.11.0-win32-x64\jre\17.0.4.1-win32-x86_64\bin\jimage.dll
0x00007ffde9000000 - 0x00007ffde91e4000 	C:\Windows\SYSTEM32\DBGHELP.DLL
0x00007ffde8fd0000 - 0x00007ffde8ffc000 	C:\Windows\SYSTEM32\dbgcore.DLL
0x00007ffdfb3d0000 - 0x00007ffdfb452000 	C:\Windows\System32\bcryptPrimitives.dll
0x00007ffdda450000 - 0x00007ffdda475000 	c:\Users\S_O_A\.vscode\extensions\redhat.java-1.11.0-win32-x64\jre\17.0.4.1-win32-x86_64\bin\java.dll
0x00007ffdda6a0000 - 0x00007ffdda6b8000 	c:\Users\S_O_A\.vscode\extensions\redhat.java-1.11.0-win32-x64\jre\17.0.4.1-win32-x86_64\bin\zip.dll
0x00007ffdfd060000 - 0x00007ffdfd7a3000 	C:\Windows\System32\SHELL32.dll
0x00007ffdf9120000 - 0x00007ffdf98b1000 	C:\Windows\SYSTEM32\windows.storage.dll
0x00007ffdfc0b0000 - 0x00007ffdfc404000 	C:\Windows\System32\combase.dll
0x00007ffdfaac0000 - 0x00007ffdfaaf0000 	C:\Windows\SYSTEM32\Wldp.dll
0x00007ffdfb9b0000 - 0x00007ffdfba5d000 	C:\Windows\System32\SHCORE.dll
0x00007ffdfbd90000 - 0x00007ffdfbde5000 	C:\Windows\System32\shlwapi.dll
0x00007ffdfafa0000 - 0x00007ffdfafbf000 	C:\Windows\SYSTEM32\profapi.dll
0x00007ffde92a0000 - 0x00007ffde92b9000 	C:\Users\S_O_A\.vscode\extensions\redhat.java-1.11.0-win32-x64\jre\17.0.4.1-win32-x86_64\bin\net.dll
0x00007ffded8c0000 - 0x00007ffded9cd000 	C:\Windows\SYSTEM32\WINHTTP.dll
0x00007ffdfa820000 - 0x00007ffdfa88a000 	C:\Windows\system32\mswsock.dll
0x00007ffde9280000 - 0x00007ffde9295000 	C:\Users\S_O_A\.vscode\extensions\redhat.java-1.11.0-win32-x64\jre\17.0.4.1-win32-x86_64\bin\nio.dll
0x00007ffde9250000 - 0x00007ffde9260000 	c:\Users\S_O_A\.vscode\extensions\redhat.java-1.11.0-win32-x64\jre\17.0.4.1-win32-x86_64\bin\verify.dll
0x00007ffde91f0000 - 0x00007ffde91f9000 	C:\Users\S_O_A\.vscode\extensions\redhat.java-1.11.0-win32-x64\jre\17.0.4.1-win32-x86_64\bin\management.dll
0x00007ffde7c60000 - 0x00007ffde7c6b000 	C:\Users\S_O_A\.vscode\extensions\redhat.java-1.11.0-win32-x64\jre\17.0.4.1-win32-x86_64\bin\management_ext.dll
0x00007ffdd9720000 - 0x00007ffdd9737000 	C:\Windows\system32\napinsp.dll
0x00007ffdd9700000 - 0x00007ffdd971b000 	C:\Windows\system32\pnrpnsp.dll
0x00007ffdd96e0000 - 0x00007ffdd96f5000 	C:\Windows\system32\wshbth.dll
0x00007ffdf69e0000 - 0x00007ffdf69fd000 	C:\Windows\system32\NLAapi.dll
0x00007ffdfa4c0000 - 0x00007ffdfa4fb000 	C:\Windows\SYSTEM32\IPHLPAPI.DLL
0x00007ffdfa500000 - 0x00007ffdfa5ca000 	C:\Windows\SYSTEM32\DNSAPI.dll
0x00007ffdfbcb0000 - 0x00007ffdfbcb8000 	C:\Windows\System32\NSI.dll
0x00007ffdd96c0000 - 0x00007ffdd96d2000 	C:\Windows\System32\winrnr.dll
0x00007ffded520000 - 0x00007ffded52a000 	C:\Windows\System32\rasadhlp.dll
0x00007ffded840000 - 0x00007ffded8c0000 	C:\Windows\System32\fwpuclnt.dll
0x00007ffdfb1b0000 - 0x00007ffdfb1d7000 	C:\Windows\System32\bcrypt.dll
0x00007ffdfaa10000 - 0x00007ffdfaa28000 	C:\Windows\SYSTEM32\CRYPTSP.dll
0x00007ffdfa0d0000 - 0x00007ffdfa104000 	C:\Windows\system32\rsaenh.dll
0x00007ffdfaf60000 - 0x00007ffdfaf8e000 	C:\Windows\SYSTEM32\USERENV.dll
0x00007ffdfaa30000 - 0x00007ffdfaa3c000 	C:\Windows\SYSTEM32\CRYPTBASE.dll
0x00007ffdf3900000 - 0x00007ffdf3917000 	C:\Windows\SYSTEM32\dhcpcsvc6.DLL
0x00007ffdf4770000 - 0x00007ffdf478d000 	C:\Windows\SYSTEM32\dhcpcsvc.DLL

dbghelp: loaded successfully - version: 4.0.5 - missing functions: none
symbol engine: initialized successfully - sym options: 0x614 - pdb path: .;c:\Users\S_O_A\.vscode\extensions\redhat.java-1.11.0-win32-x64\jre\17.0.4.1-win32-x86_64\bin;C:\Windows\SYSTEM32;C:\Windows\WinSxS\amd64_microsoft.windows.common-controls_6595b64144ccf1df_6.0.19041.1110_none_60b5254171f9507e;c:\Users\S_O_A\.vscode\extensions\redhat.java-1.11.0-win32-x64\jre\17.0.4.1-win32-x86_64\bin\server

VM Arguments:
jvm_args: -Dsts.lsp.client=vscode -Dsts.log.file=/dev/null -XX:TieredStopAtLevel=1 -Xlog:jni+resolve=off -Dspring.config.location=file:c:\Users\S_O_A\.vscode\extensions\pivotal.vscode-spring-boot-1.40.0\language-server\BOOT-INF\classes\application.properties 
java_command: org.springframework.ide.vscode.boot.app.BootLanguageServerBootApp
java_class_path (initial): c:\Users\S_O_A\.vscode\extensions\pivotal.vscode-spring-boot-1.40.0\language-server\BOOT-INF\classes;c:\Users\S_O_A\.vscode\extensions\pivotal.vscode-spring-boot-1.40.0\language-server\BOOT-INF\lib\annotations-23.0.0.jar;c:\Users\S_O_A\.vscode\extensions\pivotal.vscode-spring-boot-1.40.0\language-server\BOOT-INF\lib\ant-1.10.12.jar;c:\Users\S_O_A\.vscode\extensions\pivotal.vscode-spring-boot-1.40.0\language-server\BOOT-INF\lib\ant-launcher-1.10.12.jar;c:\Users\S_O_A\.vscode\extensions\pivotal.vscode-spring-boot-1.40.0\language-server\BOOT-INF\lib\antlr-runtime-3.5.2.jar;c:\Users\S_O_A\.vscode\extensions\pivotal.vscode-spring-boot-1.40.0\language-server\BOOT-INF\lib\antlr4-4.9.3.jar;c:\Users\S_O_A\.vscode\extensions\pivotal.vscode-spring-boot-1.40.0\language-server\BOOT-INF\lib\antlr4-runtime-4.9.3.jar;c:\Users\S_O_A\.vscode\extensions\pivotal.vscode-spring-boot-1.40.0\language-server\BOOT-INF\lib\asm-9.3.jar;c:\Users\S_O_A\.vscode\extensions\pivotal.vscode-spring-boot-1.40.0\language-server\BOOT-INF\lib\asm-analysis-9.3.jar;c:\Users\S_O_A\.vscode\extensions\pivotal.vscode-spring-boot-1.40.0\language-server\BOOT-INF\lib\asm-tree-9.3.jar;c:\Users\S_O_A\.vscode\extensions\pivotal.vscode-spring-boot-1.40.0\language-server\BOOT-INF\lib\asm-util-9.3.jar;c:\Users\S_O_A\.vscode\extensions\pivotal.vscode-spring-boot-1.40.0\language-server\BOOT-INF\lib\byte-buddy-1.12.13.jar;c:\Users\S_O_A\.vscode\extensions\pivotal.vscode-spring-boot-1.40.0\language-server\BOOT-INF\lib\caffeine-2.9.3.jar;c:\Users\S_O_A\.vscode\extensions\pivotal.vscode-spring-boot-1.40.0\language-server\BOOT-INF\lib\checker-qual-3.12.0.jar;c:\Users\S_O_A\.vscode\extensions\pivotal.vscode-spring-boot-1.40.0\language-server\BOOT-INF\lib\classgraph-4.8.149.jar;c:\Users\S_O_A\.vscode\extensions\pivotal.vscode-spring-boot-1.40.0\language-server\BOOT-INF\lib\commons-codec-1.15.jar;c:\Users\S_O_A\.vscode\extensions\pivotal.vscode-spring-boot-1.40.0\language-server\BOOT-INF\lib\commons-c
Launcher Type: SUN_STANDARD

[Global flags]
     intx CICompilerCount                          = 4                                         {product} {ergonomic}
     uint ConcGCThreads                            = 2                                         {product} {ergonomic}
     uint G1ConcRefinementThreads                  = 8                                         {product} {ergonomic}
   size_t G1HeapRegionSize                         = 1048576                                   {product} {ergonomic}
    uintx GCDrainStackTargetSize                   = 64                                        {product} {ergonomic}
   size_t InitialHeapSize                          = 134217728                                 {product} {ergonomic}
   size_t MarkStackSize                            = 4194304                                   {product} {ergonomic}
   size_t MaxHeapSize                              = 2116026368                                {product} {ergonomic}
   size_t MaxNewSize                               = 1268776960                                {product} {ergonomic}
   size_t MinHeapDeltaBytes                        = 1048576                                   {product} {ergonomic}
   size_t MinHeapSize                              = 8388608                                   {product} {ergonomic}
    uintx NonProfiledCodeHeapSize                  = 0                                      {pd product} {ergonomic}
     bool ProfileInterpreter                       = false                                  {pd product} {command line}
    uintx ProfiledCodeHeapSize                     = 0                                      {pd product} {ergonomic}
   size_t SoftMaxHeapSize                          = 2116026368                             {manageable} {ergonomic}
     intx TieredStopAtLevel                        = 1                                         {product} {command line}
     bool UseCompressedClassPointers               = true                           {product lp64_product} {ergonomic}
     bool UseCompressedOops                        = true                           {product lp64_product} {ergonomic}
     bool UseG1GC                                  = true                                      {product} {ergonomic}
     bool UseLargePagesIndividualAllocation        = false                                  {pd product} {ergonomic}

Logging:
Log output configuration:
 #0: stdout all=warning,jni+resolve=off uptime,level,tags
 #1: stderr all=off uptime,level,tags

Environment Variables:
JAVA_HOME=C:\Program Files\Java\jdk-11.0.16.1
PATH=C:\Program Files\Java\jdk-11.0.16.1\bin;C:\Program Files\Maven\apache-maven-3.8.6\bin;C:\Program Files\Common Files\Oracle\Java\javapath;C:\app\S_O_A\product\21c\dbhomeXE\bin;c:\huawei\cti;c:\huawei\csp6;C:\Windows\system32;C:\Windows;C:\Windows\System32\Wbem;C:\Windows\System32\WindowsPowerShell\v1.0\;C:\Windows\System32\OpenSSH\;C:\Program Files\dotnet\;C:\Program Files\Git\cmd;C:\Users\S_O_A\AppData\Local\Microsoft\WindowsApps;C:\Users\S_O_A\AppData\Local\Programs\Microsoft VS Code\bin;C:\Users\S_O_A\AppData\Local\atom\bin;C:\Users\S_O_A\.dotnet\tools
USERNAME=S_O_A
OS=Windows_NT
PROCESSOR_IDENTIFIER=Intel64 Family 6 Model 142 Stepping 10, GenuineIntel
TMP=C:\Users\S_O_A\AppData\Local\Temp
TEMP=C:\Users\S_O_A\AppData\Local\Temp



---------------  S Y S T E M  ---------------

OS:
 Windows 10 , 64 bit Build 19041 (10.0.19041.1889)
OS uptime: 0 days 13:55 hours

CPU: total 8 (initial active 8) (4 cores per cpu, 2 threads per core) family 6 model 142 stepping 10 microcode 0xb4, cx8, cmov, fxsr, ht, mmx, 3dnowpref, sse, sse2, sse3, ssse3, sse4.1, sse4.2, popcnt, lzcnt, tsc, tscinvbit, avx, avx2, aes, erms, clmul, bmi1, bmi2, adx, fma, vzeroupper, clflush, clflushopt

Memory: 4k page, system-wide physical 8066M (1352M free)
TotalPageFile size 10114M (AvailPageFile size 120M)
current process WorkingSet (physical memory assigned to process): 548M, peak: 548M
current process commit charge ("private bytes"): 574M, peak: 895M

vm_info: OpenJDK 64-Bit Server VM (17.0.4.1+1) for windows-amd64 JRE (17.0.4.1+1), built on Aug 17 2022 07:42:43 by "temurin" with MS VC++ 16.7 (VS2019)

END.
