#
# There is insufficient memory for the Java Runtime Environment to continue.
# Native memory allocation (mmap) failed to map 423624704 bytes for G1 virtual space
# Possible reasons:
#   The system is out of physical RAM or swap space
#   The process is running with CompressedOops enabled, and the Java Heap may be blocking the growth of the native heap
# Possible solutions:
#   Reduce memory load on the system
#   Increase physical memory or swap space
#   Check if swap backing store is full
#   Decrease Java heap size (-Xmx/-Xms)
#   Decrease number of Java threads
#   Decrease Java thread stack sizes (-Xss)
#   Set larger code cache with -XX:ReservedCodeCacheSize=
#   JVM is running with Unscaled Compressed Oops mode in which the Java heap is
#     placed in the first 4GB address space. The Java Heap base address is the
#     maximum limit for the native heap growth. Please use -XX:HeapBaseMinAddress
#     to set the Java Heap base and to place the Java Heap above 4GB virtual address.
# This output file may be truncated or incomplete.
#
#  Out of Memory Error (os_windows.cpp:3541), pid=1680, tid=2036
#
# JRE version: OpenJDK Runtime Environment Temurin-17.0.4.1+1 (17.0.4.1+1) (build 17.0.4.1+1)
# Java VM: OpenJDK 64-Bit Server VM Temurin-17.0.4.1+1 (17.0.4.1+1, mixed mode, emulated-client, tiered, compressed oops, compressed class ptrs, g1 gc, windows-amd64)
# No core dump will be written. Minidumps are not enabled by default on client versions of Windows
#

---------------  S U M M A R Y ------------

Command Line: -Dsts.lsp.client=vscode -Dsts.log.file=/dev/null -XX:TieredStopAtLevel=1 -Xlog:jni+resolve=off -Dspring.config.location=file:c:\Users\S_O_A\.vscode\extensions\pivotal.vscode-spring-boot-1.40.0\language-server\BOOT-INF\classes\application.properties org.springframework.ide.vscode.boot.app.BootLanguageServerBootApp

Host: Intel(R) Core(TM) i7-8550U CPU @ 1.80GHz, 8 cores, 7G,  Windows 10 , 64 bit Build 19041 (10.0.19041.1889)
Time: Thu Nov  3 17:00:09 2022 Hora est. Pacífico, Sudamérica elapsed time: 21.605400 seconds (0d 0h 0m 21s)

---------------  T H R E A D  ---------------

Current thread (0x0000022822a320b0):  VMThread "VM Thread" [stack: 0x000000c137200000,0x000000c137300000] [id=2036]

Stack: [0x000000c137200000,0x000000c137300000]
Native frames: (J=compiled Java code, j=interpreted, Vv=VM code, C=native code)
V  [jvm.dll+0x67731a]
V  [jvm.dll+0x832284]
V  [jvm.dll+0x833a2e]
V  [jvm.dll+0x834093]
V  [jvm.dll+0x245775]
V  [jvm.dll+0x674209]
V  [jvm.dll+0x668a92]
V  [jvm.dll+0x30471b]
V  [jvm.dll+0x30bc66]
V  [jvm.dll+0x35ba9e]
V  [jvm.dll+0x35bccf]
V  [jvm.dll+0x2db5b8]
V  [jvm.dll+0x2d986c]
V  [jvm.dll+0x2d8e3c]
V  [jvm.dll+0x31cd9b]
V  [jvm.dll+0x83853b]
V  [jvm.dll+0x839274]
V  [jvm.dll+0x83978c]
V  [jvm.dll+0x839b64]
V  [jvm.dll+0x839c30]
V  [jvm.dll+0x7e240a]
V  [jvm.dll+0x6761a5]
C  [ucrtbase.dll+0x21bb2]
C  [KERNEL32.DLL+0x17034]
C  [ntdll.dll+0x526a1]

VM_Operation (0x000000c1396fdf40): G1CollectForAllocation, mode: safepoint, requested by thread 0x0000022825266ef0


---------------  P R O C E S S  ---------------

Threads class SMR info:
_java_thread_list=0x00000228255e67f0, length=33, elements={
0x0000022822a4b760, 0x0000022822a4c5d0, 0x000002282341a130, 0x000002282341d1c0,
0x0000022822a70940, 0x0000022822a70f00, 0x0000022822a7a7e0, 0x0000022823426f80,
0x0000022823653260, 0x0000022823663920, 0x0000022823610d40, 0x00000228252a83d0,
0x0000022824fd6040, 0x000002282507dfd0, 0x00000228156a3900, 0x0000022823ac8790,
0x00000228254ad240, 0x000002282549dda0, 0x00000228255b7270, 0x00000228255b7740,
0x00000228255c14f0, 0x00000228255c19c0, 0x00000228255c01b0, 0x00000228255c0680,
0x00000228255c0b50, 0x00000228255c1020, 0x0000022825266ef0, 0x0000022825269570,
0x000002282526b720, 0x0000022825267890, 0x000002282526bbf0, 0x000002282526ad80,
0x000002282526d8d0
}

Java Threads: ( => current thread )
  0x0000022822a4b760 JavaThread "Reference Handler" daemon [_thread_blocked, id=9024, stack(0x000000c137300000,0x000000c137400000)]
  0x0000022822a4c5d0 JavaThread "Finalizer" daemon [_thread_blocked, id=8100, stack(0x000000c137400000,0x000000c137500000)]
  0x000002282341a130 JavaThread "Signal Dispatcher" daemon [_thread_blocked, id=5552, stack(0x000000c137500000,0x000000c137600000)]
  0x000002282341d1c0 JavaThread "Attach Listener" daemon [_thread_blocked, id=9852, stack(0x000000c137600000,0x000000c137700000)]
  0x0000022822a70940 JavaThread "Service Thread" daemon [_thread_blocked, id=5260, stack(0x000000c137700000,0x000000c137800000)]
  0x0000022822a70f00 JavaThread "Monitor Deflation Thread" daemon [_thread_blocked, id=9100, stack(0x000000c137800000,0x000000c137900000)]
  0x0000022822a7a7e0 JavaThread "C1 CompilerThread0" daemon [_thread_blocked, id=10860, stack(0x000000c137900000,0x000000c137a00000)]
  0x0000022823426f80 JavaThread "Sweeper thread" daemon [_thread_blocked, id=11220, stack(0x000000c137a00000,0x000000c137b00000)]
  0x0000022823653260 JavaThread "Notification Thread" daemon [_thread_blocked, id=8916, stack(0x000000c137c00000,0x000000c137d00000)]
  0x0000022823663920 JavaThread "Common-Cleaner" daemon [_thread_blocked, id=4396, stack(0x000000c137e00000,0x000000c137f00000)]
  0x0000022823610d40 JavaThread "C1 CompilerThread1" daemon [_thread_blocked, id=11952, stack(0x000000c137b00000,0x000000c137c00000)]
  0x00000228252a83d0 JavaThread "boundedElastic-evictor-1" daemon [_thread_blocked, id=12016, stack(0x000000c138800000,0x000000c138900000)]
  0x0000022824fd6040 JavaThread "pool-9-thread-1" [_thread_blocked, id=5088, stack(0x000000c138000000,0x000000c138100000)]
  0x000002282507dfd0 JavaThread "LanguageServerApp-lifecycle" [_thread_blocked, id=11464, stack(0x000000c138a00000,0x000000c138b00000)]
  0x00000228156a3900 JavaThread "DestroyJavaVM" [_thread_blocked, id=11428, stack(0x000000c136c00000,0x000000c136d00000)]
  0x0000022823ac8790 JavaThread "pool-10-thread-1" [_thread_in_native, id=8040, stack(0x000000c138b00000,0x000000c138c00000)]
  0x00000228254ad240 JavaThread "Simple-Language-Server main thread" daemon [_thread_blocked, id=10108, stack(0x000000c138c00000,0x000000c138d00000)]
  0x000002282549dda0 JavaThread "ForkJoinPool.commonPool-worker-1" daemon [_thread_blocked, id=4832, stack(0x000000c138d00000,0x000000c138e00000)]
  0x00000228255b7270 JavaThread "ClassGraph-worker-0" daemon [_thread_blocked, id=3584, stack(0x000000c138e00000,0x000000c138f00000)]
  0x00000228255b7740 JavaThread "ClassGraph-worker-1" daemon [_thread_blocked, id=10148, stack(0x000000c138f00000,0x000000c139000000)]
  0x00000228255c14f0 JavaThread "ClassGraph-worker-2" daemon [_thread_blocked, id=520, stack(0x000000c139000000,0x000000c139100000)]
  0x00000228255c19c0 JavaThread "ClassGraph-worker-3" daemon [_thread_blocked, id=1952, stack(0x000000c139100000,0x000000c139200000)]
  0x00000228255c01b0 JavaThread "ClassGraph-worker-4" daemon [_thread_blocked, id=8900, stack(0x000000c139200000,0x000000c139300000)]
  0x00000228255c0680 JavaThread "ClassGraph-worker-5" daemon [_thread_blocked, id=6208, stack(0x000000c139300000,0x000000c139400000)]
  0x00000228255c0b50 JavaThread "ClassGraph-worker-6" daemon [_thread_blocked, id=10260, stack(0x000000c139400000,0x000000c139500000)]
  0x00000228255c1020 JavaThread "ClassGraph-worker-7" daemon [_thread_blocked, id=7836, stack(0x000000c139500000,0x000000c139600000)]
  0x0000022825266ef0 JavaThread "ClassGraph-worker-8" daemon [_thread_blocked, id=3596, stack(0x000000c139600000,0x000000c139700000)]
  0x0000022825269570 JavaThread "ClassGraph-worker-9" daemon [_thread_blocked, id=11708, stack(0x000000c139700000,0x000000c139800000)]
  0x000002282526b720 JavaThread "ClassGraph-worker-10" daemon [_thread_blocked, id=3412, stack(0x000000c139800000,0x000000c139900000)]
  0x0000022825267890 JavaThread "ClassGraph-worker-11" daemon [_thread_blocked, id=11832, stack(0x000000c139900000,0x000000c139a00000)]
  0x000002282526bbf0 JavaThread "ClassGraph-worker-12" daemon [_thread_blocked, id=9656, stack(0x000000c139a00000,0x000000c139b00000)]
  0x000002282526ad80 JavaThread "ClassGraph-worker-13" daemon [_thread_blocked, id=4108, stack(0x000000c139b00000,0x000000c139c00000)]
  0x000002282526d8d0 JavaThread "parallel-1" daemon [_thread_blocked, id=11864, stack(0x000000c139c00000,0x000000c139d00000)]

Other Threads:
=>0x0000022822a320b0 VMThread "VM Thread" [stack: 0x000000c137200000,0x000000c137300000] [id=2036]
  0x0000022815727050 WatcherThread [stack: 0x000000c137d00000,0x000000c137e00000] [id=11440]
  0x0000022815700b30 GCTaskThread "GC Thread#0" [stack: 0x000000c136d00000,0x000000c136e00000] [id=5752]
  0x0000022823f7c400 GCTaskThread "GC Thread#1" [stack: 0x000000c138100000,0x000000c138200000] [id=7544]
  0x0000022823f7c6b0 GCTaskThread "GC Thread#2" [stack: 0x000000c138200000,0x000000c138300000] [id=4528]
  0x0000022823fb4720 GCTaskThread "GC Thread#3" [stack: 0x000000c138300000,0x000000c138400000] [id=11020]
  0x0000022823fb49d0 GCTaskThread "GC Thread#4" [stack: 0x000000c138400000,0x000000c138500000] [id=7832]
  0x0000022823fb4c80 GCTaskThread "GC Thread#5" [stack: 0x000000c138500000,0x000000c138600000] [id=5472]
  0x0000022823d96990 GCTaskThread "GC Thread#6" [stack: 0x000000c138600000,0x000000c138700000] [id=6820]
  0x0000022823d96c40 GCTaskThread "GC Thread#7" [stack: 0x000000c138700000,0x000000c138800000] [id=7216]
  0x00000228157126c0 ConcurrentGCThread "G1 Main Marker" [stack: 0x000000c136e00000,0x000000c136f00000] [id=7272]
  0x00000228157130d0 ConcurrentGCThread "G1 Conc#0" [stack: 0x000000c136f00000,0x000000c137000000] [id=3200]
  0x0000022824dd3b60 ConcurrentGCThread "G1 Conc#1" [stack: 0x000000c138900000,0x000000c138a00000] [id=5788]
  0x000002281577e0e0 ConcurrentGCThread "G1 Refine#0" [stack: 0x000000c137000000,0x000000c137100000] [id=11776]
  0x000002281577eb00 ConcurrentGCThread "G1 Service" [stack: 0x000000c137100000,0x000000c137200000] [id=4728]

Threads with active compile tasks:

VM state: at safepoint (normal execution)

VM Mutex/Monitor currently owned by a thread:  ([mutex/lock_event])
[0x00000228134b7980] Threads_lock - owner thread: 0x0000022822a320b0
[0x00000228156a2c20] Heap_lock - owner thread: 0x0000022825266ef0

Heap address: 0x0000000081e00000, size: 2018 MB, Compressed Oops mode: 32-bit

CDS archive(s) not mapped
Compressed class space mapped at: 0x0000000100000000-0x0000000140000000, reserved size: 1073741824
Narrow klass base: 0x0000000000000000, Narrow klass shift: 3, Narrow klass range: 0x140000000

GC Precious Log:
 CPUs: 8 total, 8 available
 Memory: 8066M
 Large Page Support: Disabled
 NUMA Support: Disabled
 Compressed Oops: Enabled (32-bit)
 Heap Region Size: 1M
 Heap Min Capacity: 8M
 Heap Initial Capacity: 128M
 Heap Max Capacity: 2018M
 Pre-touch: Disabled
 Parallel Workers: 8
 Concurrent Workers: 2
 Concurrent Refinement Workers: 8
 Periodic GC: Disabled

Heap:
 garbage-first heap   total 292864K, used 84341K [0x0000000081e00000, 0x0000000100000000)
  region size 1024K, 17 young (17408K), 17 survivors (17408K)
 Metaspace       used 35289K, committed 35584K, reserved 1081344K
  class space    used 4569K, committed 4736K, reserved 1048576K

Heap Regions: E=young(eden), S=young(survivor), O=old, HS=humongous(starts), HC=humongous(continues), CS=collection set, F=free, OA=open archive, CA=closed archive, TAMS=top-at-mark-start (previous, next)
|   0|0x0000000081e00000, 0x0000000081f00000, 0x0000000081f00000|100%| O|  |TAMS 0x0000000081f00000, 0x0000000081e00000| Untracked 
|   1|0x0000000081f00000, 0x0000000082000000, 0x0000000082000000|100%| O|  |TAMS 0x0000000082000000, 0x0000000081f00000| Untracked 
|   2|0x0000000082000000, 0x0000000082100000, 0x0000000082100000|100%| O|  |TAMS 0x0000000082100000, 0x0000000082000000| Untracked 
|   3|0x0000000082100000, 0x0000000082200000, 0x0000000082200000|100%| O|  |TAMS 0x0000000082200000, 0x0000000082100000| Untracked 
|   4|0x0000000082200000, 0x0000000082300000, 0x0000000082300000|100%| O|  |TAMS 0x0000000082300000, 0x0000000082200000| Untracked 
|   5|0x0000000082300000, 0x0000000082400000, 0x0000000082400000|100%| O|  |TAMS 0x0000000082400000, 0x0000000082300000| Untracked 
|   6|0x0000000082400000, 0x0000000082500000, 0x0000000082500000|100%| O|  |TAMS 0x0000000082500000, 0x0000000082400000| Untracked 
|   7|0x0000000082500000, 0x0000000082600000, 0x0000000082600000|100%| O|  |TAMS 0x0000000082600000, 0x0000000082500000| Untracked 
|   8|0x0000000082600000, 0x0000000082700000, 0x0000000082700000|100%| O|  |TAMS 0x0000000082600000, 0x0000000082600000| Untracked 
|   9|0x0000000082700000, 0x0000000082800000, 0x0000000082800000|100%| O|  |TAMS 0x0000000082800000, 0x0000000082700000| Untracked 
|  10|0x0000000082800000, 0x0000000082900000, 0x0000000082900000|100%| O|  |TAMS 0x0000000082900000, 0x0000000082800000| Untracked 
|  11|0x0000000082900000, 0x0000000082a00000, 0x0000000082a00000|100%| O|  |TAMS 0x0000000082a00000, 0x0000000082900000| Untracked 
|  12|0x0000000082a00000, 0x0000000082b00000, 0x0000000082b00000|100%| O|  |TAMS 0x0000000082b00000, 0x0000000082a00000| Untracked 
|  13|0x0000000082b00000, 0x0000000082c00000, 0x0000000082c00000|100%| O|  |TAMS 0x0000000082c00000, 0x0000000082b00000| Untracked 
|  14|0x0000000082c00000, 0x0000000082d00000, 0x0000000082d00000|100%| O|  |TAMS 0x0000000082d00000, 0x0000000082c00000| Untracked 
|  15|0x0000000082d00000, 0x0000000082e00000, 0x0000000082e00000|100%| O|  |TAMS 0x0000000082e00000, 0x0000000082d00000| Untracked 
|  16|0x0000000082e00000, 0x0000000082f00000, 0x0000000082f00000|100%| O|  |TAMS 0x0000000082f00000, 0x0000000082e00000| Untracked 
|  17|0x0000000082f00000, 0x0000000083000000, 0x0000000083000000|100%| O|  |TAMS 0x0000000083000000, 0x0000000082f00000| Untracked 
|  18|0x0000000083000000, 0x0000000083100000, 0x0000000083100000|100%| O|  |TAMS 0x0000000083100000, 0x0000000083000000| Untracked 
|  19|0x0000000083100000, 0x0000000083200000, 0x0000000083200000|100%| O|  |TAMS 0x0000000083200000, 0x0000000083100000| Untracked 
|  20|0x0000000083200000, 0x0000000083300000, 0x0000000083300000|100%| O|  |TAMS 0x0000000083300000, 0x0000000083200000| Untracked 
|  21|0x0000000083300000, 0x0000000083400000, 0x0000000083400000|100%| O|  |TAMS 0x0000000083400000, 0x0000000083300000| Untracked 
|  22|0x0000000083400000, 0x0000000083500000, 0x0000000083500000|100%| O|  |TAMS 0x0000000083500000, 0x0000000083400000| Untracked 
|  23|0x0000000083500000, 0x0000000083600000, 0x0000000083600000|100%| O|  |TAMS 0x0000000083600000, 0x0000000083500000| Untracked 
|  24|0x0000000083600000, 0x0000000083700000, 0x0000000083700000|100%| O|  |TAMS 0x0000000083700000, 0x0000000083600000| Untracked 
|  25|0x0000000083700000, 0x0000000083800000, 0x0000000083800000|100%| O|  |TAMS 0x0000000083800000, 0x0000000083700000| Untracked 
|  26|0x0000000083800000, 0x0000000083900000, 0x0000000083900000|100%| O|  |TAMS 0x0000000083900000, 0x0000000083800000| Untracked 
|  27|0x0000000083900000, 0x0000000083a00000, 0x0000000083a00000|100%| O|  |TAMS 0x0000000083a00000, 0x0000000083900000| Untracked 
|  28|0x0000000083a00000, 0x0000000083b00000, 0x0000000083b00000|100%| O|  |TAMS 0x0000000083b00000, 0x0000000083a00000| Untracked 
|  29|0x0000000083b00000, 0x0000000083c00000, 0x0000000083c00000|100%| O|  |TAMS 0x0000000083c00000, 0x0000000083b00000| Untracked 
|  30|0x0000000083c00000, 0x0000000083d00000, 0x0000000083d00000|100%| O|  |TAMS 0x0000000083d00000, 0x0000000083c00000| Untracked 
|  31|0x0000000083d00000, 0x0000000083e00000, 0x0000000083e00000|100%| O|  |TAMS 0x0000000083e00000, 0x0000000083d00000| Untracked 
|  32|0x0000000083e00000, 0x0000000083f00000, 0x0000000083f00000|100%| O|  |TAMS 0x0000000083f00000, 0x0000000083e00000| Untracked 
|  33|0x0000000083f00000, 0x0000000084000000, 0x0000000084000000|100%| O|  |TAMS 0x0000000084000000, 0x0000000083f00000| Untracked 
|  34|0x0000000084000000, 0x0000000084100000, 0x0000000084100000|100%| O|  |TAMS 0x0000000084100000, 0x0000000084000000| Untracked 
|  35|0x0000000084100000, 0x0000000084200000, 0x0000000084200000|100%| O|  |TAMS 0x0000000084200000, 0x0000000084100000| Untracked 
|  36|0x0000000084200000, 0x0000000084300000, 0x0000000084300000|100%| O|  |TAMS 0x0000000084300000, 0x0000000084200000| Untracked 
|  37|0x0000000084300000, 0x0000000084400000, 0x0000000084400000|100%| O|  |TAMS 0x0000000084400000, 0x0000000084300000| Untracked 
|  38|0x0000000084400000, 0x0000000084500000, 0x0000000084500000|100%| O|  |TAMS 0x0000000084500000, 0x0000000084400000| Untracked 
|  39|0x0000000084500000, 0x0000000084600000, 0x0000000084600000|100%| O|  |TAMS 0x0000000084600000, 0x0000000084500000| Untracked 
|  40|0x0000000084600000, 0x0000000084700000, 0x0000000084700000|100%| O|  |TAMS 0x000000008469c000, 0x0000000084600000| Untracked 
|  41|0x0000000084700000, 0x0000000084800000, 0x0000000084800000|100%| O|  |TAMS 0x0000000084700000, 0x0000000084700000| Untracked 
|  42|0x0000000084800000, 0x0000000084900000, 0x0000000084900000|100%| O|  |TAMS 0x0000000084800000, 0x0000000084800000| Untracked 
|  43|0x0000000084900000, 0x0000000084a00000, 0x0000000084a00000|100%| O|  |TAMS 0x0000000084900000, 0x0000000084900000| Untracked 
|  44|0x0000000084a00000, 0x0000000084b00000, 0x0000000084b00000|100%| O|  |TAMS 0x0000000084a00000, 0x0000000084a00000| Untracked 
|  45|0x0000000084b00000, 0x0000000084c00000, 0x0000000084c00000|100%| O|  |TAMS 0x0000000084b00000, 0x0000000084b00000| Untracked 
|  46|0x0000000084c00000, 0x0000000084d00000, 0x0000000084d00000|100%|HS|  |TAMS 0x0000000084c00000, 0x0000000084c00000| Complete 
|  47|0x0000000084d00000, 0x0000000084e00000, 0x0000000084e00000|100%|HS|  |TAMS 0x0000000084d00000, 0x0000000084d00000| Complete 
|  48|0x0000000084e00000, 0x0000000084f00000, 0x0000000084f00000|100%| O|  |TAMS 0x0000000084e00000, 0x0000000084e00000| Untracked 
|  49|0x0000000084f00000, 0x0000000085000000, 0x0000000085000000|100%| O|  |TAMS 0x0000000084f00000, 0x0000000084f00000| Untracked 
|  50|0x0000000085000000, 0x0000000085100000, 0x0000000085100000|100%| O|  |TAMS 0x0000000085000000, 0x0000000085000000| Untracked 
|  51|0x0000000085100000, 0x0000000085200000, 0x0000000085200000|100%| O|  |TAMS 0x0000000085100000, 0x0000000085100000| Untracked 
|  52|0x0000000085200000, 0x0000000085300000, 0x0000000085300000|100%| O|  |TAMS 0x0000000085200000, 0x0000000085200000| Untracked 
|  53|0x0000000085300000, 0x0000000085400000, 0x0000000085400000|100%| O|  |TAMS 0x0000000085300000, 0x0000000085300000| Untracked 
|  54|0x0000000085400000, 0x0000000085500000, 0x0000000085500000|100%| O|  |TAMS 0x0000000085400000, 0x0000000085400000| Untracked 
|  55|0x0000000085500000, 0x0000000085600000, 0x0000000085600000|100%| O|  |TAMS 0x0000000085500000, 0x0000000085500000| Untracked 
|  56|0x0000000085600000, 0x0000000085700000, 0x0000000085700000|100%| O|  |TAMS 0x0000000085600000, 0x0000000085600000| Untracked 
|  57|0x0000000085700000, 0x0000000085800000, 0x0000000085800000|100%| O|  |TAMS 0x0000000085700000, 0x0000000085700000| Untracked 
|  58|0x0000000085800000, 0x0000000085900000, 0x0000000085900000|100%| O|  |TAMS 0x0000000085800000, 0x0000000085800000| Untracked 
|  59|0x0000000085900000, 0x0000000085a00000, 0x0000000085a00000|100%| O|  |TAMS 0x0000000085900000, 0x0000000085900000| Untracked 
|  60|0x0000000085a00000, 0x0000000085b00000, 0x0000000085b00000|100%| O|  |TAMS 0x0000000085a00000, 0x0000000085a00000| Untracked 
|  61|0x0000000085b00000, 0x0000000085c00000, 0x0000000085c00000|100%| O|  |TAMS 0x0000000085b00000, 0x0000000085b00000| Untracked 
|  62|0x0000000085c00000, 0x0000000085d00000, 0x0000000085d00000|100%| O|  |TAMS 0x0000000085c00000, 0x0000000085c00000| Untracked 
|  63|0x0000000085d00000, 0x0000000085e00000, 0x0000000085e00000|100%| O|  |TAMS 0x0000000085d00000, 0x0000000085d00000| Untracked 
|  64|0x0000000085e00000, 0x0000000085f00000, 0x0000000085f00000|100%| O|  |TAMS 0x0000000085e00000, 0x0000000085e00000| Untracked 
|  65|0x0000000085f00000, 0x0000000085fdde00, 0x0000000086000000| 86%| O|  |TAMS 0x0000000085f00000, 0x0000000085f00000| Untracked 
|  66|0x0000000086000000, 0x0000000086000000, 0x0000000086100000|  0%| F|  |TAMS 0x0000000086000000, 0x0000000086000000| Untracked 
|  67|0x0000000086100000, 0x0000000086100000, 0x0000000086200000|  0%| F|  |TAMS 0x0000000086100000, 0x0000000086100000| Untracked 
|  68|0x0000000086200000, 0x0000000086200000, 0x0000000086300000|  0%| F|  |TAMS 0x0000000086200000, 0x0000000086200000| Untracked 
|  69|0x0000000086300000, 0x0000000086300000, 0x0000000086400000|  0%| F|  |TAMS 0x0000000086300000, 0x0000000086300000| Untracked 
|  70|0x0000000086400000, 0x0000000086400000, 0x0000000086500000|  0%| F|  |TAMS 0x0000000086400000, 0x0000000086400000| Untracked 
|  71|0x0000000086500000, 0x0000000086500000, 0x0000000086600000|  0%| F|  |TAMS 0x0000000086500000, 0x0000000086500000| Untracked 
|  72|0x0000000086600000, 0x0000000086600000, 0x0000000086700000|  0%| F|  |TAMS 0x0000000086600000, 0x0000000086600000| Untracked 
|  73|0x0000000086700000, 0x0000000086700000, 0x0000000086800000|  0%| F|  |TAMS 0x0000000086700000, 0x0000000086700000| Untracked 
|  74|0x0000000086800000, 0x0000000086800000, 0x0000000086900000|  0%| F|  |TAMS 0x0000000086800000, 0x0000000086800000| Untracked 
|  75|0x0000000086900000, 0x0000000086900000, 0x0000000086a00000|  0%| F|  |TAMS 0x0000000086900000, 0x0000000086900000| Untracked 
|  76|0x0000000086a00000, 0x0000000086a00000, 0x0000000086b00000|  0%| F|  |TAMS 0x0000000086a00000, 0x0000000086a00000| Untracked 
|  77|0x0000000086b00000, 0x0000000086b00000, 0x0000000086c00000|  0%| F|  |TAMS 0x0000000086b00000, 0x0000000086b00000| Untracked 
|  78|0x0000000086c00000, 0x0000000086c00000, 0x0000000086d00000|  0%| F|  |TAMS 0x0000000086c00000, 0x0000000086c00000| Untracked 
|  79|0x0000000086d00000, 0x0000000086d00000, 0x0000000086e00000|  0%| F|  |TAMS 0x0000000086d00000, 0x0000000086d00000| Untracked 
|  80|0x0000000086e00000, 0x0000000086e00000, 0x0000000086f00000|  0%| F|  |TAMS 0x0000000086e00000, 0x0000000086e00000| Untracked 
|  81|0x0000000086f00000, 0x0000000086f00000, 0x0000000087000000|  0%| F|  |TAMS 0x0000000086f00000, 0x0000000086f00000| Untracked 
|  82|0x0000000087000000, 0x0000000087000000, 0x0000000087100000|  0%| F|  |TAMS 0x0000000087000000, 0x0000000087000000| Untracked 
|  83|0x0000000087100000, 0x0000000087100000, 0x0000000087200000|  0%| F|  |TAMS 0x0000000087100000, 0x0000000087100000| Untracked 
|  84|0x0000000087200000, 0x0000000087200000, 0x0000000087300000|  0%| F|  |TAMS 0x0000000087200000, 0x0000000087200000| Untracked 
|  85|0x0000000087300000, 0x0000000087300000, 0x0000000087400000|  0%| F|  |TAMS 0x0000000087300000, 0x0000000087300000| Untracked 
|  86|0x0000000087400000, 0x0000000087400000, 0x0000000087500000|  0%| F|  |TAMS 0x0000000087400000, 0x0000000087400000| Untracked 
|  87|0x0000000087500000, 0x0000000087500000, 0x0000000087600000|  0%| F|  |TAMS 0x0000000087500000, 0x0000000087500000| Untracked 
|  88|0x0000000087600000, 0x0000000087600000, 0x0000000087700000|  0%| F|  |TAMS 0x0000000087600000, 0x0000000087600000| Untracked 
|  89|0x0000000087700000, 0x0000000087700000, 0x0000000087800000|  0%| F|  |TAMS 0x0000000087700000, 0x0000000087700000| Untracked 
|  90|0x0000000087800000, 0x0000000087800000, 0x0000000087900000|  0%| F|  |TAMS 0x0000000087800000, 0x0000000087800000| Untracked 
|  91|0x0000000087900000, 0x0000000087900000, 0x0000000087a00000|  0%| F|  |TAMS 0x0000000087900000, 0x0000000087900000| Untracked 
|  92|0x0000000087a00000, 0x0000000087a00000, 0x0000000087b00000|  0%| F|  |TAMS 0x0000000087a00000, 0x0000000087a00000| Untracked 
|  93|0x0000000087b00000, 0x0000000087b00000, 0x0000000087c00000|  0%| F|  |TAMS 0x0000000087b00000, 0x0000000087b00000| Untracked 
|  94|0x0000000087c00000, 0x0000000087c00000, 0x0000000087d00000|  0%| F|  |TAMS 0x0000000087c00000, 0x0000000087c00000| Untracked 
|  95|0x0000000087d00000, 0x0000000087d00000, 0x0000000087e00000|  0%| F|  |TAMS 0x0000000087d00000, 0x0000000087d00000| Untracked 
|  96|0x0000000087e00000, 0x0000000087e00000, 0x0000000087f00000|  0%| F|  |TAMS 0x0000000087e00000, 0x0000000087e00000| Untracked 
|  97|0x0000000087f00000, 0x0000000087f00000, 0x0000000088000000|  0%| F|  |TAMS 0x0000000087f00000, 0x0000000087f00000| Untracked 
|  98|0x0000000088000000, 0x0000000088000000, 0x0000000088100000|  0%| F|  |TAMS 0x0000000088000000, 0x0000000088000000| Untracked 
|  99|0x0000000088100000, 0x0000000088100000, 0x0000000088200000|  0%| F|  |TAMS 0x0000000088100000, 0x0000000088100000| Untracked 
| 100|0x0000000088200000, 0x0000000088200000, 0x0000000088300000|  0%| F|  |TAMS 0x0000000088200000, 0x0000000088200000| Untracked 
| 101|0x0000000088300000, 0x0000000088300000, 0x0000000088400000|  0%| F|  |TAMS 0x0000000088300000, 0x0000000088300000| Untracked 
| 102|0x0000000088400000, 0x0000000088400000, 0x0000000088500000|  0%| F|  |TAMS 0x0000000088400000, 0x0000000088400000| Untracked 
| 103|0x0000000088500000, 0x0000000088500000, 0x0000000088600000|  0%| F|  |TAMS 0x0000000088500000, 0x0000000088500000| Untracked 
| 104|0x0000000088600000, 0x0000000088600000, 0x0000000088700000|  0%| F|  |TAMS 0x0000000088600000, 0x0000000088600000| Untracked 
| 105|0x0000000088700000, 0x0000000088700000, 0x0000000088800000|  0%| F|  |TAMS 0x0000000088700000, 0x0000000088700000| Untracked 
| 106|0x0000000088800000, 0x0000000088800000, 0x0000000088900000|  0%| F|  |TAMS 0x0000000088800000, 0x0000000088800000| Untracked 
| 107|0x0000000088900000, 0x0000000088900000, 0x0000000088a00000|  0%| F|  |TAMS 0x0000000088900000, 0x0000000088900000| Untracked 
| 108|0x0000000088a00000, 0x0000000088a00000, 0x0000000088b00000|  0%| F|  |TAMS 0x0000000088a00000, 0x0000000088a00000| Untracked 
| 109|0x0000000088b00000, 0x0000000088b00000, 0x0000000088c00000|  0%| F|  |TAMS 0x0000000088b00000, 0x0000000088b00000| Untracked 
| 110|0x0000000088c00000, 0x0000000088c00000, 0x0000000088d00000|  0%| F|  |TAMS 0x0000000088c00000, 0x0000000088c00000| Untracked 
| 111|0x0000000088d00000, 0x0000000088d00000, 0x0000000088e00000|  0%| F|  |TAMS 0x0000000088d00000, 0x0000000088d00000| Untracked 
| 112|0x0000000088e00000, 0x0000000088e00000, 0x0000000088f00000|  0%| F|  |TAMS 0x0000000088e00000, 0x0000000088e00000| Untracked 
| 113|0x0000000088f00000, 0x0000000088f7f970, 0x0000000089000000| 49%| S|CS|TAMS 0x0000000088f00000, 0x0000000088f00000| Complete 
| 114|0x0000000089000000, 0x0000000089100000, 0x0000000089100000|100%| S|CS|TAMS 0x0000000089000000, 0x0000000089000000| Complete 
| 115|0x0000000089100000, 0x0000000089200000, 0x0000000089200000|100%| S|CS|TAMS 0x0000000089100000, 0x0000000089100000| Complete 
| 116|0x0000000089200000, 0x0000000089300000, 0x0000000089300000|100%| S|CS|TAMS 0x0000000089200000, 0x0000000089200000| Complete 
| 117|0x0000000089300000, 0x0000000089400000, 0x0000000089400000|100%| S|CS|TAMS 0x0000000089300000, 0x0000000089300000| Complete 
| 118|0x0000000089400000, 0x0000000089500000, 0x0000000089500000|100%| S|CS|TAMS 0x0000000089400000, 0x0000000089400000| Complete 
| 119|0x0000000089500000, 0x0000000089500000, 0x0000000089600000|  0%| F|  |TAMS 0x0000000089500000, 0x0000000089500000| Untracked 
| 120|0x0000000089600000, 0x0000000089600000, 0x0000000089700000|  0%| F|  |TAMS 0x0000000089600000, 0x0000000089600000| Untracked 
| 121|0x0000000089700000, 0x0000000089700000, 0x0000000089800000|  0%| F|  |TAMS 0x0000000089700000, 0x0000000089700000| Untracked 
| 122|0x0000000089800000, 0x0000000089800000, 0x0000000089900000|  0%| F|  |TAMS 0x0000000089800000, 0x0000000089800000| Untracked 
| 123|0x0000000089900000, 0x0000000089900000, 0x0000000089a00000|  0%| F|  |TAMS 0x0000000089900000, 0x0000000089900000| Untracked 
| 124|0x0000000089a00000, 0x0000000089a00000, 0x0000000089b00000|  0%| F|  |TAMS 0x0000000089a00000, 0x0000000089a00000| Untracked 
| 125|0x0000000089b00000, 0x0000000089b00000, 0x0000000089c00000|  0%| F|  |TAMS 0x0000000089b00000, 0x0000000089b00000| Untracked 
| 126|0x0000000089c00000, 0x0000000089c00000, 0x0000000089d00000|  0%| F|  |TAMS 0x0000000089c00000, 0x0000000089c00000| Untracked 
| 127|0x0000000089d00000, 0x0000000089d00000, 0x0000000089e00000|  0%| F|  |TAMS 0x0000000089d00000, 0x0000000089d00000| Untracked 
| 128|0x0000000089e00000, 0x0000000089e00000, 0x0000000089f00000|  0%| F|  |TAMS 0x0000000089e00000, 0x0000000089e00000| Untracked 
| 129|0x0000000089f00000, 0x0000000089f00000, 0x000000008a000000|  0%| F|  |TAMS 0x0000000089f00000, 0x0000000089f00000| Untracked 
| 130|0x000000008a000000, 0x000000008a000000, 0x000000008a100000|  0%| F|  |TAMS 0x000000008a000000, 0x000000008a000000| Untracked 
| 131|0x000000008a100000, 0x000000008a200000, 0x000000008a200000|100%| S|CS|TAMS 0x000000008a100000, 0x000000008a100000| Complete 
| 132|0x000000008a200000, 0x000000008a300000, 0x000000008a300000|100%| S|CS|TAMS 0x000000008a200000, 0x000000008a200000| Complete 
| 133|0x000000008a300000, 0x000000008a400000, 0x000000008a400000|100%| S|CS|TAMS 0x000000008a300000, 0x000000008a300000| Complete 
| 134|0x000000008a400000, 0x000000008a500000, 0x000000008a500000|100%| S|CS|TAMS 0x000000008a400000, 0x000000008a400000| Complete 
| 135|0x000000008a500000, 0x000000008a600000, 0x000000008a600000|100%| S|CS|TAMS 0x000000008a500000, 0x000000008a500000| Complete 
| 136|0x000000008a600000, 0x000000008a700000, 0x000000008a700000|100%| S|CS|TAMS 0x000000008a600000, 0x000000008a600000| Complete 
| 137|0x000000008a700000, 0x000000008a800000, 0x000000008a800000|100%| S|CS|TAMS 0x000000008a700000, 0x000000008a700000| Complete 
| 138|0x000000008a800000, 0x000000008a900000, 0x000000008a900000|100%| S|CS|TAMS 0x000000008a800000, 0x000000008a800000| Complete 
| 139|0x000000008a900000, 0x000000008aa00000, 0x000000008aa00000|100%| S|CS|TAMS 0x000000008a900000, 0x000000008a900000| Complete 
| 140|0x000000008aa00000, 0x000000008ab00000, 0x000000008ab00000|100%| S|CS|TAMS 0x000000008aa00000, 0x000000008aa00000| Complete 
| 141|0x000000008ab00000, 0x000000008ac00000, 0x000000008ac00000|100%| S|CS|TAMS 0x000000008ab00000, 0x000000008ab00000| Complete 
| 142|0x000000008ac00000, 0x000000008ac00000, 0x000000008ad00000|  0%| F|  |TAMS 0x000000008ac00000, 0x000000008ac00000| Untracked 
| 143|0x000000008ad00000, 0x000000008ad00000, 0x000000008ae00000|  0%| F|  |TAMS 0x000000008ad00000, 0x000000008ad00000| Untracked 
| 144|0x000000008ae00000, 0x000000008ae00000, 0x000000008af00000|  0%| F|  |TAMS 0x000000008ae00000, 0x000000008ae00000| Untracked 
| 145|0x000000008af00000, 0x000000008af00000, 0x000000008b000000|  0%| F|  |TAMS 0x000000008af00000, 0x000000008af00000| Untracked 
| 146|0x000000008b000000, 0x000000008b000000, 0x000000008b100000|  0%| F|  |TAMS 0x000000008b000000, 0x000000008b000000| Untracked 
| 147|0x000000008b100000, 0x000000008b100000, 0x000000008b200000|  0%| F|  |TAMS 0x000000008b100000, 0x000000008b100000| Untracked 
| 148|0x000000008b200000, 0x000000008b200000, 0x000000008b300000|  0%| F|  |TAMS 0x000000008b200000, 0x000000008b200000| Untracked 
| 149|0x000000008b300000, 0x000000008b300000, 0x000000008b400000|  0%| F|  |TAMS 0x000000008b300000, 0x000000008b300000| Untracked 
| 150|0x000000008b400000, 0x000000008b400000, 0x000000008b500000|  0%| F|  |TAMS 0x000000008b400000, 0x000000008b400000| Untracked 
| 151|0x000000008b500000, 0x000000008b500000, 0x000000008b600000|  0%| F|  |TAMS 0x000000008b500000, 0x000000008b500000| Untracked 
| 152|0x000000008b600000, 0x000000008b600000, 0x000000008b700000|  0%| F|  |TAMS 0x000000008b600000, 0x000000008b600000| Untracked 
| 153|0x000000008b700000, 0x000000008b700000, 0x000000008b800000|  0%| F|  |TAMS 0x000000008b700000, 0x000000008b700000| Untracked 
| 154|0x000000008b800000, 0x000000008b800000, 0x000000008b900000|  0%| F|  |TAMS 0x000000008b800000, 0x000000008b800000| Untracked 
| 155|0x000000008b900000, 0x000000008b900000, 0x000000008ba00000|  0%| F|  |TAMS 0x000000008b900000, 0x000000008b900000| Untracked 
| 156|0x000000008ba00000, 0x000000008ba00000, 0x000000008bb00000|  0%| F|  |TAMS 0x000000008ba00000, 0x000000008ba00000| Untracked 
| 157|0x000000008bb00000, 0x000000008bb00000, 0x000000008bc00000|  0%| F|  |TAMS 0x000000008bb00000, 0x000000008bb00000| Untracked 
| 158|0x000000008bc00000, 0x000000008bc00000, 0x000000008bd00000|  0%| F|  |TAMS 0x000000008bc00000, 0x000000008bc00000| Untracked 
| 159|0x000000008bd00000, 0x000000008bd00000, 0x000000008be00000|  0%| F|  |TAMS 0x000000008bd00000, 0x000000008bd00000| Untracked 
| 160|0x000000008be00000, 0x000000008be00000, 0x000000008bf00000|  0%| F|  |TAMS 0x000000008be00000, 0x000000008be00000| Untracked 
| 161|0x000000008bf00000, 0x000000008bf00000, 0x000000008c000000|  0%| F|  |TAMS 0x000000008bf00000, 0x000000008bf00000| Untracked 
| 162|0x000000008c000000, 0x000000008c000000, 0x000000008c100000|  0%| F|  |TAMS 0x000000008c000000, 0x000000008c000000| Untracked 
| 163|0x000000008c100000, 0x000000008c100000, 0x000000008c200000|  0%| F|  |TAMS 0x000000008c100000, 0x000000008c100000| Untracked 
| 164|0x000000008c200000, 0x000000008c200000, 0x000000008c300000|  0%| F|  |TAMS 0x000000008c200000, 0x000000008c200000| Untracked 
| 165|0x000000008c300000, 0x000000008c300000, 0x000000008c400000|  0%| F|  |TAMS 0x000000008c300000, 0x000000008c300000| Untracked 
| 166|0x000000008c400000, 0x000000008c400000, 0x000000008c500000|  0%| F|  |TAMS 0x000000008c400000, 0x000000008c400000| Untracked 
| 167|0x000000008c500000, 0x000000008c500000, 0x000000008c600000|  0%| F|  |TAMS 0x000000008c500000, 0x000000008c500000| Untracked 
| 168|0x000000008c600000, 0x000000008c600000, 0x000000008c700000|  0%| F|  |TAMS 0x000000008c600000, 0x000000008c600000| Untracked 
| 169|0x000000008c700000, 0x000000008c700000, 0x000000008c800000|  0%| F|  |TAMS 0x000000008c700000, 0x000000008c700000| Untracked 
| 170|0x000000008c800000, 0x000000008c800000, 0x000000008c900000|  0%| F|  |TAMS 0x000000008c800000, 0x000000008c800000| Untracked 
| 171|0x000000008c900000, 0x000000008c900000, 0x000000008ca00000|  0%| F|  |TAMS 0x000000008c900000, 0x000000008c900000| Untracked 
| 172|0x000000008ca00000, 0x000000008ca00000, 0x000000008cb00000|  0%| F|  |TAMS 0x000000008ca00000, 0x000000008ca00000| Untracked 
| 173|0x000000008cb00000, 0x000000008cb00000, 0x000000008cc00000|  0%| F|  |TAMS 0x000000008cb00000, 0x000000008cb00000| Untracked 
| 174|0x000000008cc00000, 0x000000008cc00000, 0x000000008cd00000|  0%| F|  |TAMS 0x000000008cc00000, 0x000000008cc00000| Untracked 
| 175|0x000000008cd00000, 0x000000008cd00000, 0x000000008ce00000|  0%| F|  |TAMS 0x000000008cd00000, 0x000000008cd00000| Untracked 
| 176|0x000000008ce00000, 0x000000008ce00000, 0x000000008cf00000|  0%| F|  |TAMS 0x000000008ce00000, 0x000000008ce00000| Untracked 
| 177|0x000000008cf00000, 0x000000008cf00000, 0x000000008d000000|  0%| F|  |TAMS 0x000000008cf00000, 0x000000008cf00000| Untracked 
| 178|0x000000008d000000, 0x000000008d000000, 0x000000008d100000|  0%| F|  |TAMS 0x000000008d000000, 0x000000008d000000| Untracked 
| 179|0x000000008d100000, 0x000000008d100000, 0x000000008d200000|  0%| F|  |TAMS 0x000000008d100000, 0x000000008d100000| Untracked 
| 180|0x000000008d200000, 0x000000008d200000, 0x000000008d300000|  0%| F|  |TAMS 0x000000008d200000, 0x000000008d200000| Untracked 
| 181|0x000000008d300000, 0x000000008d300000, 0x000000008d400000|  0%| F|  |TAMS 0x000000008d300000, 0x000000008d300000| Untracked 
| 182|0x000000008d400000, 0x000000008d400000, 0x000000008d500000|  0%| F|  |TAMS 0x000000008d400000, 0x000000008d400000| Untracked 
| 183|0x000000008d500000, 0x000000008d500000, 0x000000008d600000|  0%| F|  |TAMS 0x000000008d500000, 0x000000008d500000| Untracked 
| 184|0x000000008d600000, 0x000000008d600000, 0x000000008d700000|  0%| F|  |TAMS 0x000000008d600000, 0x000000008d600000| Untracked 
| 185|0x000000008d700000, 0x000000008d700000, 0x000000008d800000|  0%| F|  |TAMS 0x000000008d700000, 0x000000008d700000| Untracked 
| 186|0x000000008d800000, 0x000000008d800000, 0x000000008d900000|  0%| F|  |TAMS 0x000000008d800000, 0x000000008d800000| Untracked 
| 187|0x000000008d900000, 0x000000008d900000, 0x000000008da00000|  0%| F|  |TAMS 0x000000008d900000, 0x000000008d900000| Untracked 
| 188|0x000000008da00000, 0x000000008da00000, 0x000000008db00000|  0%| F|  |TAMS 0x000000008da00000, 0x000000008da00000| Untracked 
| 189|0x000000008db00000, 0x000000008db00000, 0x000000008dc00000|  0%| F|  |TAMS 0x000000008db00000, 0x000000008db00000| Untracked 
| 190|0x000000008dc00000, 0x000000008dc00000, 0x000000008dd00000|  0%| F|  |TAMS 0x000000008dc00000, 0x000000008dc00000| Untracked 
| 191|0x000000008dd00000, 0x000000008dd00000, 0x000000008de00000|  0%| F|  |TAMS 0x000000008dd00000, 0x000000008dd00000| Untracked 
| 192|0x000000008de00000, 0x000000008de00000, 0x000000008df00000|  0%| F|  |TAMS 0x000000008de00000, 0x000000008de00000| Untracked 
| 193|0x000000008df00000, 0x000000008df00000, 0x000000008e000000|  0%| F|  |TAMS 0x000000008df00000, 0x000000008df00000| Untracked 
| 194|0x000000008e000000, 0x000000008e000000, 0x000000008e100000|  0%| F|  |TAMS 0x000000008e000000, 0x000000008e000000| Untracked 
| 195|0x000000008e100000, 0x000000008e100000, 0x000000008e200000|  0%| F|  |TAMS 0x000000008e100000, 0x000000008e100000| Untracked 
| 196|0x000000008e200000, 0x000000008e200000, 0x000000008e300000|  0%| F|  |TAMS 0x000000008e200000, 0x000000008e200000| Untracked 
| 197|0x000000008e300000, 0x000000008e300000, 0x000000008e400000|  0%| F|  |TAMS 0x000000008e300000, 0x000000008e300000| Untracked 
| 198|0x000000008e400000, 0x000000008e400000, 0x000000008e500000|  0%| F|  |TAMS 0x000000008e400000, 0x000000008e400000| Untracked 
| 199|0x000000008e500000, 0x000000008e500000, 0x000000008e600000|  0%| F|  |TAMS 0x000000008e500000, 0x000000008e500000| Untracked 
| 200|0x000000008e600000, 0x000000008e600000, 0x000000008e700000|  0%| F|  |TAMS 0x000000008e600000, 0x000000008e600000| Untracked 
| 201|0x000000008e700000, 0x000000008e700000, 0x000000008e800000|  0%| F|  |TAMS 0x000000008e700000, 0x000000008e700000| Untracked 
| 202|0x000000008e800000, 0x000000008e800000, 0x000000008e900000|  0%| F|  |TAMS 0x000000008e800000, 0x000000008e800000| Untracked 
| 203|0x000000008e900000, 0x000000008e900000, 0x000000008ea00000|  0%| F|  |TAMS 0x000000008e900000, 0x000000008e900000| Untracked 
| 204|0x000000008ea00000, 0x000000008ea00000, 0x000000008eb00000|  0%| F|  |TAMS 0x000000008ea00000, 0x000000008ea00000| Untracked 
| 205|0x000000008eb00000, 0x000000008eb00000, 0x000000008ec00000|  0%| F|  |TAMS 0x000000008eb00000, 0x000000008eb00000| Untracked 
| 206|0x000000008ec00000, 0x000000008ec00000, 0x000000008ed00000|  0%| F|  |TAMS 0x000000008ec00000, 0x000000008ec00000| Untracked 
| 207|0x000000008ed00000, 0x000000008ed00000, 0x000000008ee00000|  0%| F|  |TAMS 0x000000008ed00000, 0x000000008ed00000| Untracked 
| 208|0x000000008ee00000, 0x000000008ee00000, 0x000000008ef00000|  0%| F|  |TAMS 0x000000008ee00000, 0x000000008ee00000| Untracked 
| 209|0x000000008ef00000, 0x000000008ef00000, 0x000000008f000000|  0%| F|  |TAMS 0x000000008ef00000, 0x000000008ef00000| Untracked 
| 210|0x000000008f000000, 0x000000008f000000, 0x000000008f100000|  0%| F|  |TAMS 0x000000008f000000, 0x000000008f000000| Untracked 
| 211|0x000000008f100000, 0x000000008f100000, 0x000000008f200000|  0%| F|  |TAMS 0x000000008f100000, 0x000000008f100000| Untracked 
| 212|0x000000008f200000, 0x000000008f200000, 0x000000008f300000|  0%| F|  |TAMS 0x000000008f200000, 0x000000008f200000| Untracked 
| 213|0x000000008f300000, 0x000000008f300000, 0x000000008f400000|  0%| F|  |TAMS 0x000000008f300000, 0x000000008f300000| Untracked 
| 214|0x000000008f400000, 0x000000008f400000, 0x000000008f500000|  0%| F|  |TAMS 0x000000008f400000, 0x000000008f400000| Untracked 
| 215|0x000000008f500000, 0x000000008f500000, 0x000000008f600000|  0%| F|  |TAMS 0x000000008f500000, 0x000000008f500000| Untracked 
| 216|0x000000008f600000, 0x000000008f600000, 0x000000008f700000|  0%| F|  |TAMS 0x000000008f600000, 0x000000008f600000| Untracked 
| 217|0x000000008f700000, 0x000000008f700000, 0x000000008f800000|  0%| F|  |TAMS 0x000000008f700000, 0x000000008f700000| Untracked 
| 218|0x000000008f800000, 0x000000008f800000, 0x000000008f900000|  0%| F|  |TAMS 0x000000008f800000, 0x000000008f800000| Untracked 
| 219|0x000000008f900000, 0x000000008f900000, 0x000000008fa00000|  0%| F|  |TAMS 0x000000008f900000, 0x000000008f900000| Untracked 
| 220|0x000000008fa00000, 0x000000008fa00000, 0x000000008fb00000|  0%| F|  |TAMS 0x000000008fa00000, 0x000000008fa00000| Untracked 
| 221|0x000000008fb00000, 0x000000008fb00000, 0x000000008fc00000|  0%| F|  |TAMS 0x000000008fb00000, 0x000000008fb00000| Untracked 
| 222|0x000000008fc00000, 0x000000008fc00000, 0x000000008fd00000|  0%| F|  |TAMS 0x000000008fc00000, 0x000000008fc00000| Untracked 
| 223|0x000000008fd00000, 0x000000008fd00000, 0x000000008fe00000|  0%| F|  |TAMS 0x000000008fd00000, 0x000000008fd00000| Untracked 
| 224|0x000000008fe00000, 0x000000008fe00000, 0x000000008ff00000|  0%| F|  |TAMS 0x000000008fe00000, 0x000000008fe00000| Untracked 
| 225|0x000000008ff00000, 0x000000008ff00000, 0x0000000090000000|  0%| F|  |TAMS 0x000000008ff00000, 0x000000008ff00000| Untracked 
| 226|0x0000000090000000, 0x0000000090000000, 0x0000000090100000|  0%| F|  |TAMS 0x0000000090000000, 0x0000000090000000| Untracked 
| 227|0x0000000090100000, 0x0000000090100000, 0x0000000090200000|  0%| F|  |TAMS 0x0000000090100000, 0x0000000090100000| Untracked 
| 228|0x0000000090200000, 0x0000000090200000, 0x0000000090300000|  0%| F|  |TAMS 0x0000000090200000, 0x0000000090200000| Untracked 
| 229|0x0000000090300000, 0x0000000090300000, 0x0000000090400000|  0%| F|  |TAMS 0x0000000090300000, 0x0000000090300000| Untracked 
| 230|0x0000000090400000, 0x0000000090400000, 0x0000000090500000|  0%| F|  |TAMS 0x0000000090400000, 0x0000000090400000| Untracked 
| 231|0x0000000090500000, 0x0000000090500000, 0x0000000090600000|  0%| F|  |TAMS 0x0000000090500000, 0x0000000090500000| Untracked 
| 232|0x0000000090600000, 0x0000000090600000, 0x0000000090700000|  0%| F|  |TAMS 0x0000000090600000, 0x0000000090600000| Untracked 
| 233|0x0000000090700000, 0x0000000090700000, 0x0000000090800000|  0%| F|  |TAMS 0x0000000090700000, 0x0000000090700000| Untracked 
| 234|0x0000000090800000, 0x0000000090800000, 0x0000000090900000|  0%| F|  |TAMS 0x0000000090800000, 0x0000000090800000| Untracked 
| 235|0x0000000090900000, 0x0000000090900000, 0x0000000090a00000|  0%| F|  |TAMS 0x0000000090900000, 0x0000000090900000| Untracked 
| 236|0x0000000090a00000, 0x0000000090a00000, 0x0000000090b00000|  0%| F|  |TAMS 0x0000000090a00000, 0x0000000090a00000| Untracked 
| 237|0x0000000090b00000, 0x0000000090b00000, 0x0000000090c00000|  0%| F|  |TAMS 0x0000000090b00000, 0x0000000090b00000| Untracked 
| 238|0x0000000090c00000, 0x0000000090c00000, 0x0000000090d00000|  0%| F|  |TAMS 0x0000000090c00000, 0x0000000090c00000| Untracked 
| 239|0x0000000090d00000, 0x0000000090d00000, 0x0000000090e00000|  0%| F|  |TAMS 0x0000000090d00000, 0x0000000090d00000| Untracked 
| 240|0x0000000090e00000, 0x0000000090e00000, 0x0000000090f00000|  0%| F|  |TAMS 0x0000000090e00000, 0x0000000090e00000| Untracked 
| 241|0x0000000090f00000, 0x0000000090f00000, 0x0000000091000000|  0%| F|  |TAMS 0x0000000090f00000, 0x0000000090f00000| Untracked 
| 242|0x0000000091000000, 0x0000000091000000, 0x0000000091100000|  0%| F|  |TAMS 0x0000000091000000, 0x0000000091000000| Untracked 
| 243|0x0000000091100000, 0x0000000091100000, 0x0000000091200000|  0%| F|  |TAMS 0x0000000091100000, 0x0000000091100000| Untracked 
| 244|0x0000000091200000, 0x0000000091200000, 0x0000000091300000|  0%| F|  |TAMS 0x0000000091200000, 0x0000000091200000| Untracked 
| 245|0x0000000091300000, 0x0000000091300000, 0x0000000091400000|  0%| F|  |TAMS 0x0000000091300000, 0x0000000091300000| Untracked 
| 246|0x0000000091400000, 0x0000000091400000, 0x0000000091500000|  0%| F|  |TAMS 0x0000000091400000, 0x0000000091400000| Untracked 
| 247|0x0000000091500000, 0x0000000091500000, 0x0000000091600000|  0%| F|  |TAMS 0x0000000091500000, 0x0000000091500000| Untracked 
| 248|0x0000000091600000, 0x0000000091600000, 0x0000000091700000|  0%| F|  |TAMS 0x0000000091600000, 0x0000000091600000| Untracked 
| 249|0x0000000091700000, 0x0000000091700000, 0x0000000091800000|  0%| F|  |TAMS 0x0000000091700000, 0x0000000091700000| Untracked 
| 250|0x0000000091800000, 0x0000000091800000, 0x0000000091900000|  0%| F|  |TAMS 0x0000000091800000, 0x0000000091800000| Untracked 
| 251|0x0000000091900000, 0x0000000091900000, 0x0000000091a00000|  0%| F|  |TAMS 0x0000000091900000, 0x0000000091900000| Untracked 
| 252|0x0000000091a00000, 0x0000000091a00000, 0x0000000091b00000|  0%| F|  |TAMS 0x0000000091a00000, 0x0000000091a00000| Untracked 
| 253|0x0000000091b00000, 0x0000000091b00000, 0x0000000091c00000|  0%| F|  |TAMS 0x0000000091b00000, 0x0000000091b00000| Untracked 
| 254|0x0000000091c00000, 0x0000000091c00000, 0x0000000091d00000|  0%| F|  |TAMS 0x0000000091c00000, 0x0000000091c00000| Untracked 
| 255|0x0000000091d00000, 0x0000000091d00000, 0x0000000091e00000|  0%| F|  |TAMS 0x0000000091d00000, 0x0000000091d00000| Untracked 
| 256|0x0000000091e00000, 0x0000000091e00000, 0x0000000091f00000|  0%| F|  |TAMS 0x0000000091e00000, 0x0000000091e00000| Untracked 
| 257|0x0000000091f00000, 0x0000000091f00000, 0x0000000092000000|  0%| F|  |TAMS 0x0000000091f00000, 0x0000000091f00000| Untracked 
| 258|0x0000000092000000, 0x0000000092000000, 0x0000000092100000|  0%| F|  |TAMS 0x0000000092000000, 0x0000000092000000| Untracked 
| 259|0x0000000092100000, 0x0000000092100000, 0x0000000092200000|  0%| F|  |TAMS 0x0000000092100000, 0x0000000092100000| Untracked 
| 260|0x0000000092200000, 0x0000000092200000, 0x0000000092300000|  0%| F|  |TAMS 0x0000000092200000, 0x0000000092200000| Untracked 
| 261|0x0000000092300000, 0x0000000092300000, 0x0000000092400000|  0%| F|  |TAMS 0x0000000092300000, 0x0000000092300000| Untracked 
| 262|0x0000000092400000, 0x0000000092400000, 0x0000000092500000|  0%| F|  |TAMS 0x0000000092400000, 0x0000000092400000| Untracked 
| 263|0x0000000092500000, 0x0000000092500000, 0x0000000092600000|  0%| F|  |TAMS 0x0000000092500000, 0x0000000092500000| Untracked 
| 264|0x0000000092600000, 0x0000000092600000, 0x0000000092700000|  0%| F|  |TAMS 0x0000000092600000, 0x0000000092600000| Untracked 
| 265|0x0000000092700000, 0x0000000092700000, 0x0000000092800000|  0%| F|  |TAMS 0x0000000092700000, 0x0000000092700000| Untracked 
| 266|0x0000000092800000, 0x0000000092800000, 0x0000000092900000|  0%| F|  |TAMS 0x0000000092800000, 0x0000000092800000| Untracked 
| 267|0x0000000092900000, 0x0000000092900000, 0x0000000092a00000|  0%| F|  |TAMS 0x0000000092900000, 0x0000000092900000| Untracked 
| 268|0x0000000092a00000, 0x0000000092a00000, 0x0000000092b00000|  0%| F|  |TAMS 0x0000000092a00000, 0x0000000092a00000| Untracked 
| 269|0x0000000092b00000, 0x0000000092b00000, 0x0000000092c00000|  0%| F|  |TAMS 0x0000000092b00000, 0x0000000092b00000| Untracked 
| 270|0x0000000092c00000, 0x0000000092c00000, 0x0000000092d00000|  0%| F|  |TAMS 0x0000000092c00000, 0x0000000092c00000| Untracked 
| 271|0x0000000092d00000, 0x0000000092d00000, 0x0000000092e00000|  0%| F|  |TAMS 0x0000000092d00000, 0x0000000092d00000| Untracked 
| 272|0x0000000092e00000, 0x0000000092e00000, 0x0000000092f00000|  0%| F|  |TAMS 0x0000000092e00000, 0x0000000092e00000| Untracked 
| 273|0x0000000092f00000, 0x0000000092f00000, 0x0000000093000000|  0%| F|  |TAMS 0x0000000092f00000, 0x0000000092f00000| Untracked 
| 274|0x0000000093000000, 0x0000000093000000, 0x0000000093100000|  0%| F|  |TAMS 0x0000000093000000, 0x0000000093000000| Untracked 
| 275|0x0000000093100000, 0x0000000093100000, 0x0000000093200000|  0%| F|  |TAMS 0x0000000093100000, 0x0000000093100000| Untracked 
| 276|0x0000000093200000, 0x0000000093200000, 0x0000000093300000|  0%| F|  |TAMS 0x0000000093200000, 0x0000000093200000| Untracked 
| 277|0x0000000093300000, 0x0000000093300000, 0x0000000093400000|  0%| F|  |TAMS 0x0000000093300000, 0x0000000093300000| Untracked 
| 278|0x0000000093400000, 0x0000000093400000, 0x0000000093500000|  0%| F|  |TAMS 0x0000000093400000, 0x0000000093400000| Untracked 
| 279|0x0000000093500000, 0x0000000093500000, 0x0000000093600000|  0%| F|  |TAMS 0x0000000093500000, 0x0000000093500000| Untracked 
| 280|0x0000000093600000, 0x0000000093600000, 0x0000000093700000|  0%| F|  |TAMS 0x0000000093600000, 0x0000000093600000| Untracked 
| 281|0x0000000093700000, 0x0000000093700000, 0x0000000093800000|  0%| F|  |TAMS 0x0000000093700000, 0x0000000093700000| Untracked 
| 282|0x0000000093800000, 0x0000000093800000, 0x0000000093900000|  0%| F|  |TAMS 0x0000000093800000, 0x0000000093800000| Untracked 
| 283|0x0000000093900000, 0x0000000093900000, 0x0000000093a00000|  0%| F|  |TAMS 0x0000000093900000, 0x0000000093900000| Untracked 
| 284|0x0000000093a00000, 0x0000000093a00000, 0x0000000093b00000|  0%| F|  |TAMS 0x0000000093a00000, 0x0000000093a00000| Untracked 
| 285|0x0000000093b00000, 0x0000000093b00000, 0x0000000093c00000|  0%| F|  |TAMS 0x0000000093b00000, 0x0000000093b00000| Untracked 

Card table byte_map: [0x000002281b850000,0x000002281bc50000] _byte_map_base: 0x000002281b441000

Marking Bits (Prev, Next): (CMBitMap*) 0x0000022815702190, (CMBitMap*) 0x0000022815702150
 Prev Bits: [0x000002281dfe0000, 0x000002281ff68000)
 Next Bits: [0x000002281c050000, 0x000002281dfd8000)

Polling page: 0x0000022813670000

Metaspace:

Usage:
  Non-class:     30.00 MB used.
      Class:      4.46 MB used.
       Both:     34.46 MB used.

Virtual space:
  Non-class space:       32.00 MB reserved,      30.12 MB ( 94%) committed,  4 nodes.
      Class space:        1.00 GB reserved,       4.62 MB ( <1%) committed,  1 nodes.
             Both:        1.03 GB reserved,      34.75 MB (  3%) committed. 

Chunk freelists:
   Non-Class:  1.69 MB
       Class:  3.35 MB
        Both:  5.04 MB

MaxMetaspaceSize: unlimited
CompressedClassSpaceSize: 1.00 GB
Initial GC threshold: 21.00 MB
Current GC threshold: 57.81 MB
CDS: off
MetaspaceReclaimPolicy: balanced
 - commit_granule_bytes: 65536.
 - commit_granule_words: 8192.
 - virtual_space_node_default_size: 1048576.
 - enlarge_chunks_in_place: 1.
 - new_chunks_are_fully_committed: 0.
 - uncommit_free_chunks: 1.
 - use_allocation_guard: 0.
 - handle_deallocations: 1.


Internal statistics:

num_allocs_failed_limit: 3.
num_arena_births: 340.
num_arena_deaths: 0.
num_vsnodes_births: 5.
num_vsnodes_deaths: 0.
num_space_committed: 556.
num_space_uncommitted: 0.
num_chunks_returned_to_freelist: 3.
num_chunks_taken_from_freelist: 1332.
num_chunk_merges: 3.
num_chunk_splits: 909.
num_chunks_enlarged: 716.
num_purges: 0.
num_inconsistent_stats: 0.

CodeCache: size=49152Kb used=7907Kb max_used=9031Kb free=41244Kb
 bounds [0x0000022818340000, 0x0000022818c20000, 0x000002281b340000]
 total_blobs=4184 nmethods=3664 adapters=445
 compilation: enabled
              stopped_count=0, restarted_count=0
 full_count=0

Compilation events (20 events):
Event: 20.428 Thread 0x0000022822a7a7e0 3659       1       jdk.internal.module.SystemModuleFinders$SystemModuleReader::open (15 bytes)
Event: 20.428 Thread 0x00000228236130b0 nmethod 3655 0x0000022818b7c090 code [0x0000022818b7c260, 0x0000022818b7c5b8]
Event: 20.428 Thread 0x00000228236130b0 3656       1       java.util.Optional::map (30 bytes)
Event: 20.429 Thread 0x00000228236130b0 nmethod 3656 0x0000022818b7c790 code [0x0000022818b7c940, 0x0000022818b7cbf8]
Event: 20.429 Thread 0x00000228236130b0 3657   !   1       jdk.internal.module.SystemModuleFinders$SystemModuleReader::toInputStream (43 bytes)
Event: 20.429 Thread 0x00000228236135c0 3658       1       jdk.internal.module.SystemModuleFinders$SystemModuleReader$$Lambda$130/0x00000001001ea200::apply (12 bytes)
Event: 20.429 Thread 0x0000022822a7a7e0 nmethod 3659 0x0000022818c0e890 code [0x0000022818c0eaa0, 0x0000022818c0f068]
Event: 20.429 Thread 0x00000228236130b0 nmethod 3657 0x0000022818c0f390 code [0x0000022818c0f580, 0x0000022818c0faa8]
Event: 20.429 Thread 0x0000022822a7a7e0 3660       1       jdk.internal.module.SystemModuleFinders$SystemModuleReader$$Lambda$130/0x00000001001ea200::<init> (10 bytes)
Event: 20.429 Thread 0x00000228236135c0 nmethod 3658 0x0000022818c0fd90 code [0x0000022818c0ff20, 0x0000022818c10048]
Event: 20.429 Thread 0x0000022823610d40 nmethod 3635 0x0000022818c09a90 code [0x0000022818c0a2c0, 0x0000022818c0ce08]
Event: 20.429 Thread 0x0000022822a7a7e0 nmethod 3660 0x0000022818c10110 code [0x0000022818c102a0, 0x0000022818c103b8]
Event: 20.460 Thread 0x0000022823610d40 3661  s!   1       jdk.internal.loader.URLClassPath::getLoader (196 bytes)
Event: 20.461 Thread 0x0000022823610d40 nmethod 3661 0x0000022818c10410 code [0x0000022818c106c0, 0x0000022818c110d8]
Event: 21.094 Thread 0x0000022823610d40 3662       1       java.util.concurrent.locks.ReentrantLock$NonfairSync::tryAcquire (27 bytes)
Event: 21.095 Thread 0x0000022823610d40 nmethod 3662 0x0000022818c09710 code [0x0000022818c098a0, 0x0000022818c09a18]
Event: 21.226 Thread 0x0000022823610d40 3663       1       java.util.concurrent.ConcurrentHashMap::resizeStamp (9 bytes)
Event: 21.226 Thread 0x0000022823610d40 nmethod 3663 0x0000022818c09410 code [0x0000022818c095a0, 0x0000022818c09668]
Event: 21.444 Thread 0x0000022823610d40 3664       1       java.util.concurrent.locks.AbstractQueuedSynchronizer::acquireInterruptibly (36 bytes)
Event: 21.445 Thread 0x0000022823610d40 nmethod 3664 0x0000022818c08e90 code [0x0000022818c09060, 0x0000022818c092b8]

GC Heap History (20 events):
Event: 19.749 GC heap after
{Heap after GC invocations=11 (full 0):
 garbage-first heap   total 55296K, used 29954K [0x0000000081e00000, 0x0000000100000000)
  region size 1024K, 2 young (2048K), 2 survivors (2048K)
 Metaspace       used 35139K, committed 35520K, reserved 1081344K
  class space    used 4545K, committed 4736K, reserved 1048576K
}
Event: 19.812 GC heap before
{Heap before GC invocations=12 (full 0):
 garbage-first heap   total 61440K, used 41218K [0x0000000081e00000, 0x0000000100000000)
  region size 1024K, 13 young (13312K), 2 survivors (2048K)
 Metaspace       used 35139K, committed 35520K, reserved 1081344K
  class space    used 4545K, committed 4736K, reserved 1048576K
}
Event: 19.815 GC heap after
{Heap after GC invocations=13 (full 0):
 garbage-first heap   total 87040K, used 32195K [0x0000000081e00000, 0x0000000100000000)
  region size 1024K, 2 young (2048K), 2 survivors (2048K)
 Metaspace       used 35139K, committed 35520K, reserved 1081344K
  class space    used 4545K, committed 4736K, reserved 1048576K
}
Event: 19.862 GC heap before
{Heap before GC invocations=13 (full 0):
 garbage-first heap   total 87040K, used 61891K [0x0000000081e00000, 0x0000000100000000)
  region size 1024K, 31 young (31744K), 2 survivors (2048K)
 Metaspace       used 35139K, committed 35520K, reserved 1081344K
  class space    used 4545K, committed 4736K, reserved 1048576K
}
Event: 19.867 GC heap after
{Heap after GC invocations=14 (full 0):
 garbage-first heap   total 87040K, used 40482K [0x0000000081e00000, 0x0000000100000000)
  region size 1024K, 4 young (4096K), 4 survivors (4096K)
 Metaspace       used 35139K, committed 35520K, reserved 1081344K
  class space    used 4545K, committed 4736K, reserved 1048576K
}
Event: 19.902 GC heap before
{Heap before GC invocations=14 (full 0):
 garbage-first heap   total 87040K, used 61986K [0x0000000081e00000, 0x0000000100000000)
  region size 1024K, 25 young (25600K), 4 survivors (4096K)
 Metaspace       used 35139K, committed 35520K, reserved 1081344K
  class space    used 4545K, committed 4736K, reserved 1048576K
}
Event: 19.910 GC heap after
{Heap after GC invocations=15 (full 0):
 garbage-first heap   total 87040K, used 45038K [0x0000000081e00000, 0x0000000100000000)
  region size 1024K, 4 young (4096K), 4 survivors (4096K)
 Metaspace       used 35139K, committed 35520K, reserved 1081344K
  class space    used 4545K, committed 4736K, reserved 1048576K
}
Event: 20.318 GC heap before
{Heap before GC invocations=15 (full 0):
 garbage-first heap   total 87040K, used 59374K [0x0000000081e00000, 0x0000000100000000)
  region size 1024K, 19 young (19456K), 4 survivors (4096K)
 Metaspace       used 35139K, committed 35520K, reserved 1081344K
  class space    used 4545K, committed 4736K, reserved 1048576K
}
Event: 20.322 GC heap after
{Heap after GC invocations=16 (full 0):
 garbage-first heap   total 87040K, used 49038K [0x0000000081e00000, 0x0000000100000000)
  region size 1024K, 3 young (3072K), 3 survivors (3072K)
 Metaspace       used 35139K, committed 35520K, reserved 1081344K
  class space    used 4545K, committed 4736K, reserved 1048576K
}
Event: 20.373 GC heap before
{Heap before GC invocations=17 (full 0):
 garbage-first heap   total 102400K, used 67470K [0x0000000081e00000, 0x0000000100000000)
  region size 1024K, 19 young (19456K), 3 survivors (3072K)
 Metaspace       used 35139K, committed 35520K, reserved 1081344K
  class space    used 4545K, committed 4736K, reserved 1048576K
}
Event: 20.379 GC heap after
{Heap after GC invocations=18 (full 0):
 garbage-first heap   total 102400K, used 59605K [0x0000000081e00000, 0x0000000100000000)
  region size 1024K, 3 young (3072K), 3 survivors (3072K)
 Metaspace       used 35139K, committed 35520K, reserved 1081344K
  class space    used 4545K, committed 4736K, reserved 1048576K
}
Event: 20.383 GC heap before
{Heap before GC invocations=18 (full 0):
 garbage-first heap   total 102400K, used 61653K [0x0000000081e00000, 0x0000000100000000)
  region size 1024K, 5 young (5120K), 3 survivors (3072K)
 Metaspace       used 35139K, committed 35520K, reserved 1081344K
  class space    used 4545K, committed 4736K, reserved 1048576K
}
Event: 20.388 GC heap after
{Heap after GC invocations=19 (full 0):
 garbage-first heap   total 292864K, used 61245K [0x0000000081e00000, 0x0000000100000000)
  region size 1024K, 1 young (1024K), 1 survivors (1024K)
 Metaspace       used 35139K, committed 35520K, reserved 1081344K
  class space    used 4545K, committed 4736K, reserved 1048576K
}
Event: 20.614 GC heap before
{Heap before GC invocations=19 (full 0):
 garbage-first heap   total 292864K, used 165693K [0x0000000081e00000, 0x0000000100000000)
  region size 1024K, 104 young (106496K), 1 survivors (1024K)
 Metaspace       used 35289K, committed 35584K, reserved 1081344K
  class space    used 4569K, committed 4736K, reserved 1048576K
}
Event: 20.633 GC heap after
{Heap after GC invocations=20 (full 0):
 garbage-first heap   total 292864K, used 67993K [0x0000000081e00000, 0x0000000100000000)
  region size 1024K, 8 young (8192K), 8 survivors (8192K)
 Metaspace       used 35289K, committed 35584K, reserved 1081344K
  class space    used 4569K, committed 4736K, reserved 1048576K
}
Event: 20.862 GC heap before
{Heap before GC invocations=20 (full 0):
 garbage-first heap   total 292864K, used 185753K [0x0000000081e00000, 0x0000000100000000)
  region size 1024K, 124 young (126976K), 8 survivors (8192K)
 Metaspace       used 35289K, committed 35584K, reserved 1081344K
  class space    used 4569K, committed 4736K, reserved 1048576K
}
Event: 20.895 GC heap after
{Heap after GC invocations=21 (full 0):
 garbage-first heap   total 292864K, used 72509K [0x0000000081e00000, 0x0000000100000000)
  region size 1024K, 12 young (12288K), 12 survivors (12288K)
 Metaspace       used 35289K, committed 35584K, reserved 1081344K
  class space    used 4569K, committed 4736K, reserved 1048576K
}
Event: 21.234 GC heap before
{Heap before GC invocations=21 (full 0):
 garbage-first heap   total 292864K, used 217917K [0x0000000081e00000, 0x0000000100000000)
  region size 1024K, 155 young (158720K), 12 survivors (12288K)
 Metaspace       used 35289K, committed 35584K, reserved 1081344K
  class space    used 4569K, committed 4736K, reserved 1048576K
}
Event: 21.255 GC heap after
{Heap after GC invocations=22 (full 0):
 garbage-first heap   total 292864K, used 78969K [0x0000000081e00000, 0x0000000100000000)
  region size 1024K, 12 young (12288K), 12 survivors (12288K)
 Metaspace       used 35289K, committed 35584K, reserved 1081344K
  class space    used 4569K, committed 4736K, reserved 1048576K
}
Event: 21.530 GC heap before
{Heap before GC invocations=22 (full 0):
 garbage-first heap   total 292864K, used 225401K [0x0000000081e00000, 0x0000000100000000)
  region size 1024K, 156 young (159744K), 12 survivors (12288K)
 Metaspace       used 35289K, committed 35584K, reserved 1081344K
  class space    used 4569K, committed 4736K, reserved 1048576K
}

Deoptimization events (12 events):
Event: 11.503 Thread 0x00000228156a3900 DEOPT PACKING pc=0x000002281889f599 sp=0x000000c136cfd320
Event: 11.503 Thread 0x00000228156a3900 DEOPT UNPACKING pc=0x0000022818392b43 sp=0x000000c136cfc800 mode 3
Event: 18.090 Thread 0x00000228156a3900 DEOPT PACKING pc=0x0000022818a09d99 sp=0x000000c136cfc680
Event: 18.090 Thread 0x00000228156a3900 DEOPT UNPACKING pc=0x0000022818392b43 sp=0x000000c136cfbb68 mode 3
Event: 19.146 Thread 0x00000228254ad240 DEOPT PACKING pc=0x0000022818a37e35 sp=0x000000c138cfd3b0
Event: 19.146 Thread 0x00000228254ad240 DEOPT UNPACKING pc=0x0000022818392b43 sp=0x000000c138cfc8c8 mode 3
Event: 19.379 Thread 0x000002282549dda0 DEOPT PACKING pc=0x0000022818a4cc2b sp=0x000000c138dfe390
Event: 19.379 Thread 0x000002282549dda0 DEOPT UNPACKING pc=0x0000022818392b43 sp=0x000000c138dfd8d8 mode 3
Event: 19.501 Thread 0x000002282526b720 DEOPT PACKING pc=0x000002281889a181 sp=0x000000c1398fecb0
Event: 19.501 Thread 0x000002282526b720 DEOPT UNPACKING pc=0x0000022818392b43 sp=0x000000c1398fe140 mode 3
Event: 19.501 Thread 0x000002282526b720 DEOPT PACKING pc=0x0000022818895e97 sp=0x000000c1398feeb0
Event: 19.501 Thread 0x000002282526b720 DEOPT UNPACKING pc=0x0000022818392b43 sp=0x000000c1398fe308 mode 3

Classes unloaded (0 events):
No events

Classes redefined (0 events):
No events

Internal exceptions (20 events):
Event: 19.409 Thread 0x00000228255b7740 Exception <a 'sun/nio/fs/WindowsException'{0x0000000084c730d8}> (0x0000000084c730d8) 
thrown [s\src\hotspot\share\prims\jni.cpp, line 516]
Event: 19.410 Thread 0x00000228255b7740 Exception <a 'sun/nio/fs/WindowsException'{0x0000000084c734e8}> (0x0000000084c734e8) 
thrown [s\src\hotspot\share\prims\jni.cpp, line 516]
Event: 19.410 Thread 0x00000228255b7740 Exception <a 'sun/nio/fs/WindowsException'{0x0000000084c73f10}> (0x0000000084c73f10) 
thrown [s\src\hotspot\share\prims\jni.cpp, line 516]
Event: 19.410 Thread 0x00000228255b7740 Exception <a 'sun/nio/fs/WindowsException'{0x0000000084c742f0}> (0x0000000084c742f0) 
thrown [s\src\hotspot\share\prims\jni.cpp, line 516]
Event: 19.410 Thread 0x00000228255b7740 Exception <a 'sun/nio/fs/WindowsException'{0x0000000084c74ce0}> (0x0000000084c74ce0) 
thrown [s\src\hotspot\share\prims\jni.cpp, line 516]
Event: 19.410 Thread 0x00000228255b7740 Exception <a 'sun/nio/fs/WindowsException'{0x0000000084c75088}> (0x0000000084c75088) 
thrown [s\src\hotspot\share\prims\jni.cpp, line 516]
Event: 19.410 Thread 0x00000228255b7740 Exception <a 'sun/nio/fs/WindowsException'{0x0000000084c75a88}> (0x0000000084c75a88) 
thrown [s\src\hotspot\share\prims\jni.cpp, line 516]
Event: 19.410 Thread 0x00000228255b7740 Exception <a 'sun/nio/fs/WindowsException'{0x0000000084c75e48}> (0x0000000084c75e48) 
thrown [s\src\hotspot\share\prims\jni.cpp, line 516]
Event: 19.410 Thread 0x00000228255b7740 Exception <a 'sun/nio/fs/WindowsException'{0x0000000084c76848}> (0x0000000084c76848) 
thrown [s\src\hotspot\share\prims\jni.cpp, line 516]
Event: 19.410 Thread 0x00000228255b7740 Exception <a 'sun/nio/fs/WindowsException'{0x0000000084c76bf8}> (0x0000000084c76bf8) 
thrown [s\src\hotspot\share\prims\jni.cpp, line 516]
Event: 19.411 Thread 0x00000228255b7740 Exception <a 'sun/nio/fs/WindowsException'{0x0000000084c775f8}> (0x0000000084c775f8) 
thrown [s\src\hotspot\share\prims\jni.cpp, line 516]
Event: 19.411 Thread 0x00000228255b7740 Exception <a 'sun/nio/fs/WindowsException'{0x0000000084c779b8}> (0x0000000084c779b8) 
thrown [s\src\hotspot\share\prims\jni.cpp, line 516]
Event: 19.411 Thread 0x00000228255b7740 Exception <a 'sun/nio/fs/WindowsException'{0x0000000084c783e0}> (0x0000000084c783e0) 
thrown [s\src\hotspot\share\prims\jni.cpp, line 516]
Event: 19.411 Thread 0x00000228255b7740 Exception <a 'sun/nio/fs/WindowsException'{0x0000000084c787c0}> (0x0000000084c787c0) 
thrown [s\src\hotspot\share\prims\jni.cpp, line 516]
Event: 19.411 Thread 0x00000228255b7740 Exception <a 'sun/nio/fs/WindowsException'{0x0000000084b80218}> (0x0000000084b80218) 
thrown [s\src\hotspot\share\prims\jni.cpp, line 516]
Event: 19.411 Thread 0x00000228255b7740 Exception <a 'sun/nio/fs/WindowsException'{0x0000000084b80608}> (0x0000000084b80608) 
thrown [s\src\hotspot\share\prims\jni.cpp, line 516]
Event: 19.411 Thread 0x00000228255b7740 Exception <a 'sun/nio/fs/WindowsException'{0x0000000084b81030}> (0x0000000084b81030) 
thrown [s\src\hotspot\share\prims\jni.cpp, line 516]
Event: 19.411 Thread 0x00000228255b7740 Exception <a 'sun/nio/fs/WindowsException'{0x0000000084b81420}> (0x0000000084b81420) 
thrown [s\src\hotspot\share\prims\jni.cpp, line 516]
Event: 19.587 Thread 0x00000228254ad240 Exception <a 'java/lang/NoSuchMethodError'{0x000000008477b460}: 'int java.lang.invoke.DirectMethodHandle$Holder.invokeStatic(java.lang.Object)'> (0x000000008477b460) 
thrown [s\src\hotspot\share\interpreter\linkResolver.cpp, line 759]
Event: 19.587 Thread 0x00000228254ad240 Exception <a 'java/lang/NoSuchMethodError'{0x000000008477eb20}: 'int java.lang.invoke.DirectMethodHandle$Holder.invokeStaticInit(java.lang.Object)'> (0x000000008477eb20) 
thrown [s\src\hotspot\share\interpreter\linkResolver.cpp, line 759]

VM Operations (20 events):
Event: 20.388 Executing VM operation: G1CollectForAllocation done
Event: 20.443 Executing VM operation: HandshakeAllThreads
Event: 20.443 Executing VM operation: HandshakeAllThreads done
Event: 20.444 Executing VM operation: HandshakeAllThreads
Event: 20.458 Executing VM operation: HandshakeAllThreads done
Event: 20.613 Executing VM operation: G1CollectForAllocation
Event: 20.613 Executing VM operation: G1CollectForAllocation done
Event: 20.613 Executing VM operation: G1CollectForAllocation
Event: 20.633 Executing VM operation: G1CollectForAllocation done
Event: 20.861 Executing VM operation: G1CollectForAllocation
Event: 20.862 Executing VM operation: G1CollectForAllocation done
Event: 20.862 Executing VM operation: G1CollectForAllocation
Event: 20.895 Executing VM operation: G1CollectForAllocation done
Event: 21.226 Executing VM operation: G1CollectForAllocation
Event: 21.234 Executing VM operation: G1CollectForAllocation done
Event: 21.234 Executing VM operation: G1CollectForAllocation
Event: 21.255 Executing VM operation: G1CollectForAllocation done
Event: 21.530 Executing VM operation: G1CollectForAllocation
Event: 21.530 Executing VM operation: G1CollectForAllocation done
Event: 21.530 Executing VM operation: G1CollectForAllocation

Events (20 events):
Event: 19.521 loading class jdk/internal/module/SystemModuleFinders$ModuleContentSpliterator
Event: 19.523 loading class jdk/internal/module/SystemModuleFinders$ModuleContentSpliterator done
Event: 19.524 loading class jdk/internal/jimage/ImageReader$Directory
Event: 19.525 loading class jdk/internal/jimage/ImageReader$Node
Event: 19.526 loading class jdk/internal/jimage/ImageReader$Node done
Event: 19.526 loading class jdk/internal/jimage/ImageReader$Directory done
Event: 19.527 loading class jdk/internal/jimage/ImageReader$SharedImageReader$LocationVisitor
Event: 19.527 loading class jdk/internal/jimage/ImageReader$SharedImageReader$LocationVisitor done
Event: 19.539 loading class java/nio/ByteBufferAsIntBufferL
Event: 19.539 loading class java/nio/ByteBufferAsIntBufferL done
Event: 19.548 loading class jdk/internal/jimage/ImageReader$Resource
Event: 19.548 loading class jdk/internal/jimage/ImageReader$Resource done
Event: 19.548 loading class java/util/stream/LongStream
Event: 19.549 loading class java/util/stream/LongStream done
Event: 19.549 loading class java/util/stream/DoubleStream
Event: 19.591 Thread 0x000002282526d8d0 Thread added: 0x000002282526d8d0
Event: 19.614 loading class java/util/stream/DoubleStream done
Event: 20.421 Thread 0x00000228236135c0 Thread added: 0x00000228236135c0
Event: 21.094 Thread 0x00000228236135c0 Thread exited: 0x00000228236135c0
Event: 21.226 Thread 0x00000228236130b0 Thread exited: 0x00000228236130b0


Dynamic libraries:
0x00007ff62bf60000 - 0x00007ff62bf6e000 	c:\Users\S_O_A\.vscode\extensions\redhat.java-1.11.0-win32-x64\jre\17.0.4.1-win32-x86_64\bin\java.exe
0x00007ffdfd950000 - 0x00007ffdfdb48000 	C:\Windows\SYSTEM32\ntdll.dll
0x00007ffdfba60000 - 0x00007ffdfbb1d000 	C:\Windows\System32\KERNEL32.DLL
0x00007ffdfb6d0000 - 0x00007ffdfb9a2000 	C:\Windows\System32\KERNELBASE.dll
0x00007ffdfb0b0000 - 0x00007ffdfb1b0000 	C:\Windows\System32\ucrtbase.dll
0x00007ffde9260000 - 0x00007ffde9278000 	c:\Users\S_O_A\.vscode\extensions\redhat.java-1.11.0-win32-x64\jre\17.0.4.1-win32-x86_64\bin\jli.dll
0x00007ffde9590000 - 0x00007ffde95a9000 	c:\Users\S_O_A\.vscode\extensions\redhat.java-1.11.0-win32-x64\jre\17.0.4.1-win32-x86_64\bin\VCRUNTIME140.dll
0x00007ffdfbdf0000 - 0x00007ffdfbf8d000 	C:\Windows\System32\USER32.dll
0x00007ffdfb290000 - 0x00007ffdfb2b2000 	C:\Windows\System32\win32u.dll
0x00007ffde79a0000 - 0x00007ffde7c3a000 	C:\Windows\WinSxS\amd64_microsoft.windows.common-controls_6595b64144ccf1df_6.0.19041.1110_none_60b5254171f9507e\COMCTL32.dll
0x00007ffdfcee0000 - 0x00007ffdfcf0b000 	C:\Windows\System32\GDI32.dll
0x00007ffdfc910000 - 0x00007ffdfc9ae000 	C:\Windows\System32\msvcrt.dll
0x00007ffdfb2c0000 - 0x00007ffdfb3cf000 	C:\Windows\System32\gdi32full.dll
0x00007ffdfb630000 - 0x00007ffdfb6cd000 	C:\Windows\System32\msvcp_win.dll
0x00007ffdfcf20000 - 0x00007ffdfcf50000 	C:\Windows\System32\IMM32.DLL
0x00007ffdf3e60000 - 0x00007ffdf3e6c000 	c:\Users\S_O_A\.vscode\extensions\redhat.java-1.11.0-win32-x64\jre\17.0.4.1-win32-x86_64\bin\vcruntime140_1.dll
0x00007ffdbfa80000 - 0x00007ffdbfb11000 	c:\Users\S_O_A\.vscode\extensions\redhat.java-1.11.0-win32-x64\jre\17.0.4.1-win32-x86_64\bin\msvcp140.dll
0x00007ffd9cc00000 - 0x00007ffd9d846000 	c:\Users\S_O_A\.vscode\extensions\redhat.java-1.11.0-win32-x64\jre\17.0.4.1-win32-x86_64\bin\server\jvm.dll
0x00007ffdfcfb0000 - 0x00007ffdfd05e000 	C:\Windows\System32\ADVAPI32.dll
0x00007ffdfcde0000 - 0x00007ffdfce7c000 	C:\Windows\System32\sechost.dll
0x00007ffdfcbe0000 - 0x00007ffdfcd05000 	C:\Windows\System32\RPCRT4.dll
0x00007ffdfcf10000 - 0x00007ffdfcf18000 	C:\Windows\System32\PSAPI.DLL
0x00007ffdf6a00000 - 0x00007ffdf6a27000 	C:\Windows\SYSTEM32\WINMM.dll
0x00007ffde5f40000 - 0x00007ffde5f49000 	C:\Windows\SYSTEM32\WSOCK32.dll
0x00007ffdf4a90000 - 0x00007ffdf4a9a000 	C:\Windows\SYSTEM32\VERSION.dll
0x00007ffdfcb70000 - 0x00007ffdfcbdb000 	C:\Windows\System32\WS2_32.dll
0x00007ffdf8f20000 - 0x00007ffdf8f32000 	C:\Windows\SYSTEM32\kernel.appcore.dll
0x00007ffdebbe0000 - 0x00007ffdebbea000 	c:\Users\S_O_A\.vscode\extensions\redhat.java-1.11.0-win32-x64\jre\17.0.4.1-win32-x86_64\bin\jimage.dll
0x00007ffde9000000 - 0x00007ffde91e4000 	C:\Windows\SYSTEM32\DBGHELP.DLL
0x00007ffde8fd0000 - 0x00007ffde8ffc000 	C:\Windows\SYSTEM32\dbgcore.DLL
0x00007ffdfb3d0000 - 0x00007ffdfb452000 	C:\Windows\System32\bcryptPrimitives.dll
0x00007ffdda450000 - 0x00007ffdda475000 	c:\Users\S_O_A\.vscode\extensions\redhat.java-1.11.0-win32-x64\jre\17.0.4.1-win32-x86_64\bin\java.dll
0x00007ffdda6a0000 - 0x00007ffdda6b8000 	c:\Users\S_O_A\.vscode\extensions\redhat.java-1.11.0-win32-x64\jre\17.0.4.1-win32-x86_64\bin\zip.dll
0x00007ffdfd060000 - 0x00007ffdfd7a3000 	C:\Windows\System32\SHELL32.dll
0x00007ffdf9120000 - 0x00007ffdf98b1000 	C:\Windows\SYSTEM32\windows.storage.dll
0x00007ffdfc0b0000 - 0x00007ffdfc404000 	C:\Windows\System32\combase.dll
0x00007ffdfaac0000 - 0x00007ffdfaaf0000 	C:\Windows\SYSTEM32\Wldp.dll
0x00007ffdfb9b0000 - 0x00007ffdfba5d000 	C:\Windows\System32\SHCORE.dll
0x00007ffdfbd90000 - 0x00007ffdfbde5000 	C:\Windows\System32\shlwapi.dll
0x00007ffdfafa0000 - 0x00007ffdfafbf000 	C:\Windows\SYSTEM32\profapi.dll
0x00007ffde92a0000 - 0x00007ffde92b9000 	C:\Users\S_O_A\.vscode\extensions\redhat.java-1.11.0-win32-x64\jre\17.0.4.1-win32-x86_64\bin\net.dll
0x00007ffded8c0000 - 0x00007ffded9cd000 	C:\Windows\SYSTEM32\WINHTTP.dll
0x00007ffdfa820000 - 0x00007ffdfa88a000 	C:\Windows\system32\mswsock.dll
0x00007ffde9280000 - 0x00007ffde9295000 	C:\Users\S_O_A\.vscode\extensions\redhat.java-1.11.0-win32-x64\jre\17.0.4.1-win32-x86_64\bin\nio.dll
0x00007ffde9250000 - 0x00007ffde9260000 	c:\Users\S_O_A\.vscode\extensions\redhat.java-1.11.0-win32-x64\jre\17.0.4.1-win32-x86_64\bin\verify.dll
0x00007ffde91f0000 - 0x00007ffde91f9000 	C:\Users\S_O_A\.vscode\extensions\redhat.java-1.11.0-win32-x64\jre\17.0.4.1-win32-x86_64\bin\management.dll
0x00007ffde7c60000 - 0x00007ffde7c6b000 	C:\Users\S_O_A\.vscode\extensions\redhat.java-1.11.0-win32-x64\jre\17.0.4.1-win32-x86_64\bin\management_ext.dll
0x00007ffdd9720000 - 0x00007ffdd9737000 	C:\Windows\system32\napinsp.dll
0x00007ffdd9700000 - 0x00007ffdd971b000 	C:\Windows\system32\pnrpnsp.dll
0x00007ffdd96e0000 - 0x00007ffdd96f5000 	C:\Windows\system32\wshbth.dll
0x00007ffdf69e0000 - 0x00007ffdf69fd000 	C:\Windows\system32\NLAapi.dll
0x00007ffdfa4c0000 - 0x00007ffdfa4fb000 	C:\Windows\SYSTEM32\IPHLPAPI.DLL
0x00007ffdfa500000 - 0x00007ffdfa5ca000 	C:\Windows\SYSTEM32\DNSAPI.dll
0x00007ffdfbcb0000 - 0x00007ffdfbcb8000 	C:\Windows\System32\NSI.dll
0x00007ffdd96c0000 - 0x00007ffdd96d2000 	C:\Windows\System32\winrnr.dll
0x00007ffded520000 - 0x00007ffded52a000 	C:\Windows\System32\rasadhlp.dll
0x00007ffded840000 - 0x00007ffded8c0000 	C:\Windows\System32\fwpuclnt.dll
0x00007ffdfb1b0000 - 0x00007ffdfb1d7000 	C:\Windows\System32\bcrypt.dll
0x00007ffdfaa10000 - 0x00007ffdfaa28000 	C:\Windows\SYSTEM32\CRYPTSP.dll
0x00007ffdfa0d0000 - 0x00007ffdfa104000 	C:\Windows\system32\rsaenh.dll
0x00007ffdfaf60000 - 0x00007ffdfaf8e000 	C:\Windows\SYSTEM32\USERENV.dll
0x00007ffdfaa30000 - 0x00007ffdfaa3c000 	C:\Windows\SYSTEM32\CRYPTBASE.dll
0x00007ffdf3900000 - 0x00007ffdf3917000 	C:\Windows\SYSTEM32\dhcpcsvc6.DLL
0x00007ffdf4770000 - 0x00007ffdf478d000 	C:\Windows\SYSTEM32\dhcpcsvc.DLL

dbghelp: loaded successfully - version: 4.0.5 - missing functions: none
symbol engine: initialized successfully - sym options: 0x614 - pdb path: .;c:\Users\S_O_A\.vscode\extensions\redhat.java-1.11.0-win32-x64\jre\17.0.4.1-win32-x86_64\bin;C:\Windows\SYSTEM32;C:\Windows\WinSxS\amd64_microsoft.windows.common-controls_6595b64144ccf1df_6.0.19041.1110_none_60b5254171f9507e;c:\Users\S_O_A\.vscode\extensions\redhat.java-1.11.0-win32-x64\jre\17.0.4.1-win32-x86_64\bin\server

VM Arguments:
jvm_args: -Dsts.lsp.client=vscode -Dsts.log.file=/dev/null -XX:TieredStopAtLevel=1 -Xlog:jni+resolve=off -Dspring.config.location=file:c:\Users\S_O_A\.vscode\extensions\pivotal.vscode-spring-boot-1.40.0\language-server\BOOT-INF\classes\application.properties 
java_command: org.springframework.ide.vscode.boot.app.BootLanguageServerBootApp
java_class_path (initial): c:\Users\S_O_A\.vscode\extensions\pivotal.vscode-spring-boot-1.40.0\language-server\BOOT-INF\classes;c:\Users\S_O_A\.vscode\extensions\pivotal.vscode-spring-boot-1.40.0\language-server\BOOT-INF\lib\annotations-23.0.0.jar;c:\Users\S_O_A\.vscode\extensions\pivotal.vscode-spring-boot-1.40.0\language-server\BOOT-INF\lib\ant-1.10.12.jar;c:\Users\S_O_A\.vscode\extensions\pivotal.vscode-spring-boot-1.40.0\language-server\BOOT-INF\lib\ant-launcher-1.10.12.jar;c:\Users\S_O_A\.vscode\extensions\pivotal.vscode-spring-boot-1.40.0\language-server\BOOT-INF\lib\antlr-runtime-3.5.2.jar;c:\Users\S_O_A\.vscode\extensions\pivotal.vscode-spring-boot-1.40.0\language-server\BOOT-INF\lib\antlr4-4.9.3.jar;c:\Users\S_O_A\.vscode\extensions\pivotal.vscode-spring-boot-1.40.0\language-server\BOOT-INF\lib\antlr4-runtime-4.9.3.jar;c:\Users\S_O_A\.vscode\extensions\pivotal.vscode-spring-boot-1.40.0\language-server\BOOT-INF\lib\asm-9.3.jar;c:\Users\S_O_A\.vscode\extensions\pivotal.vscode-spring-boot-1.40.0\language-server\BOOT-INF\lib\asm-analysis-9.3.jar;c:\Users\S_O_A\.vscode\extensions\pivotal.vscode-spring-boot-1.40.0\language-server\BOOT-INF\lib\asm-tree-9.3.jar;c:\Users\S_O_A\.vscode\extensions\pivotal.vscode-spring-boot-1.40.0\language-server\BOOT-INF\lib\asm-util-9.3.jar;c:\Users\S_O_A\.vscode\extensions\pivotal.vscode-spring-boot-1.40.0\language-server\BOOT-INF\lib\byte-buddy-1.12.13.jar;c:\Users\S_O_A\.vscode\extensions\pivotal.vscode-spring-boot-1.40.0\language-server\BOOT-INF\lib\caffeine-2.9.3.jar;c:\Users\S_O_A\.vscode\extensions\pivotal.vscode-spring-boot-1.40.0\language-server\BOOT-INF\lib\checker-qual-3.12.0.jar;c:\Users\S_O_A\.vscode\extensions\pivotal.vscode-spring-boot-1.40.0\language-server\BOOT-INF\lib\classgraph-4.8.149.jar;c:\Users\S_O_A\.vscode\extensions\pivotal.vscode-spring-boot-1.40.0\language-server\BOOT-INF\lib\commons-codec-1.15.jar;c:\Users\S_O_A\.vscode\extensions\pivotal.vscode-spring-boot-1.40.0\language-server\BOOT-INF\lib\commons-c
Launcher Type: SUN_STANDARD

[Global flags]
     intx CICompilerCount                          = 4                                         {product} {ergonomic}
     uint ConcGCThreads                            = 2                                         {product} {ergonomic}
     uint G1ConcRefinementThreads                  = 8                                         {product} {ergonomic}
   size_t G1HeapRegionSize                         = 1048576                                   {product} {ergonomic}
    uintx GCDrainStackTargetSize                   = 64                                        {product} {ergonomic}
   size_t InitialHeapSize                          = 134217728                                 {product} {ergonomic}
   size_t MarkStackSize                            = 4194304                                   {product} {ergonomic}
   size_t MaxHeapSize                              = 2116026368                                {product} {ergonomic}
   size_t MaxNewSize                               = 1268776960                                {product} {ergonomic}
   size_t MinHeapDeltaBytes                        = 1048576                                   {product} {ergonomic}
   size_t MinHeapSize                              = 8388608                                   {product} {ergonomic}
    uintx NonProfiledCodeHeapSize                  = 0                                      {pd product} {ergonomic}
     bool ProfileInterpreter                       = false                                  {pd product} {command line}
    uintx ProfiledCodeHeapSize                     = 0                                      {pd product} {ergonomic}
   size_t SoftMaxHeapSize                          = 2116026368                             {manageable} {ergonomic}
     intx TieredStopAtLevel                        = 1                                         {product} {command line}
     bool UseCompressedClassPointers               = true                           {product lp64_product} {ergonomic}
     bool UseCompressedOops                        = true                           {product lp64_product} {ergonomic}
     bool UseG1GC                                  = true                                      {product} {ergonomic}
     bool UseLargePagesIndividualAllocation        = false                                  {pd product} {ergonomic}

Logging:
Log output configuration:
 #0: stdout all=warning,jni+resolve=off uptime,level,tags
 #1: stderr all=off uptime,level,tags

Environment Variables:
JAVA_HOME=C:\Program Files\Java\jdk-11.0.16.1
PATH=C:\Program Files\Java\jdk-11.0.16.1\bin;C:\Program Files\Maven\apache-maven-3.8.6\bin;C:\Program Files\Common Files\Oracle\Java\javapath;C:\app\S_O_A\product\21c\dbhomeXE\bin;c:\huawei\cti;c:\huawei\csp6;C:\Windows\system32;C:\Windows;C:\Windows\System32\Wbem;C:\Windows\System32\WindowsPowerShell\v1.0\;C:\Windows\System32\OpenSSH\;C:\Program Files\dotnet\;C:\Program Files\Git\cmd;C:\Users\S_O_A\AppData\Local\Microsoft\WindowsApps;C:\Users\S_O_A\AppData\Local\Programs\Microsoft VS Code\bin;C:\Users\S_O_A\AppData\Local\atom\bin;C:\Users\S_O_A\.dotnet\tools
USERNAME=S_O_A
OS=Windows_NT
PROCESSOR_IDENTIFIER=Intel64 Family 6 Model 142 Stepping 10, GenuineIntel
TMP=C:\Users\S_O_A\AppData\Local\Temp
TEMP=C:\Users\S_O_A\AppData\Local\Temp



---------------  S Y S T E M  ---------------

OS:
 Windows 10 , 64 bit Build 19041 (10.0.19041.1889)
OS uptime: 0 days 13:54 hours

CPU: total 8 (initial active 8) (4 cores per cpu, 2 threads per core) family 6 model 142 stepping 10 microcode 0xb4, cx8, cmov, fxsr, ht, mmx, 3dnowpref, sse, sse2, sse3, ssse3, sse4.1, sse4.2, popcnt, lzcnt, tsc, tscinvbit, avx, avx2, aes, erms, clmul, bmi1, bmi2, adx, fma, vzeroupper, clflush, clflushopt

Memory: 4k page, system-wide physical 8066M (1552M free)
TotalPageFile size 10114M (AvailPageFile size 274M)
current process WorkingSet (physical memory assigned to process): 362M, peak: 362M
current process commit charge ("private bytes"): 426M, peak: 829M

vm_info: OpenJDK 64-Bit Server VM (17.0.4.1+1) for windows-amd64 JRE (17.0.4.1+1), built on Aug 17 2022 07:42:43 by "temurin" with MS VC++ 16.7 (VS2019)

END.
